{"name":"1668498774","hostname":"BRILAP3418","pid":3024,"level":20,"msg":"Sync server version: 1.3.8 2022-02-25 10:58:11 -0600 50659ecda06a8b79a41f24c1fdff05187324402b","time":"2022-11-15T07:52:53.568Z","v":0}
{"name":"1668498774","hostname":"BRILAP3418","pid":3024,"level":30,"msg":"Acquiring actors for session 1668498774: ACTOR1","time":"2022-11-15T07:52:53.575Z","v":0}
{"name":"1668498774","hostname":"BRILAP3418","pid":3024,"level":30,"msg":"Session 1668498774 with label \"null\" started at 2022-11-15 07:52:53 UTC","time":"2022-11-15T07:52:53.584Z","v":0}
{"name":"1668498774","hostname":"BRILAP3418","pid":3024,"level":30,"actorType":"ACTOR1","actorId":"58706","time":"2022-11-15T07:52:59.1216535Z","msg":"Actor 58706 of type ACTOR1 was acquired by test session 1668498774","v":0}
{"name":"1668498774","hostname":"BRILAP3418","pid":3024,"level":20,"actorType":"ACTOR1","actorId":"58706","time":"2022-11-15T07:52:59.1494908Z","msg":"DEBUG: Test actor JAR versions:","v":0}
{"name":"1668498774","hostname":"BRILAP3418","pid":3024,"level":20,"actorType":"ACTOR1","actorId":"58706","time":"2022-11-15T07:52:59.1494908Z","msg":"DEBUG:   opentest-appium-0.0.1.jar: 2022-02-25 10:58 -0600 0.0.1-50659ecda06a8b79a41f24c1fdff05187324402b-dirty","v":0}
{"name":"1668498774","hostname":"BRILAP3418","pid":3024,"level":20,"actorType":"ACTOR1","actorId":"58706","time":"2022-11-15T07:52:59.1605829Z","msg":"DEBUG:   opentest-base-0.0.1.jar: 2022-02-25 10:58 -0600 0.0.1-50659ecda06a8b79a41f24c1fdff05187324402b-dirty","v":0}
{"name":"1668498774","hostname":"BRILAP3418","pid":3024,"level":20,"actorType":"ACTOR1","actorId":"58706","time":"2022-11-15T07:52:59.1708045Z","msg":"DEBUG:   opentest-selenium-0.0.1.jar: 2022-02-25 10:58 -0600 0.0.1-50659ecda06a8b79a41f24c1fdff05187324402b-dirty","v":0}
{"name":"1668498774","hostname":"BRILAP3418","pid":3024,"level":40,"actorType":"ACTOR1","actorId":"58706","time":"2022-11-15T07:52:59.1718041Z","msg":"WARN: Failed to log extension JARs","v":0}
{"name":"1668498774","hostname":"BRILAP3418","pid":3024,"level":10,"actorType":"ACTOR1","actorId":"58706","time":"2022-11-15T07:52:59.1782696Z","msg":"TRACE: Firing SESSION_STARTED event...","v":0}
{"name":"1668498774","hostname":"BRILAP3418","pid":3024,"level":30,"actorType":"ACTOR1","actorId":"58706","time":"2022-11-15T07:52:59.2534308Z","msg":"==================== ACTOR1: web/Order a Burger ====================","v":0}
{"name":"1668498774","hostname":"BRILAP3418","pid":3024,"level":30,"actorType":"ACTOR1","actorId":"58706","time":"2022-11-15T07:52:59.2534308Z","msg":"Actor ACTOR1 started executing test web/Order a Burger...","v":0}
{"name":"1668498774","hostname":"BRILAP3418","pid":3024,"level":10,"actorType":"ACTOR1","actorId":"58706","time":"2022-11-15T07:52:59.2567119Z","msg":"TRACE: Firing TEST_STARTED event...","v":0}
{"name":"1668498774","hostname":"BRILAP3418","pid":3024,"level":30,"actorType":"ACTOR1","actorId":"58706","time":"2022-11-15T07:52:59.2993952Z","msg":"Executing segment 1 of test web/Order a Burger...","v":0}
{"name":"1668498774","hostname":"BRILAP3418","pid":3024,"level":30,"actorType":"ACTOR1","actorId":"58706","time":"2022-11-15T07:52:59.300351Z","msg":"Evaluating action 1/6 (OurMenu) in segment 1...","v":0}
{"name":"1668498774","hostname":"BRILAP3418","pid":3024,"level":30,"actorType":"ACTOR1","actorId":"58706","time":"2022-11-15T07:52:59.3173182Z","msg":"Executing macro OurMenu (no arguments were provided)...","v":0}
{"name":"1668498774","hostname":"BRILAP3418","pid":3024,"level":30,"actorType":"ACTOR1","actorId":"58706","time":"2022-11-15T07:52:59.3184076Z","msg":"Evaluating action 1/2 in macro OurMenu (Mcdonalds fast food ordering)...","v":0}
{"name":"1668498774","hostname":"BRILAP3418","pid":3024,"level":10,"actorType":"ACTOR1","actorId":"58706","time":"2022-11-15T07:52:59.3592914Z","msg":"TRACE: Initializing action org.getopentest.selenium.NavigateTo...","v":0}
{"name":"1668498774","hostname":"BRILAP3418","pid":3024,"level":30,"actorType":"ACTOR1","actorId":"58706","time":"2022-11-15T07:52:59.3602887Z","msg":"Using local Selenium server","v":0}
{"name":"1668498774","hostname":"BRILAP3418","pid":3024,"level":10,"actorType":"ACTOR1","actorId":"58706","time":"2022-11-15T07:52:59.3612988Z","msg":"TRACE: Setting system property \"webdriver.chrome.driver\" to \"C:/Selenium/chromedriver.exe\"","v":0}
{"name":"1668498774","hostname":"BRILAP3418","pid":3024,"level":30,"actorType":"ACTOR1","actorId":"58706","time":"2022-11-15T07:53:14.0016438Z","msg":"Executing action org.getopentest.selenium.NavigateTo with arguments {\"url\":\"https://www.mcdonalds.com/us/en-us.html\"}...","v":0}
{"name":"1668498774","hostname":"BRILAP3418","pid":3024,"level":30,"actorType":"ACTOR1","actorId":"58706","time":"2022-11-15T07:53:15.2283214Z","msg":"Evaluating action 2/2 in macro OurMenu (Click on OurMenu drop down)...","v":0}
{"name":"1668498774","hostname":"BRILAP3418","pid":3024,"level":10,"actorType":"ACTOR1","actorId":"58706","time":"2022-11-15T07:53:15.2619975Z","msg":"TRACE: Initializing action org.getopentest.selenium.Click...","v":0}
{"name":"1668498774","hostname":"BRILAP3418","pid":3024,"level":30,"actorType":"ACTOR1","actorId":"58706","time":"2022-11-15T07:53:15.2625418Z","msg":"Executing action org.getopentest.selenium.Click with arguments {\"locator\":{\"xpath\":\"//button[@aria-controls='ourMenuSubItemsList_desktop']\"}}...","v":0}
{"name":"1668498774","hostname":"BRILAP3418","pid":3024,"level":30,"actorType":"ACTOR1","actorId":"58706","time":"2022-11-15T07:53:26.766753Z","msg":"Captured screenshot at C:\\Users\\Mohammed.Ahamed\\BrilMcDPractice\\opentest\\actor1\\out\\screenshots\\SID1668498774_ACTOR1_T01_SG01_ST01_error.png","v":0}
{"name":"1668498774","hostname":"BRILAP3418","pid":3024,"level":50,"actorType":"ACTOR1","actorId":"58706","time":"2022-11-15T07:53:26.7796846Z","msg":"ERROR: java.lang.Exception: Failed executing test web/Order a Burger, segment 1\r\n\tat org.getopentest.base.TestActor.executeTestSegment(TestActor.java:2208)\r\n\tat org.getopentest.base.TestActor.runOneSession(TestActor.java:3077)\r\n\tat org.getopentest.base.TestActor.runOneSession(TestActor.java:3113)\r\n\tat org.getopentest.Main.main(Main.java:20)\r\nCaused by: java.lang.RuntimeException: There was an error while executing action no. 1 (OurMenu) in segment 1 of test web/Order a Burger.\nThe action definition was:\n{\n  \"action\": \"org.getopentest.base.MacroAction\",\n  \"macro\": \"OurMenu\"\n}\r\n\tat org.getopentest.base.TestActor.executeTestSegment(TestActor.java:2142)\r\n\t... 3 more\r\nCaused by: java.lang.RuntimeException: Failed executing action org.getopentest.base.MacroAction (no arguments were provided)\r\n\tat org.getopentest.base.TestActor.executeActionByDef(TestActor.java:1872)\r\n\tat org.getopentest.base.TestActor.executeTestSegment(TestActor.java:2092)\r\n\t... 3 more\r\nCaused by: java.lang.Exception: There was an error executing macro action OurMenu (no arguments were provided)\r\n\tat org.getopentest.base.TestActor.executeMacroActionByName(TestActor.java:2021)\r\n\tat org.getopentest.base.TestActor.executeActionByDef(TestActor.java:1745)\r\n\t... 4 more\r\nCaused by: java.lang.RuntimeException: There was an error while executing action no. 2 (org.getopentest.selenium.Click) in macro OurMenu.\nThe action definition was:\n{\n  \"action\": \"org.getopentest.selenium.Click\",\n  \"args\": {\n    \"locator\": {\n      \"xpath\": \"//button[@aria-controls='ourMenuSubItemsList_desktop']\"\n    }\n  },\n  \"description\": \"Click on OurMenu drop down\"\n}\r\n\tat org.getopentest.base.TestActor.executeMacroActionByDef(TestActor.java:1973)\r\n\tat org.getopentest.base.TestActor.executeMacroActionByName(TestActor.java:2013)\r\n\t... 5 more\r\nCaused by: java.lang.RuntimeException: Failed executing action org.getopentest.selenium.Click with arguments {\"locator\":{\"xpath\":\"//button[@aria-controls='ourMenuSubItemsList_desktop']\"}}\r\n\tat org.getopentest.base.TestActor.executeActionByDef(TestActor.java:1872)\r\n\tat org.getopentest.base.TestActor.executeMacroActionByDef(TestActor.java:1938)\r\n\t... 6 more\r\nCaused by: java.lang.RuntimeException: java.lang.RuntimeException: Failed clicking on element By.xpath: //button[@aria-controls='ourMenuSubItemsList_desktop']\r\n\tat org.getopentest.base.TestActor.executeActionByClassName(TestActor.java:1670)\r\n\tat org.getopentest.base.TestActor.executeActionByDef(TestActor.java:1749)\r\n\t... 7 more\r\nCaused by: java.lang.RuntimeException: Failed clicking on element By.xpath: //button[@aria-controls='ourMenuSubItemsList_desktop']\r\n\tat org.getopentest.selenium.Click.run(Click.java:34)\r\n\tat org.getopentest.base.TestActor.executeAction(TestActor.java:1571)\r\n\tat org.getopentest.base.TestActor.executeActionByClassName(TestActor.java:1647)\r\n\t... 8 more\r\nCaused by: org.openqa.selenium.TimeoutException: Expected condition failed: waiting for presence of element located by: By.xpath: //button[@aria-controls='ourMenuSubItemsList_desktop'] (tried for 10 second(s) with 500 milliseconds interval)\r\n\tat org.openqa.selenium.support.ui.WebDriverWait.timeoutException(WebDriverWait.java:95)\r\n\tat org.openqa.selenium.support.ui.FluentWait.until(FluentWait.java:272)\r\n\tat org.getopentest.selenium.core.SeleniumTestAction.getElement(SeleniumTestAction.java:58)\r\n\tat org.getopentest.selenium.core.SeleniumTestAction.getElement(SeleniumTestAction.java:50)\r\n\tat org.getopentest.selenium.Click.run(Click.java:29)\r\n\t... 10 more\r\nCaused by: org.openqa.selenium.NoSuchElementException: no such element: Unable to locate element: {\"method\":\"xpath\",\"selector\":\"//button[@aria-controls='ourMenuSubItemsList_desktop']\"}\n  (Session info: chrome=107.0.5304.107)\nFor documentation on this error, please visit: https://www.seleniumhq.org/exceptions/no_such_element.html\nBuild info: version: '3.141.59', revision: 'e82be7d358', time: '2018-11-14T08:17:03'\nSystem info: host: 'BRILAP3418', ip: '192.168.1.100', os.name: 'Windows 11', os.arch: 'amd64', os.version: '10.0', java.version: '11.0.16.1'\nDriver info: org.openqa.selenium.chrome.ChromeDriver\nCapabilities {acceptInsecureCerts: false, browserName: chrome, browserVersion: 107.0.5304.107, chrome: {chromedriverVersion: 107.0.5304.62 (1eec40d3a576..., userDataDir: C:\\Users\\MOHAMM~1.AHA\\AppDa...}, goog:chromeOptions: {debuggerAddress: localhost:59277}, javascriptEnabled: true, networkConnectionEnabled: false, pageLoadStrategy: normal, platform: WINDOWS, platformName: WINDOWS, proxy: Proxy(), setWindowRect: true, strictFileInteractability: false, timeouts: {implicit: 0, pageLoad: 300000, script: 30000}, unhandledPromptBehavior: dismiss and notify, webauthn:extension:credBlob: true, webauthn:extension:largeBlob: true, webauthn:virtualAuthenticators: true}\nSession ID: 0e170266386393cb67e57d4fc30ae332\n*** Element info: {Using=xpath, value=//button[@aria-controls='ourMenuSubItemsList_desktop']}\r\n\tat jdk.internal.reflect.GeneratedConstructorAccessor12.newInstance(Unknown Source)\r\n\tat java.base/jdk.internal.reflect.DelegatingConstructorAccessorImpl.newInstance(DelegatingConstructorAccessorImpl.java:45)\r\n\tat java.base/java.lang.reflect.Constructor.newInstance(Constructor.java:490)\r\n\tat org.openqa.selenium.remote.http.W3CHttpResponseCodec.createException(W3CHttpResponseCodec.java:187)\r\n\tat org.openqa.selenium.remote.http.W3CHttpResponseCodec.decode(W3CHttpResponseCodec.java:122)\r\n\tat org.openqa.selenium.remote.http.W3CHttpResponseCodec.decode(W3CHttpResponseCodec.java:49)\r\n\tat org.openqa.selenium.remote.HttpCommandExecutor.execute(HttpCommandExecutor.java:158)\r\n\tat org.openqa.selenium.remote.service.DriverCommandExecutor.execute(DriverCommandExecutor.java:83)\r\n\tat org.openqa.selenium.remote.RemoteWebDriver.execute(RemoteWebDriver.java:552)\r\n\tat org.openqa.selenium.remote.RemoteWebDriver.findElement(RemoteWebDriver.java:323)\r\n\tat org.openqa.selenium.remote.RemoteWebDriver.findElementByXPath(RemoteWebDriver.java:428)\r\n\tat org.openqa.selenium.By$ByXPath.findElement(By.java:353)\r\n\tat org.openqa.selenium.remote.RemoteWebDriver.findElement(RemoteWebDriver.java:315)\r\n\tat org.openqa.selenium.support.ui.ExpectedConditions$6.apply(ExpectedConditions.java:182)\r\n\tat org.openqa.selenium.support.ui.ExpectedConditions$6.apply(ExpectedConditions.java:179)\r\n\tat org.openqa.selenium.support.ui.FluentWait.until(FluentWait.java:249)\r\n\t... 13 more\r\n","v":0}
{"name":"1668498774","hostname":"BRILAP3418","pid":3024,"level":30,"actorType":"ACTOR1","actorId":"58706","time":"2022-11-15T07:53:27.2945433Z","msg":"Test session has completed","v":0}
{"name":"1668498774","hostname":"BRILAP3418","pid":3024,"level":10,"actorType":"ACTOR1","actorId":"58706","time":"2022-11-15T07:53:27.2955979Z","msg":"TRACE: Firing TEST_COMPLETED event...","v":0}
{"name":"1668498774","hostname":"BRILAP3418","pid":3024,"level":10,"actorType":"ACTOR1","actorId":"58706","time":"2022-11-15T07:53:28.4155429Z","msg":"TRACE: Firing SESSION_COMPLETED event...","v":0}
{"name":"1668498774","hostname":"BRILAP3418","pid":3024,"level":30,"actorType":"ACTOR1","actorId":"58706","time":"2022-11-15T07:53:28.4165797Z","msg":"Actor 58706 of type ACTOR1 with no tags is waiting to be acquired by a test session...","v":0}
{"name":"1668498774","hostname":"BRILAP3418","pid":3024,"level":10,"actorType":"ACTOR1","actorId":"58706","time":"2022-11-15T07:53:48.3231716Z","msg":"TRACE: Initializing test session information in the \"announce\" method...","v":0}
{"name":"1668498774","hostname":"BRILAP3418","pid":3024,"level":10,"actorType":"ACTOR1","actorId":"58706","time":"2022-11-15T07:53:48.3231716Z","msg":"TRACE: Session ID in sync server response was 1668498827; actor session ID was null","v":0}
