{"name":"1668420242","hostname":"BRILAP4933","pid":13784,"level":20,"msg":"Sync server version: 1.3.8 2022-02-25 10:58:11 -0600 50659ecda06a8b79a41f24c1fdff05187324402b","time":"2022-11-14T10:04:01.648Z","v":0}
{"name":"1668420242","hostname":"BRILAP4933","pid":13784,"level":30,"msg":"Acquiring actors for session 1668420242: WEB","time":"2022-11-14T10:04:01.653Z","v":0}
{"name":"1668420242","hostname":"BRILAP4933","pid":13784,"level":30,"msg":"Session 1668420242 with label \"Test1 9\" started at 2022-11-14 10:04:01 UTC","time":"2022-11-14T10:04:01.658Z","v":0}
{"name":"1668420242","hostname":"BRILAP4933","pid":13784,"level":30,"actorType":"WEB","actorId":"29086","time":"2022-11-14T10:04:02.9891316Z","msg":"Actor 29086 of type WEB was acquired by test session 1668420242","v":0}
{"name":"1668420242","hostname":"BRILAP4933","pid":13784,"level":20,"actorType":"WEB","actorId":"29086","time":"2022-11-14T10:04:02.9975693Z","msg":"DEBUG: Test actor JAR versions:","v":0}
{"name":"1668420242","hostname":"BRILAP4933","pid":13784,"level":20,"actorType":"WEB","actorId":"29086","time":"2022-11-14T10:04:02.9985701Z","msg":"DEBUG:   opentest-appium-0.0.1.jar: 2022-02-25 10:58 -0600 0.0.1-50659ecda06a8b79a41f24c1fdff05187324402b-dirty","v":0}
{"name":"1668420242","hostname":"BRILAP4933","pid":13784,"level":20,"actorType":"WEB","actorId":"29086","time":"2022-11-14T10:04:02.9985701Z","msg":"DEBUG:   opentest-base-0.0.1.jar: 2022-02-25 10:58 -0600 0.0.1-50659ecda06a8b79a41f24c1fdff05187324402b-dirty","v":0}
{"name":"1668420242","hostname":"BRILAP4933","pid":13784,"level":20,"actorType":"WEB","actorId":"29086","time":"2022-11-14T10:04:02.9995844Z","msg":"DEBUG:   opentest-selenium-0.0.1.jar: 2022-02-25 10:58 -0600 0.0.1-50659ecda06a8b79a41f24c1fdff05187324402b-dirty","v":0}
{"name":"1668420242","hostname":"BRILAP4933","pid":13784,"level":40,"actorType":"WEB","actorId":"29086","time":"2022-11-14T10:04:03.0003195Z","msg":"WARN: Failed to log extension JARs","v":0}
{"name":"1668420242","hostname":"BRILAP4933","pid":13784,"level":10,"actorType":"WEB","actorId":"29086","time":"2022-11-14T10:04:03.0003195Z","msg":"TRACE: Firing SESSION_STARTED event...","v":0}
{"name":"1668420242","hostname":"BRILAP4933","pid":13784,"level":30,"actorType":"WEB","actorId":"29086","time":"2022-11-14T10:04:03.0427719Z","msg":"==================== WEB: web/Verify Headers ====================","v":0}
{"name":"1668420242","hostname":"BRILAP4933","pid":13784,"level":30,"actorType":"WEB","actorId":"29086","time":"2022-11-14T10:04:03.0437875Z","msg":"Actor WEB started executing test web/Verify Headers...","v":0}
{"name":"1668420242","hostname":"BRILAP4933","pid":13784,"level":10,"actorType":"WEB","actorId":"29086","time":"2022-11-14T10:04:03.0447726Z","msg":"TRACE: Firing TEST_STARTED event...","v":0}
{"name":"1668420242","hostname":"BRILAP4933","pid":13784,"level":30,"actorType":"WEB","actorId":"29086","time":"2022-11-14T10:04:03.0780059Z","msg":"Executing segment 1 of test web/Verify Headers...","v":0}
{"name":"1668420242","hostname":"BRILAP4933","pid":13784,"level":30,"actorType":"WEB","actorId":"29086","time":"2022-11-14T10:04:03.0790059Z","msg":"Evaluating action 1/2 (org.getopentest.selenium.NavigateTo) in segment 1 (Navigate to the GitHub homepage)...","v":0}
{"name":"1668420242","hostname":"BRILAP4933","pid":13784,"level":10,"actorType":"WEB","actorId":"29086","time":"2022-11-14T10:04:03.0987321Z","msg":"TRACE: Initializing action org.getopentest.selenium.NavigateTo...","v":0}
{"name":"1668420242","hostname":"BRILAP4933","pid":13784,"level":30,"actorType":"WEB","actorId":"29086","time":"2022-11-14T10:04:03.0999172Z","msg":"Using local Selenium server","v":0}
{"name":"1668420242","hostname":"BRILAP4933","pid":13784,"level":10,"actorType":"WEB","actorId":"29086","time":"2022-11-14T10:04:03.1009296Z","msg":"TRACE: Setting system property \"webdriver.chrome.driver\" to \"C:/Selenium/chromedriver.exe\"","v":0}
{"name":"1668420242","hostname":"BRILAP4933","pid":13784,"level":30,"actorType":"WEB","actorId":"29086","time":"2022-11-14T10:04:05.4250774Z","msg":"Executing action org.getopentest.selenium.NavigateTo with arguments {\"url\":\"https://www.mcdonalds.com/us/en-us.html\"}...","v":0}
{"name":"1668420242","hostname":"BRILAP4933","pid":13784,"level":30,"actorType":"WEB","actorId":"29086","time":"2022-11-14T10:04:10.8701804Z","msg":"Evaluating action 2/2 (HeaderCheck) in segment 1...","v":0}
{"name":"1668420242","hostname":"BRILAP4933","pid":13784,"level":30,"actorType":"WEB","actorId":"29086","time":"2022-11-14T10:04:10.8821998Z","msg":"Executing macro HeaderCheck (no arguments were provided)...","v":0}
{"name":"1668420242","hostname":"BRILAP4933","pid":13784,"level":30,"actorType":"WEB","actorId":"29086","time":"2022-11-14T10:04:10.8832018Z","msg":"Evaluating action 1/12 in macro HeaderCheck (Click the Doanload App link in the header)...","v":0}
{"name":"1668420242","hostname":"BRILAP4933","pid":13784,"level":10,"actorType":"WEB","actorId":"29086","time":"2022-11-14T10:04:10.9018751Z","msg":"TRACE: Initializing action org.getopentest.selenium.Click...","v":0}
{"name":"1668420242","hostname":"BRILAP4933","pid":13784,"level":30,"actorType":"WEB","actorId":"29086","time":"2022-11-14T10:04:10.9038842Z","msg":"Executing action org.getopentest.selenium.Click with arguments {\"locator\":{\"xpath\":\"//div[@class='cmp-global-header__desktop-nav']//a[contains(text(),'Download App')]\"}}...","v":0}
{"name":"1668420242","hostname":"BRILAP4933","pid":13784,"level":30,"actorType":"WEB","actorId":"29086","time":"2022-11-14T10:04:12.4735318Z","msg":"Evaluating action 2/12 in macro HeaderCheck (Verify that page title is present on the page)...","v":0}
{"name":"1668420242","hostname":"BRILAP4933","pid":13784,"level":10,"actorType":"WEB","actorId":"29086","time":"2022-11-14T10:04:12.4798443Z","msg":"TRACE: Initializing action org.getopentest.selenium.AssertElementPresent...","v":0}
{"name":"1668420242","hostname":"BRILAP4933","pid":13784,"level":30,"actorType":"WEB","actorId":"29086","time":"2022-11-14T10:04:12.4818603Z","msg":"Executing action org.getopentest.selenium.AssertElementPresent with arguments {\"locator\":{\"xpath\":\"//div[@class='cmp-title']/h1[contains(text(),'McDonald')]\"}}...","v":0}
{"name":"1668420242","hostname":"BRILAP4933","pid":13784,"level":30,"actorType":"WEB","actorId":"29086","time":"2022-11-14T10:04:12.5661354Z","msg":"Evaluating action 3/12 in macro HeaderCheck (Verify the \"product\" is MacBook)...","v":0}
{"name":"1668420242","hostname":"BRILAP4933","pid":13784,"level":10,"actorType":"WEB","actorId":"29086","time":"2022-11-14T10:04:12.5736819Z","msg":"TRACE: Initializing action org.getopentest.selenium.AssertElementText...","v":0}
{"name":"1668420242","hostname":"BRILAP4933","pid":13784,"level":30,"actorType":"WEB","actorId":"29086","time":"2022-11-14T10:04:12.5756597Z","msg":"Executing action org.getopentest.selenium.AssertElementText with arguments {\"caseInsensitive\":true,\"textContains\":null,\"locator\":{\"xpath\":\"//div[@class='cmp-title']/h1[contains(text(),'McDonald')]\"}}...","v":0}
{"name":"1668420242","hostname":"BRILAP4933","pid":13784,"level":30,"actorType":"WEB","actorId":"29086","time":"2022-11-14T10:04:13.8496116Z","msg":"Captured screenshot at C:\\Users\\Deepesh.Raghuvanshi\\IdeaProjects\\BrilMcDPractice_deepesh\\opentest\\actor1\\out\\screenshots\\SID1668420242_WEB_T01_SG01_ST02_error.png","v":0}
{"name":"1668420242","hostname":"BRILAP4933","pid":13784,"level":50,"actorType":"WEB","actorId":"29086","time":"2022-11-14T10:04:13.863822Z","msg":"ERROR: java.lang.Exception: Failed executing test web/Verify Headers, segment 1\r\n\tat org.getopentest.base.TestActor.executeTestSegment(TestActor.java:2208)\r\n\tat org.getopentest.base.TestActor.runOneSession(TestActor.java:3077)\r\n\tat org.getopentest.base.TestActor.runOneSession(TestActor.java:3113)\r\n\tat org.getopentest.Main.main(Main.java:20)\r\nCaused by: java.lang.RuntimeException: There was an error while executing action no. 2 (HeaderCheck) in segment 1 of test web/Verify Headers.\nThe action definition was:\n{\n  \"action\": \"org.getopentest.base.MacroAction\",\n  \"macro\": \"HeaderCheck\"\n}\r\n\tat org.getopentest.base.TestActor.executeTestSegment(TestActor.java:2142)\r\n\t... 3 more\r\nCaused by: java.lang.RuntimeException: Failed executing action org.getopentest.base.MacroAction (no arguments were provided)\r\n\tat org.getopentest.base.TestActor.executeActionByDef(TestActor.java:1872)\r\n\tat org.getopentest.base.TestActor.executeTestSegment(TestActor.java:2092)\r\n\t... 3 more\r\nCaused by: java.lang.Exception: There was an error executing macro action HeaderCheck (no arguments were provided)\r\n\tat org.getopentest.base.TestActor.executeMacroActionByName(TestActor.java:2021)\r\n\tat org.getopentest.base.TestActor.executeActionByDef(TestActor.java:1745)\r\n\t... 4 more\r\nCaused by: java.lang.RuntimeException: There was an error while executing action no. 3 (org.getopentest.selenium.AssertElementText) in macro HeaderCheck.\nThe action definition was:\n{\n  \"action\": \"org.getopentest.selenium.AssertElementText\",\n  \"args\": {\n    \"locator\": {\n      \"xpath\": \"//div[@class='cmp-title']/h1[contains(text(),'McDonald')]\"\n    },\n    \"caseInsensitive\": true\n  },\n  \"description\": \"Verify the \\\"product\\\" is MacBook\"\n}\r\n\tat org.getopentest.base.TestActor.executeMacroActionByDef(TestActor.java:1973)\r\n\tat org.getopentest.base.TestActor.executeMacroActionByName(TestActor.java:2013)\r\n\t... 5 more\r\nCaused by: java.lang.RuntimeException: Failed executing action org.getopentest.selenium.AssertElementText with arguments {\"caseInsensitive\":true,\"textContains\":null,\"locator\":{\"xpath\":\"//div[@class='cmp-title']/h1[contains(text(),'McDonald')]\"}}\r\n\tat org.getopentest.base.TestActor.executeActionByDef(TestActor.java:1872)\r\n\tat org.getopentest.base.TestActor.executeMacroActionByDef(TestActor.java:1938)\r\n\t... 6 more\r\nCaused by: java.lang.RuntimeException: java.lang.RuntimeException: You must provide at least one of the following arguments: text, textContains, textMatches.\r\n\tat org.getopentest.base.TestActor.executeActionByClassName(TestActor.java:1670)\r\n\tat org.getopentest.base.TestActor.executeActionByDef(TestActor.java:1749)\r\n\t... 7 more\r\nCaused by: java.lang.RuntimeException: You must provide at least one of the following arguments: text, textContains, textMatches.\r\n\tat org.getopentest.selenium.AssertElementText.run(AssertElementText.java:36)\r\n\tat org.getopentest.base.TestActor.executeAction(TestActor.java:1571)\r\n\tat org.getopentest.base.TestActor.executeActionByClassName(TestActor.java:1647)\r\n\t... 8 more\r\n","v":0}
{"name":"1668420242","hostname":"BRILAP4933","pid":13784,"level":30,"actorType":"WEB","actorId":"29086","time":"2022-11-14T10:04:14.3867973Z","msg":"Test session has completed","v":0}
{"name":"1668420242","hostname":"BRILAP4933","pid":13784,"level":10,"actorType":"WEB","actorId":"29086","time":"2022-11-14T10:04:14.3878085Z","msg":"TRACE: Firing TEST_COMPLETED event...","v":0}
{"name":"1668420242","hostname":"BRILAP4933","pid":13784,"level":10,"actorType":"WEB","actorId":"29086","time":"2022-11-14T10:04:15.5428297Z","msg":"TRACE: Firing SESSION_COMPLETED event...","v":0}
{"name":"1668420242","hostname":"BRILAP4933","pid":13784,"level":30,"actorType":"WEB","actorId":"29086","time":"2022-11-14T10:04:15.5428297Z","msg":"Actor 29086 of type WEB with no tags is waiting to be acquired by a test session...","v":0}
{"name":"1668420242","hostname":"BRILAP4933","pid":13784,"level":10,"actorType":"WEB","actorId":"29086","time":"2022-11-14T10:05:53.1366255Z","msg":"TRACE: Initializing test session information in the \"announce\" method...","v":0}
{"name":"1668420242","hostname":"BRILAP4933","pid":13784,"level":10,"actorType":"WEB","actorId":"29086","time":"2022-11-14T10:05:53.1366255Z","msg":"TRACE: Session ID in sync server response was 1668420349; actor session ID was null","v":0}
