{"name":"1668419517","hostname":"BRILAP4933","pid":13784,"level":20,"msg":"Sync server version: 1.3.8 2022-02-25 10:58:11 -0600 50659ecda06a8b79a41f24c1fdff05187324402b","time":"2022-11-14T09:51:57.065Z","v":0}
{"name":"1668419517","hostname":"BRILAP4933","pid":13784,"level":30,"msg":"Acquiring actors for session 1668419517: WEB","time":"2022-11-14T09:51:57.069Z","v":0}
{"name":"1668419517","hostname":"BRILAP4933","pid":13784,"level":30,"msg":"Session 1668419517 with label \"Test1 6\" started at 2022-11-14 09:51:57 UTC","time":"2022-11-14T09:51:57.077Z","v":0}
{"name":"1668419517","hostname":"BRILAP4933","pid":13784,"level":30,"actorType":"WEB","actorId":"29086","time":"2022-11-14T09:52:01.1527073Z","msg":"Actor 29086 of type WEB was acquired by test session 1668419517","v":0}
{"name":"1668419517","hostname":"BRILAP4933","pid":13784,"level":20,"actorType":"WEB","actorId":"29086","time":"2022-11-14T09:52:01.1681338Z","msg":"DEBUG: Test actor JAR versions:","v":0}
{"name":"1668419517","hostname":"BRILAP4933","pid":13784,"level":20,"actorType":"WEB","actorId":"29086","time":"2022-11-14T09:52:01.169144Z","msg":"DEBUG:   opentest-appium-0.0.1.jar: 2022-02-25 10:58 -0600 0.0.1-50659ecda06a8b79a41f24c1fdff05187324402b-dirty","v":0}
{"name":"1668419517","hostname":"BRILAP4933","pid":13784,"level":20,"actorType":"WEB","actorId":"29086","time":"2022-11-14T09:52:01.169144Z","msg":"DEBUG:   opentest-base-0.0.1.jar: 2022-02-25 10:58 -0600 0.0.1-50659ecda06a8b79a41f24c1fdff05187324402b-dirty","v":0}
{"name":"1668419517","hostname":"BRILAP4933","pid":13784,"level":20,"actorType":"WEB","actorId":"29086","time":"2022-11-14T09:52:01.1717134Z","msg":"DEBUG:   opentest-selenium-0.0.1.jar: 2022-02-25 10:58 -0600 0.0.1-50659ecda06a8b79a41f24c1fdff05187324402b-dirty","v":0}
{"name":"1668419517","hostname":"BRILAP4933","pid":13784,"level":40,"actorType":"WEB","actorId":"29086","time":"2022-11-14T09:52:01.1741584Z","msg":"WARN: Failed to log extension JARs","v":0}
{"name":"1668419517","hostname":"BRILAP4933","pid":13784,"level":10,"actorType":"WEB","actorId":"29086","time":"2022-11-14T09:52:01.1751568Z","msg":"TRACE: Firing SESSION_STARTED event...","v":0}
{"name":"1668419517","hostname":"BRILAP4933","pid":13784,"level":30,"actorType":"WEB","actorId":"29086","time":"2022-11-14T09:52:01.2160203Z","msg":"==================== WEB: web/Verify Headers ====================","v":0}
{"name":"1668419517","hostname":"BRILAP4933","pid":13784,"level":30,"actorType":"WEB","actorId":"29086","time":"2022-11-14T09:52:01.2170207Z","msg":"Actor WEB started executing test web/Verify Headers...","v":0}
{"name":"1668419517","hostname":"BRILAP4933","pid":13784,"level":10,"actorType":"WEB","actorId":"29086","time":"2022-11-14T09:52:01.2180235Z","msg":"TRACE: Firing TEST_STARTED event...","v":0}
{"name":"1668419517","hostname":"BRILAP4933","pid":13784,"level":30,"actorType":"WEB","actorId":"29086","time":"2022-11-14T09:52:01.2553119Z","msg":"Executing segment 1 of test web/Verify Headers...","v":0}
{"name":"1668419517","hostname":"BRILAP4933","pid":13784,"level":30,"actorType":"WEB","actorId":"29086","time":"2022-11-14T09:52:01.2563119Z","msg":"Evaluating action 1/2 (org.getopentest.selenium.NavigateTo) in segment 1 (Navigate to the GitHub homepage)...","v":0}
{"name":"1668419517","hostname":"BRILAP4933","pid":13784,"level":10,"actorType":"WEB","actorId":"29086","time":"2022-11-14T09:52:01.2722278Z","msg":"TRACE: Initializing action org.getopentest.selenium.NavigateTo...","v":0}
{"name":"1668419517","hostname":"BRILAP4933","pid":13784,"level":30,"actorType":"WEB","actorId":"29086","time":"2022-11-14T09:52:01.2722278Z","msg":"Using local Selenium server","v":0}
{"name":"1668419517","hostname":"BRILAP4933","pid":13784,"level":10,"actorType":"WEB","actorId":"29086","time":"2022-11-14T09:52:01.2732253Z","msg":"TRACE: Setting system property \"webdriver.chrome.driver\" to \"C:/Selenium/chromedriver.exe\"","v":0}
{"name":"1668419517","hostname":"BRILAP4933","pid":13784,"level":30,"actorType":"WEB","actorId":"29086","time":"2022-11-14T09:52:03.3249006Z","msg":"Executing action org.getopentest.selenium.NavigateTo with arguments {\"url\":\"https://www.mcdonalds.com/us/en-us.html\"}...","v":0}
{"name":"1668419517","hostname":"BRILAP4933","pid":13784,"level":30,"actorType":"WEB","actorId":"29086","time":"2022-11-14T09:52:08.5917473Z","msg":"Evaluating action 2/2 (HeaderCheck) in segment 1...","v":0}
{"name":"1668419517","hostname":"BRILAP4933","pid":13784,"level":30,"actorType":"WEB","actorId":"29086","time":"2022-11-14T09:52:08.5993822Z","msg":"Executing macro HeaderCheck (no arguments were provided)...","v":0}
{"name":"1668419517","hostname":"BRILAP4933","pid":13784,"level":30,"actorType":"WEB","actorId":"29086","time":"2022-11-14T09:52:08.6009938Z","msg":"Evaluating action 1/3 in macro HeaderCheck (Click the Doanload App link in the header)...","v":0}
{"name":"1668419517","hostname":"BRILAP4933","pid":13784,"level":10,"actorType":"WEB","actorId":"29086","time":"2022-11-14T09:52:08.6148136Z","msg":"TRACE: Initializing action org.getopentest.selenium.Click...","v":0}
{"name":"1668419517","hostname":"BRILAP4933","pid":13784,"level":30,"actorType":"WEB","actorId":"29086","time":"2022-11-14T09:52:08.6158132Z","msg":"Executing action org.getopentest.selenium.Click with arguments {\"locator\":{\"xpath\":\"//div[@class='cmp-global-header__desktop-nav']//a[contains(text(),'Download App')]\"}}...","v":0}
{"name":"1668419517","hostname":"BRILAP4933","pid":13784,"level":30,"actorType":"WEB","actorId":"29086","time":"2022-11-14T09:52:10.8962251Z","msg":"Evaluating action 2/3 in macro HeaderCheck (Verify that page title is present on the page)...","v":0}
{"name":"1668419517","hostname":"BRILAP4933","pid":13784,"level":10,"actorType":"WEB","actorId":"29086","time":"2022-11-14T09:52:10.9012546Z","msg":"TRACE: Initializing action org.getopentest.selenium.AssertElementPresent...","v":0}
{"name":"1668419517","hostname":"BRILAP4933","pid":13784,"level":30,"actorType":"WEB","actorId":"29086","time":"2022-11-14T09:52:10.9032722Z","msg":"Executing action org.getopentest.selenium.AssertElementPresent with arguments {\"locator\":{\"xpath\":\"//div[@class='cmp-title']/h1[contains(text(),'McDonald')]\"}}...","v":0}
{"name":"1668419517","hostname":"BRILAP4933","pid":13784,"level":30,"actorType":"WEB","actorId":"29086","time":"2022-11-14T09:52:10.937967Z","msg":"Evaluating action 3/3 in macro HeaderCheck (Verify the \"product\" is MacBook)...","v":0}
{"name":"1668419517","hostname":"BRILAP4933","pid":13784,"level":10,"actorType":"WEB","actorId":"29086","time":"2022-11-14T09:52:10.9389656Z","msg":"TRACE: Initializing action org.getopentest.selenium.AssertElementText...","v":0}
{"name":"1668419517","hostname":"BRILAP4933","pid":13784,"level":30,"actorType":"WEB","actorId":"29086","time":"2022-11-14T09:52:10.9400496Z","msg":"Executing action org.getopentest.selenium.AssertElementText with arguments {\"caseInsensitive\":true,\"textContains\":\"Deepesh\",\"locator\":{\"xpath\":\"//div[@class='cmp-title']/h1[contains(text(),'McDonald')]\"}}...","v":0}
{"name":"1668419517","hostname":"BRILAP4933","pid":13784,"level":30,"actorType":"WEB","actorId":"29086","time":"2022-11-14T09:52:22.5308498Z","msg":"Captured screenshot at C:\\Users\\Deepesh.Raghuvanshi\\IdeaProjects\\BrilMcDPractice_deepesh\\opentest\\actor1\\out\\screenshots\\SID1668419517_WEB_T01_SG01_ST02_error.png","v":0}
{"name":"1668419517","hostname":"BRILAP4933","pid":13784,"level":50,"actorType":"WEB","actorId":"29086","time":"2022-11-14T09:52:22.5423783Z","msg":"ERROR: java.lang.Exception: Failed executing test web/Verify Headers, segment 1\r\n\tat org.getopentest.base.TestActor.executeTestSegment(TestActor.java:2208)\r\n\tat org.getopentest.base.TestActor.runOneSession(TestActor.java:3077)\r\n\tat org.getopentest.base.TestActor.runOneSession(TestActor.java:3113)\r\n\tat org.getopentest.Main.main(Main.java:20)\r\nCaused by: java.lang.RuntimeException: There was an error while executing action no. 2 (HeaderCheck) in segment 1 of test web/Verify Headers.\nThe action definition was:\n{\n  \"action\": \"org.getopentest.base.MacroAction\",\n  \"macro\": \"HeaderCheck\"\n}\r\n\tat org.getopentest.base.TestActor.executeTestSegment(TestActor.java:2142)\r\n\t... 3 more\r\nCaused by: java.lang.RuntimeException: Failed executing action org.getopentest.base.MacroAction (no arguments were provided)\r\n\tat org.getopentest.base.TestActor.executeActionByDef(TestActor.java:1872)\r\n\tat org.getopentest.base.TestActor.executeTestSegment(TestActor.java:2092)\r\n\t... 3 more\r\nCaused by: java.lang.Exception: There was an error executing macro action HeaderCheck (no arguments were provided)\r\n\tat org.getopentest.base.TestActor.executeMacroActionByName(TestActor.java:2021)\r\n\tat org.getopentest.base.TestActor.executeActionByDef(TestActor.java:1745)\r\n\t... 4 more\r\nCaused by: java.lang.RuntimeException: There was an error while executing action no. 3 (org.getopentest.selenium.AssertElementText) in macro HeaderCheck.\nThe action definition was:\n{\n  \"action\": \"org.getopentest.selenium.AssertElementText\",\n  \"args\": {\n    \"locator\": {\n      \"xpath\": \"//div[@class='cmp-title']/h1[contains(text(),'McDonald')]\"\n    },\n    \"textContains\": \"Deepesh\",\n    \"caseInsensitive\": true\n  },\n  \"description\": \"Verify the \\\"product\\\" is MacBook\"\n}\r\n\tat org.getopentest.base.TestActor.executeMacroActionByDef(TestActor.java:1973)\r\n\tat org.getopentest.base.TestActor.executeMacroActionByName(TestActor.java:2013)\r\n\t... 5 more\r\nCaused by: java.lang.RuntimeException: Failed executing action org.getopentest.selenium.AssertElementText with arguments {\"caseInsensitive\":true,\"textContains\":\"Deepesh\",\"locator\":{\"xpath\":\"//div[@class='cmp-title']/h1[contains(text(),'McDonald')]\"}}\r\n\tat org.getopentest.base.TestActor.executeActionByDef(TestActor.java:1872)\r\n\tat org.getopentest.base.TestActor.executeMacroActionByDef(TestActor.java:1938)\r\n\t... 6 more\r\nCaused by: java.lang.RuntimeException: org.openqa.selenium.TimeoutException: Expected condition failed: waiting for element text to contain: Deepesh (tried for 10 second(s) with 500 milliseconds interval)\nBuild info: version: '3.141.59', revision: 'e82be7d358', time: '2018-11-14T08:17:03'\nSystem info: host: 'BRILAP4933', ip: '172.20.10.4', os.name: 'Windows 11', os.arch: 'amd64', os.version: '10.0', java.version: '11.0.17'\nDriver info: org.openqa.selenium.chrome.ChromeDriver\nCapabilities {acceptInsecureCerts: false, browserName: chrome, browserVersion: 107.0.5304.107, chrome: {chromedriverVersion: 106.0.5249.61 (511755355844..., userDataDir: C:\\Users\\DEEPES~1.RAG\\AppDa...}, goog:chromeOptions: {debuggerAddress: localhost:54171}, javascriptEnabled: true, networkConnectionEnabled: false, pageLoadStrategy: normal, platform: WINDOWS, platformName: WINDOWS, proxy: Proxy(), setWindowRect: true, strictFileInteractability: false, timeouts: {implicit: 0, pageLoad: 300000, script: 30000}, unhandledPromptBehavior: dismiss and notify, webauthn:extension:credBlob: true, webauthn:extension:largeBlob: true, webauthn:virtualAuthenticators: true}\nSession ID: 4d479acced2f62098ec167061003d943\r\n\tat org.getopentest.base.TestActor.executeActionByClassName(TestActor.java:1670)\r\n\tat org.getopentest.base.TestActor.executeActionByDef(TestActor.java:1749)\r\n\t... 7 more\r\nCaused by: org.openqa.selenium.TimeoutException: Expected condition failed: waiting for element text to contain: Deepesh (tried for 10 second(s) with 500 milliseconds interval)\nBuild info: version: '3.141.59', revision: 'e82be7d358', time: '2018-11-14T08:17:03'\nSystem info: host: 'BRILAP4933', ip: '172.20.10.4', os.name: 'Windows 11', os.arch: 'amd64', os.version: '10.0', java.version: '11.0.17'\nDriver info: org.openqa.selenium.chrome.ChromeDriver\nCapabilities {acceptInsecureCerts: false, browserName: chrome, browserVersion: 107.0.5304.107, chrome: {chromedriverVersion: 106.0.5249.61 (511755355844..., userDataDir: C:\\Users\\DEEPES~1.RAG\\AppDa...}, goog:chromeOptions: {debuggerAddress: localhost:54171}, javascriptEnabled: true, networkConnectionEnabled: false, pageLoadStrategy: normal, platform: WINDOWS, platformName: WINDOWS, proxy: Proxy(), setWindowRect: true, strictFileInteractability: false, timeouts: {implicit: 0, pageLoad: 300000, script: 30000}, unhandledPromptBehavior: dismiss and notify, webauthn:extension:credBlob: true, webauthn:extension:largeBlob: true, webauthn:virtualAuthenticators: true}\nSession ID: 4d479acced2f62098ec167061003d943\r\n\tat org.openqa.selenium.support.ui.WebDriverWait.timeoutException(WebDriverWait.java:95)\r\n\tat org.openqa.selenium.support.ui.FluentWait.until(FluentWait.java:272)\r\n\tat org.getopentest.selenium.AssertElementText.run(AssertElementText.java:32)\r\n\tat org.getopentest.base.TestActor.executeAction(TestActor.java:1571)\r\n\tat org.getopentest.base.TestActor.executeActionByClassName(TestActor.java:1647)\r\n\t... 8 more\r\n","v":0}
{"name":"1668419517","hostname":"BRILAP4933","pid":13784,"level":30,"actorType":"WEB","actorId":"29086","time":"2022-11-14T09:52:23.0593289Z","msg":"Test session has completed","v":0}
{"name":"1668419517","hostname":"BRILAP4933","pid":13784,"level":10,"actorType":"WEB","actorId":"29086","time":"2022-11-14T09:52:23.0615055Z","msg":"TRACE: Firing TEST_COMPLETED event...","v":0}
{"name":"1668419517","hostname":"BRILAP4933","pid":13784,"level":10,"actorType":"WEB","actorId":"29086","time":"2022-11-14T09:52:24.2506493Z","msg":"TRACE: Firing SESSION_COMPLETED event...","v":0}
{"name":"1668419517","hostname":"BRILAP4933","pid":13784,"level":30,"actorType":"WEB","actorId":"29086","time":"2022-11-14T09:52:24.2511629Z","msg":"Actor 29086 of type WEB with no tags is waiting to be acquired by a test session...","v":0}
{"name":"1668419517","hostname":"BRILAP4933","pid":13784,"level":10,"actorType":"WEB","actorId":"29086","time":"2022-11-14T09:56:41.7130836Z","msg":"TRACE: Initializing test session information in the \"announce\" method...","v":0}
{"name":"1668419517","hostname":"BRILAP4933","pid":13784,"level":10,"actorType":"WEB","actorId":"29086","time":"2022-11-14T09:56:41.7136133Z","msg":"TRACE: Session ID in sync server response was 1668419798; actor session ID was null","v":0}
