{"name":"1668532939","hostname":"BRILAP5089","pid":12664,"level":20,"msg":"Sync server version: 1.3.8 2022-02-25 10:58:11 -0600 50659ecda06a8b79a41f24c1fdff05187324402b","time":"2022-11-15T17:22:19.023Z","v":0}
{"name":"1668532939","hostname":"BRILAP5089","pid":12664,"level":30,"msg":"Acquiring actors for session 1668532939: ACTOR1","time":"2022-11-15T17:22:19.026Z","v":0}
{"name":"1668532939","hostname":"BRILAP5089","pid":12664,"level":30,"msg":"Session 1668532939 with label \"FooterLinks 3\" started at 2022-11-15 17:22:19 UTC","time":"2022-11-15T17:22:19.028Z","v":0}
{"name":"1668532939","hostname":"BRILAP5089","pid":12664,"level":30,"actorType":"ACTOR1","actorId":"4627","time":"2022-11-15T17:22:24.6662289Z","msg":"Actor 4627 of type ACTOR1 was acquired by test session 1668532939","v":0}
{"name":"1668532939","hostname":"BRILAP5089","pid":12664,"level":20,"actorType":"ACTOR1","actorId":"4627","time":"2022-11-15T17:22:24.6762611Z","msg":"DEBUG: Test actor JAR versions:","v":0}
{"name":"1668532939","hostname":"BRILAP5089","pid":12664,"level":20,"actorType":"ACTOR1","actorId":"4627","time":"2022-11-15T17:22:24.6772624Z","msg":"DEBUG:   opentest-appium-0.0.1.jar: 2022-02-25 10:58 -0600 0.0.1-50659ecda06a8b79a41f24c1fdff05187324402b-dirty","v":0}
{"name":"1668532939","hostname":"BRILAP5089","pid":12664,"level":20,"actorType":"ACTOR1","actorId":"4627","time":"2022-11-15T17:22:24.6772624Z","msg":"DEBUG:   opentest-base-0.0.1.jar: 2022-02-25 10:58 -0600 0.0.1-50659ecda06a8b79a41f24c1fdff05187324402b-dirty","v":0}
{"name":"1668532939","hostname":"BRILAP5089","pid":12664,"level":20,"actorType":"ACTOR1","actorId":"4627","time":"2022-11-15T17:22:24.6772624Z","msg":"DEBUG:   opentest-selenium-0.0.1.jar: 2022-02-25 10:58 -0600 0.0.1-50659ecda06a8b79a41f24c1fdff05187324402b-dirty","v":0}
{"name":"1668532939","hostname":"BRILAP5089","pid":12664,"level":40,"actorType":"ACTOR1","actorId":"4627","time":"2022-11-15T17:22:24.6772624Z","msg":"WARN: Failed to log extension JARs","v":0}
{"name":"1668532939","hostname":"BRILAP5089","pid":12664,"level":10,"actorType":"ACTOR1","actorId":"4627","time":"2022-11-15T17:22:24.6772624Z","msg":"TRACE: Firing SESSION_STARTED event...","v":0}
{"name":"1668532939","hostname":"BRILAP5089","pid":12664,"level":30,"actorType":"ACTOR1","actorId":"4627","time":"2022-11-15T17:22:24.7778133Z","msg":"==================== ACTOR1: web/FooterLinks ====================","v":0}
{"name":"1668532939","hostname":"BRILAP5089","pid":12664,"level":30,"actorType":"ACTOR1","actorId":"4627","time":"2022-11-15T17:22:24.7788124Z","msg":"Actor ACTOR1 started executing test web/FooterLinks...","v":0}
{"name":"1668532939","hostname":"BRILAP5089","pid":12664,"level":10,"actorType":"ACTOR1","actorId":"4627","time":"2022-11-15T17:22:24.7788124Z","msg":"TRACE: Firing TEST_STARTED event...","v":0}
{"name":"1668532939","hostname":"BRILAP5089","pid":12664,"level":30,"actorType":"ACTOR1","actorId":"4627","time":"2022-11-15T17:22:24.823189Z","msg":"Executing segment 1 of test web/FooterLinks...","v":0}
{"name":"1668532939","hostname":"BRILAP5089","pid":12664,"level":30,"actorType":"ACTOR1","actorId":"4627","time":"2022-11-15T17:22:24.823189Z","msg":"Evaluating action 1/50 (LaunchApp) in segment 1...","v":0}
{"name":"1668532939","hostname":"BRILAP5089","pid":12664,"level":30,"actorType":"ACTOR1","actorId":"4627","time":"2022-11-15T17:22:24.8423062Z","msg":"Executing macro LaunchApp (no arguments were provided)...","v":0}
{"name":"1668532939","hostname":"BRILAP5089","pid":12664,"level":30,"actorType":"ACTOR1","actorId":"4627","time":"2022-11-15T17:22:24.8423062Z","msg":"Evaluating action 1/1 in macro LaunchApp (Launch MACD App)...","v":0}
{"name":"1668532939","hostname":"BRILAP5089","pid":12664,"level":10,"actorType":"ACTOR1","actorId":"4627","time":"2022-11-15T17:22:24.845307Z","msg":"TRACE: Initializing action org.getopentest.selenium.NavigateTo...","v":0}
{"name":"1668532939","hostname":"BRILAP5089","pid":12664,"level":30,"actorType":"ACTOR1","actorId":"4627","time":"2022-11-15T17:22:24.8498222Z","msg":"Loading configuration from \"C:\\Users\\Shital.Belote\\OpenTestMACD\\BrilMcDPractice\\opentest\\actor1\\actor.yaml\"","v":0}
{"name":"1668532939","hostname":"BRILAP5089","pid":12664,"level":30,"actorType":"ACTOR1","actorId":"4627","time":"2022-11-15T17:22:24.8548221Z","msg":"Using local Selenium server","v":0}
{"name":"1668532939","hostname":"BRILAP5089","pid":12664,"level":10,"actorType":"ACTOR1","actorId":"4627","time":"2022-11-15T17:22:24.8558217Z","msg":"TRACE: Setting system property \"webdriver.chrome.driver\" to \"C:\\Users\\Shital.Belote\\OneDrive\\Automation Testing\\Softwares\\chromedriver_win32 (1)\"","v":0}
{"name":"1668532939","hostname":"BRILAP5089","pid":12664,"level":50,"actorType":"ACTOR1","actorId":"4627","time":"2022-11-15T17:22:24.9178445Z","msg":"ERROR: java.lang.Exception: Failed executing test web/FooterLinks, segment 1\r\n\tat org.getopentest.base.TestActor.executeTestSegment(TestActor.java:2208)\r\n\tat org.getopentest.base.TestActor.runOneSession(TestActor.java:3077)\r\n\tat org.getopentest.base.TestActor.runOneSession(TestActor.java:3113)\r\n\tat org.getopentest.Main.main(Main.java:20)\r\nCaused by: java.lang.RuntimeException: There was an error while executing action no. 1 (LaunchApp) in segment 1 of test web/FooterLinks.\nThe action definition was:\n{\n  \"action\": \"org.getopentest.base.MacroAction\",\n  \"macro\": \"LaunchApp\"\n}\r\n\tat org.getopentest.base.TestActor.executeTestSegment(TestActor.java:2142)\r\n\t... 3 more\r\nCaused by: java.lang.RuntimeException: Failed executing action org.getopentest.base.MacroAction (no arguments were provided)\r\n\tat org.getopentest.base.TestActor.executeActionByDef(TestActor.java:1872)\r\n\tat org.getopentest.base.TestActor.executeTestSegment(TestActor.java:2092)\r\n\t... 3 more\r\nCaused by: java.lang.Exception: There was an error executing macro action LaunchApp (no arguments were provided)\r\n\tat org.getopentest.base.TestActor.executeMacroActionByName(TestActor.java:2021)\r\n\tat org.getopentest.base.TestActor.executeActionByDef(TestActor.java:1745)\r\n\t... 4 more\r\nCaused by: java.lang.RuntimeException: There was an error while executing action no. 1 (org.getopentest.selenium.NavigateTo) in macro LaunchApp.\nThe action definition was:\n{\n  \"action\": \"org.getopentest.selenium.NavigateTo\",\n  \"args\": {\n    \"url\": \"https://www.mcdonalds.com/us/en-us.html\"\n  },\n  \"description\": \"Launch MACD App\"\n}\r\n\tat org.getopentest.base.TestActor.executeMacroActionByDef(TestActor.java:1973)\r\n\tat org.getopentest.base.TestActor.executeMacroActionByName(TestActor.java:2013)\r\n\t... 5 more\r\nCaused by: java.lang.RuntimeException: Failed executing action org.getopentest.selenium.NavigateTo with arguments {\"url\":\"https://www.mcdonalds.com/us/en-us.html\"}\r\n\tat org.getopentest.base.TestActor.executeActionByDef(TestActor.java:1872)\r\n\tat org.getopentest.base.TestActor.executeMacroActionByDef(TestActor.java:1938)\r\n\t... 6 more\r\nCaused by: java.lang.RuntimeException: java.lang.IllegalStateException: The driver executable is a directory: C:\\Users\\Shital.Belote\\OneDrive\\Automation Testing\\Softwares\\chromedriver_win32 (1)\r\n\tat org.getopentest.base.TestActor.executeActionByClassName(TestActor.java:1670)\r\n\tat org.getopentest.base.TestActor.executeActionByDef(TestActor.java:1749)\r\n\t... 7 more\r\nCaused by: java.lang.IllegalStateException: The driver executable is a directory: C:\\Users\\Shital.Belote\\OneDrive\\Automation Testing\\Softwares\\chromedriver_win32 (1)\r\n\tat com.google.common.base.Preconditions.checkState(Preconditions.java:534)\r\n\tat org.openqa.selenium.remote.service.DriverService.checkExecutable(DriverService.java:148)\r\n\tat org.openqa.selenium.remote.service.DriverService.findExecutable(DriverService.java:141)\r\n\tat org.openqa.selenium.chrome.ChromeDriverService.access$000(ChromeDriverService.java:35)\r\n\tat org.openqa.selenium.chrome.ChromeDriverService$Builder.findDefaultExecutable(ChromeDriverService.java:159)\r\n\tat org.openqa.selenium.remote.service.DriverService$Builder.build(DriverService.java:355)\r\n\tat org.openqa.selenium.chrome.ChromeDriverService.createDefaultService(ChromeDriverService.java:94)\r\n\tat org.openqa.selenium.chrome.ChromeDriver.<init>(ChromeDriver.java:157)\r\n\tat org.getopentest.selenium.core.SeleniumHelper.createDriver(SeleniumHelper.java:91)\r\n\tat org.getopentest.selenium.core.SeleniumHelper.getDriver(SeleniumHelper.java:237)\r\n\tat org.getopentest.selenium.core.SeleniumTestAction.initialize(SeleniumTestAction.java:203)\r\n\tat org.getopentest.base.TestActor.executeAction(TestActor.java:1553)\r\n\tat org.getopentest.base.TestActor.executeActionByClassName(TestActor.java:1647)\r\n\t... 8 more\r\n","v":0}
{"name":"1668532939","hostname":"BRILAP5089","pid":12664,"level":30,"actorType":"ACTOR1","actorId":"4627","time":"2022-11-15T17:22:25.4289216Z","msg":"Test session has completed","v":0}
{"name":"1668532939","hostname":"BRILAP5089","pid":12664,"level":10,"actorType":"ACTOR1","actorId":"4627","time":"2022-11-15T17:22:25.4289216Z","msg":"TRACE: Firing TEST_COMPLETED event...","v":0}
{"name":"1668532939","hostname":"BRILAP5089","pid":12664,"level":30,"actorType":"ACTOR1","actorId":"4627","time":"2022-11-15T17:22:25.4289216Z","msg":"Using local Selenium server","v":0}
{"name":"1668532939","hostname":"BRILAP5089","pid":12664,"level":10,"actorType":"ACTOR1","actorId":"4627","time":"2022-11-15T17:22:25.4304261Z","msg":"TRACE: Setting system property \"webdriver.chrome.driver\" to \"C:\\Users\\Shital.Belote\\OneDrive\\Automation Testing\\Softwares\\chromedriver_win32 (1)\"","v":0}
{"name":"1668532939","hostname":"BRILAP5089","pid":12664,"level":50,"actorType":"ACTOR1","actorId":"4627","time":"2022-11-15T17:22:25.4334269Z","msg":"ERROR: The \"runOneSession\" method failed","v":0}
{"name":"1668532939","hostname":"BRILAP5089","pid":12664,"level":50,"actorType":"ACTOR1","actorId":"4627","time":"2022-11-15T17:22:25.4344247Z","msg":"ERROR: java.lang.NullPointerException\r\n\tat org.getopentest.selenium.core.SeleniumTestAction$1.update(SeleniumTestAction.java:190)\r\n\tat java.base/java.util.Observable.notifyObservers(Observable.java:173)\r\n\tat org.getopentest.base.TestActor.runOneSession(TestActor.java:3102)\r\n\tat org.getopentest.base.TestActor.runOneSession(TestActor.java:3113)\r\n\tat org.getopentest.Main.main(Main.java:20)\r\n","v":0}
{"name":"1668532939","hostname":"BRILAP5089","pid":12664,"level":30,"actorType":"ACTOR1","actorId":"4627","time":"2022-11-15T17:22:25.4344247Z","msg":"Actor 4627 of type ACTOR1 with no tags is waiting to be acquired by a test session...","v":0}
{"name":"1668532939","hostname":"BRILAP5089","pid":12664,"level":10,"actorType":"ACTOR1","actorId":"4627","time":"2022-11-15T17:25:05.2474654Z","msg":"TRACE: Initializing test session information in the \"announce\" method...","v":0}
{"name":"1668532939","hostname":"BRILAP5089","pid":12664,"level":10,"actorType":"ACTOR1","actorId":"4627","time":"2022-11-15T17:25:05.2482517Z","msg":"TRACE: Session ID in sync server response was 1668533103; actor session ID was null","v":0}
