{"name":"1668621750","hostname":"BRILAP5089","pid":25140,"level":20,"msg":"Sync server version: 1.3.8 2022-02-25 10:58:11 -0600 50659ecda06a8b79a41f24c1fdff05187324402b","time":"2022-11-16T18:02:29.516Z","v":0}
{"name":"1668621750","hostname":"BRILAP5089","pid":25140,"level":30,"msg":"Acquiring actors for session 1668621750: ACTOR1","time":"2022-11-16T18:02:29.525Z","v":0}
{"name":"1668621750","hostname":"BRILAP5089","pid":25140,"level":30,"msg":"Session 1668621750 with label \"LaunchAPK 14\" started at 2022-11-16 18:02:29 UTC","time":"2022-11-16T18:02:29.531Z","v":0}
{"name":"1668621750","hostname":"BRILAP5089","pid":25140,"level":30,"actorType":"ACTOR1","actorId":"37779","time":"2022-11-16T18:02:29.9650682Z","msg":"Actor 37779 of type ACTOR1 was acquired by test session 1668621750","v":0}
{"name":"1668621750","hostname":"BRILAP5089","pid":25140,"level":20,"actorType":"ACTOR1","actorId":"37779","time":"2022-11-16T18:02:29.9844608Z","msg":"DEBUG: Test actor JAR versions:","v":0}
{"name":"1668621750","hostname":"BRILAP5089","pid":25140,"level":20,"actorType":"ACTOR1","actorId":"37779","time":"2022-11-16T18:02:29.9899405Z","msg":"DEBUG:   opentest-appium-0.0.1.jar: 2022-02-25 10:58 -0600 0.0.1-50659ecda06a8b79a41f24c1fdff05187324402b-dirty","v":0}
{"name":"1668621750","hostname":"BRILAP5089","pid":25140,"level":20,"actorType":"ACTOR1","actorId":"37779","time":"2022-11-16T18:02:29.9914522Z","msg":"DEBUG:   opentest-base-0.0.1.jar: 2022-02-25 10:58 -0600 0.0.1-50659ecda06a8b79a41f24c1fdff05187324402b-dirty","v":0}
{"name":"1668621750","hostname":"BRILAP5089","pid":25140,"level":20,"actorType":"ACTOR1","actorId":"37779","time":"2022-11-16T18:02:29.9924615Z","msg":"DEBUG:   opentest-selenium-0.0.1.jar: 2022-02-25 10:58 -0600 0.0.1-50659ecda06a8b79a41f24c1fdff05187324402b-dirty","v":0}
{"name":"1668621750","hostname":"BRILAP5089","pid":25140,"level":40,"actorType":"ACTOR1","actorId":"37779","time":"2022-11-16T18:02:29.9924615Z","msg":"WARN: Failed to log extension JARs","v":0}
{"name":"1668621750","hostname":"BRILAP5089","pid":25140,"level":10,"actorType":"ACTOR1","actorId":"37779","time":"2022-11-16T18:02:29.9934726Z","msg":"TRACE: Firing SESSION_STARTED event...","v":0}
{"name":"1668621750","hostname":"BRILAP5089","pid":25140,"level":30,"actorType":"ACTOR1","actorId":"37779","time":"2022-11-16T18:02:30.1853259Z","msg":"==================== ACTOR1: mobile/LaunchAPK ====================","v":0}
{"name":"1668621750","hostname":"BRILAP5089","pid":25140,"level":30,"actorType":"ACTOR1","actorId":"37779","time":"2022-11-16T18:02:30.1853259Z","msg":"Actor ACTOR1 started executing test mobile/LaunchAPK...","v":0}
{"name":"1668621750","hostname":"BRILAP5089","pid":25140,"level":10,"actorType":"ACTOR1","actorId":"37779","time":"2022-11-16T18:02:30.1878546Z","msg":"TRACE: Firing TEST_STARTED event...","v":0}
{"name":"1668621750","hostname":"BRILAP5089","pid":25140,"level":30,"actorType":"ACTOR1","actorId":"37779","time":"2022-11-16T18:02:30.303837Z","msg":"Executing segment 1 of test mobile/LaunchAPK...","v":0}
{"name":"1668621750","hostname":"BRILAP5089","pid":25140,"level":30,"actorType":"ACTOR1","actorId":"37779","time":"2022-11-16T18:02:30.3068572Z","msg":"Evaluating action 1/2 (LaunchMobApp) in segment 1...","v":0}
{"name":"1668621750","hostname":"BRILAP5089","pid":25140,"level":30,"actorType":"ACTOR1","actorId":"37779","time":"2022-11-16T18:02:30.3661912Z","msg":"Executing macro LaunchMobApp (no arguments were provided)...","v":0}
{"name":"1668621750","hostname":"BRILAP5089","pid":25140,"level":30,"actorType":"ACTOR1","actorId":"37779","time":"2022-11-16T18:02:30.3695689Z","msg":"Evaluating action 1/1 in macro LaunchMobApp (Launch the mobile app)...","v":0}
{"name":"1668621750","hostname":"BRILAP5089","pid":25140,"level":30,"actorType":"ACTOR1","actorId":"37779","time":"2022-11-16T18:02:30.4685575Z","msg":"Loading configuration from \"C:\\Users\\Shital.Belote\\OpenTestMACD\\BrilMcDPractice\\opentest\\actor1\\actor.yaml\"","v":0}
{"name":"1668621750","hostname":"BRILAP5089","pid":25140,"level":30,"actorType":"ACTOR1","actorId":"37779","time":"2022-11-16T18:02:30.5015656Z","msg":"Using Appium server URL \"http://127.0.0.1:4723/wd/hub\"","v":0}
{"name":"1668621750","hostname":"BRILAP5089","pid":25140,"level":30,"actorType":"ACTOR1","actorId":"37779","time":"2022-11-16T18:02:30.528105Z","msg":"Creating Appium Android driver...","v":0}
{"name":"1668621750","hostname":"BRILAP5089","pid":25140,"level":40,"actorType":"ACTOR1","actorId":"37779","time":"2022-11-16T18:02:53.2066323Z","msg":"WARN: Caught a org.openqa.selenium.SessionNotCreatedException exception while initializing Appium. Retries left: 2","v":0}
{"name":"1668621750","hostname":"BRILAP5089","pid":25140,"level":30,"actorType":"ACTOR1","actorId":"37779","time":"2022-11-16T18:02:58.2115164Z","msg":"Using Appium server URL \"http://127.0.0.1:4723/wd/hub\"","v":0}
{"name":"1668621750","hostname":"BRILAP5089","pid":25140,"level":30,"actorType":"ACTOR1","actorId":"37779","time":"2022-11-16T18:02:58.2124622Z","msg":"Creating Appium Android driver...","v":0}
{"name":"1668621750","hostname":"BRILAP5089","pid":25140,"level":40,"actorType":"ACTOR1","actorId":"37779","time":"2022-11-16T18:03:08.4926175Z","msg":"WARN: Caught a org.openqa.selenium.SessionNotCreatedException exception while initializing Appium. Retries left: 1","v":0}
{"name":"1668621750","hostname":"BRILAP5089","pid":25140,"level":30,"actorType":"ACTOR1","actorId":"37779","time":"2022-11-16T18:03:13.5093803Z","msg":"Using Appium server URL \"http://127.0.0.1:4723/wd/hub\"","v":0}
{"name":"1668621750","hostname":"BRILAP5089","pid":25140,"level":30,"actorType":"ACTOR1","actorId":"37779","time":"2022-11-16T18:03:13.5202037Z","msg":"Creating Appium Android driver...","v":0}
{"name":"1668621750","hostname":"BRILAP5089","pid":25140,"level":50,"actorType":"ACTOR1","actorId":"37779","time":"2022-11-16T18:03:24.5540711Z","msg":"ERROR: java.lang.Exception: Failed executing test mobile/LaunchAPK, segment 1\r\n\tat org.getopentest.base.TestActor.executeTestSegment(TestActor.java:2208)\r\n\tat org.getopentest.base.TestActor.runOneSession(TestActor.java:3077)\r\n\tat org.getopentest.base.TestActor.runOneSession(TestActor.java:3113)\r\n\tat org.getopentest.Main.main(Main.java:20)\r\nCaused by: java.lang.RuntimeException: There was an error while executing action no. 1 (LaunchMobApp) in segment 1 of test mobile/LaunchAPK.\nThe action definition was:\n{\n  \"action\": \"org.getopentest.base.MacroAction\",\n  \"macro\": \"LaunchMobApp\"\n}\r\n\tat org.getopentest.base.TestActor.executeTestSegment(TestActor.java:2142)\r\n\t... 3 more\r\nCaused by: java.lang.RuntimeException: Failed executing action org.getopentest.base.MacroAction (arguments not available because the current action instance was not populated)\r\n\tat org.getopentest.base.TestActor.executeActionByDef(TestActor.java:1872)\r\n\tat org.getopentest.base.TestActor.executeTestSegment(TestActor.java:2092)\r\n\t... 3 more\r\nCaused by: java.lang.Exception: There was an error executing macro action LaunchMobApp (no arguments were provided)\r\n\tat org.getopentest.base.TestActor.executeMacroActionByName(TestActor.java:2021)\r\n\tat org.getopentest.base.TestActor.executeActionByDef(TestActor.java:1745)\r\n\t... 4 more\r\nCaused by: java.lang.RuntimeException: There was an error while executing action no. 1 (org.getopentest.appium.LaunchApp) in macro LaunchMobApp.\nThe action definition was:\n{\n  \"action\": \"org.getopentest.appium.LaunchApp\",\n  \"description\": \"Launch the mobile app\"\n}\r\n\tat org.getopentest.base.TestActor.executeMacroActionByDef(TestActor.java:1973)\r\n\tat org.getopentest.base.TestActor.executeMacroActionByName(TestActor.java:2013)\r\n\t... 5 more\r\nCaused by: java.lang.RuntimeException: Failed executing action org.getopentest.appium.LaunchApp (arguments not available because the current action instance was not populated)\r\n\tat org.getopentest.base.TestActor.executeActionByDef(TestActor.java:1872)\r\n\tat org.getopentest.base.TestActor.executeMacroActionByDef(TestActor.java:1938)\r\n\t... 6 more\r\nCaused by: java.lang.RuntimeException: java.lang.reflect.InvocationTargetException\r\n\tat org.getopentest.base.TestActor.executeActionByClassName(TestActor.java:1670)\r\n\tat org.getopentest.base.TestActor.executeActionByDef(TestActor.java:1749)\r\n\t... 7 more\r\nCaused by: java.lang.reflect.InvocationTargetException\r\n\tat java.base/jdk.internal.reflect.NativeConstructorAccessorImpl.newInstance0(Native Method)\r\n\tat java.base/jdk.internal.reflect.NativeConstructorAccessorImpl.newInstance(NativeConstructorAccessorImpl.java:62)\r\n\tat java.base/jdk.internal.reflect.DelegatingConstructorAccessorImpl.newInstance(DelegatingConstructorAccessorImpl.java:45)\r\n\tat java.base/java.lang.reflect.Constructor.newInstance(Constructor.java:490)\r\n\tat org.getopentest.base.TestActor.executeActionByClassName(TestActor.java:1645)\r\n\t... 8 more\r\nCaused by: org.openqa.selenium.SessionNotCreatedException: Unable to create a new remote session. Please check the server log for more details. Original error: An unknown server-side error occurred while processing the command. Original error: Error executing adbExec. Original error: 'Command 'C:\\\\Users\\\\Shital.Belote\\\\AppData\\\\Local\\\\Android\\\\Sdk\\\\platform-tools\\\\adb.exe -P 5037 -s emulator-5554 install C:\\\\Users\\\\Shital.Belote\\\\Downloads\\\\amazonindiashopping.apk' exited with code 1'; Command output: adb: failed to install C:\\Users\\Shital.Belote\\Downloads\\amazonindiashopping.apk: Failure [INSTALL_FAILED_NO_MATCHING_ABIS: INSTALL_FAILED_NO_MATCHING_ABIS: Failed to extract native libraries, res=-113]\r\n\nBuild info: version: '3.141.59', revision: 'e82be7d358', time: '2018-11-14T08:17:03'\nSystem info: host: 'BRILAP5089', ip: '192.168.0.104', os.name: 'Windows 10', os.arch: 'amd64', os.version: '10.0', java.version: '11.0.11'\nDriver info: driver.version: AndroidDriver\nremote stacktrace: UnknownError: An unknown server-side error occurred while processing the command. Original error: Error executing adbExec. Original error: 'Command 'C:\\\\Users\\\\Shital.Belote\\\\AppData\\\\Local\\\\Android\\\\Sdk\\\\platform-tools\\\\adb.exe -P 5037 -s emulator-5554 install C:\\\\Users\\\\Shital.Belote\\\\Downloads\\\\amazonindiashopping.apk' exited with code 1'; Command output: adb: failed to install C:\\Users\\Shital.Belote\\Downloads\\amazonindiashopping.apk: Failure [INSTALL_FAILED_NO_MATCHING_ABIS: INSTALL_FAILED_NO_MATCHING_ABIS: Failed to extract native libraries, res=-113]\r\n\n    at getResponseForW3CError (C:\\Users\\Shital.Belote\\AppData\\Roaming\\npm\\node_modules\\appium\\node_modules\\appium-base-driver\\lib\\protocol\\errors.js:804:9)\n    at asyncHandler (C:\\Users\\Shital.Belote\\AppData\\Roaming\\npm\\node_modules\\appium\\node_modules\\appium-base-driver\\lib\\protocol\\protocol.js:380:37)\nBuild info: version: '3.141.59', revision: 'e82be7d358', time: '2018-11-14T08:17:03'\nSystem info: host: 'BRILAP5089', ip: '192.168.0.104', os.name: 'Windows 10', os.arch: 'amd64', os.version: '10.0', java.version: '11.0.11'\nDriver info: driver.version: AndroidDriver\r\n\tat io.appium.java_client.remote.AppiumCommandExecutor$1.createSession(AppiumCommandExecutor.java:216)\r\n\tat io.appium.java_client.remote.AppiumCommandExecutor.createSession(AppiumCommandExecutor.java:225)\r\n\tat io.appium.java_client.remote.AppiumCommandExecutor.execute(AppiumCommandExecutor.java:247)\r\n\tat org.openqa.selenium.remote.RemoteWebDriver.execute(RemoteWebDriver.java:552)\r\n\tat io.appium.java_client.DefaultGenericMobileDriver.execute(DefaultGenericMobileDriver.java:41)\r\n\tat io.appium.java_client.AppiumDriver.execute(AppiumDriver.java:1)\r\n\tat io.appium.java_client.android.AndroidDriver.execute(AndroidDriver.java:1)\r\n\tat org.openqa.selenium.remote.RemoteWebDriver.startSession(RemoteWebDriver.java:213)\r\n\tat io.appium.java_client.AppiumDriver.startSession(AppiumDriver.java:338)\r\n\tat org.openqa.selenium.remote.RemoteWebDriver.<init>(RemoteWebDriver.java:131)\r\n\tat io.appium.java_client.DefaultGenericMobileDriver.<init>(DefaultGenericMobileDriver.java:37)\r\n\tat io.appium.java_client.AppiumDriver.<init>(AppiumDriver.java:89)\r\n\tat io.appium.java_client.AppiumDriver.<init>(AppiumDriver.java:99)\r\n\tat io.appium.java_client.android.AndroidDriver.<init>(AndroidDriver.java:96)\r\n\tat org.getopentest.appium.core.AppiumHelper.createDriver(AppiumHelper.java:99)\r\n\tat org.getopentest.appium.core.AppiumHelper.createDriverWithRetries(AppiumHelper.java:127)\r\n\tat org.getopentest.appium.core.AppiumHelper.getDriver(AppiumHelper.java:198)\r\n\tat org.getopentest.appium.core.AppiumTestAction.<init>(AppiumTestAction.java:53)\r\n\tat org.getopentest.appium.LaunchApp.<init>(LaunchApp.java:14)\r\n\t... 13 more\r\nCaused by: java.lang.reflect.InvocationTargetException\r\n\tat java.base/jdk.internal.reflect.NativeMethodAccessorImpl.invoke0(Native Method)\r\n\tat java.base/jdk.internal.reflect.NativeMethodAccessorImpl.invoke(NativeMethodAccessorImpl.java:62)\r\n\tat java.base/jdk.internal.reflect.DelegatingMethodAccessorImpl.invoke(DelegatingMethodAccessorImpl.java:43)\r\n\tat java.base/java.lang.reflect.Method.invoke(Method.java:566)\r\n\tat io.appium.java_client.remote.AppiumCommandExecutor$1.createSession(AppiumCommandExecutor.java:193)\r\n\t... 31 more\r\nCaused by: org.openqa.selenium.WebDriverException: An unknown server-side error occurred while processing the command. Original error: Error executing adbExec. Original error: 'Command 'C:\\\\Users\\\\Shital.Belote\\\\AppData\\\\Local\\\\Android\\\\Sdk\\\\platform-tools\\\\adb.exe -P 5037 -s emulator-5554 install C:\\\\Users\\\\Shital.Belote\\\\Downloads\\\\amazonindiashopping.apk' exited with code 1'; Command output: adb: failed to install C:\\Users\\Shital.Belote\\Downloads\\amazonindiashopping.apk: Failure [INSTALL_FAILED_NO_MATCHING_ABIS: INSTALL_FAILED_NO_MATCHING_ABIS: Failed to extract native libraries, res=-113]\r\n\nBuild info: version: '3.141.59', revision: 'e82be7d358', time: '2018-11-14T08:17:03'\nSystem info: host: 'BRILAP5089', ip: '192.168.0.104', os.name: 'Windows 10', os.arch: 'amd64', os.version: '10.0', java.version: '11.0.11'\nDriver info: driver.version: AndroidDriver\nremote stacktrace: UnknownError: An unknown server-side error occurred while processing the command. Original error: Error executing adbExec. Original error: 'Command 'C:\\\\Users\\\\Shital.Belote\\\\AppData\\\\Local\\\\Android\\\\Sdk\\\\platform-tools\\\\adb.exe -P 5037 -s emulator-5554 install C:\\\\Users\\\\Shital.Belote\\\\Downloads\\\\amazonindiashopping.apk' exited with code 1'; Command output: adb: failed to install C:\\Users\\Shital.Belote\\Downloads\\amazonindiashopping.apk: Failure [INSTALL_FAILED_NO_MATCHING_ABIS: INSTALL_FAILED_NO_MATCHING_ABIS: Failed to extract native libraries, res=-113]\r\n\n    at getResponseForW3CError (C:\\Users\\Shital.Belote\\AppData\\Roaming\\npm\\node_modules\\appium\\node_modules\\appium-base-driver\\lib\\protocol\\errors.js:804:9)\n    at asyncHandler (C:\\Users\\Shital.Belote\\AppData\\Roaming\\npm\\node_modules\\appium\\node_modules\\appium-base-driver\\lib\\protocol\\protocol.js:380:37)\r\n\tat java.base/jdk.internal.reflect.NativeConstructorAccessorImpl.newInstance0(Native Method)\r\n\tat java.base/jdk.internal.reflect.NativeConstructorAccessorImpl.newInstance(NativeConstructorAccessorImpl.java:62)\r\n\tat java.base/jdk.internal.reflect.DelegatingConstructorAccessorImpl.newInstance(DelegatingConstructorAccessorImpl.java:45)\r\n\tat java.base/java.lang.reflect.Constructor.newInstance(Constructor.java:490)\r\n\tat org.openqa.selenium.remote.W3CHandshakeResponse.lambda$errorHandler$0(W3CHandshakeResponse.java:62)\r\n\tat org.openqa.selenium.remote.HandshakeResponse.lambda$getResponseFunction$0(HandshakeResponse.java:30)\r\n\tat org.openqa.selenium.remote.ProtocolHandshake.lambda$createSession$0(ProtocolHandshake.java:126)\r\n\tat java.base/java.util.stream.ReferencePipeline$3$1.accept(ReferencePipeline.java:195)\r\n\tat java.base/java.util.Spliterators$ArraySpliterator.tryAdvance(Spliterators.java:958)\r\n\tat java.base/java.util.stream.ReferencePipeline.forEachWithCancel(ReferencePipeline.java:127)\r\n\tat java.base/java.util.stream.AbstractPipeline.copyIntoWithCancel(AbstractPipeline.java:502)\r\n\tat java.base/java.util.stream.AbstractPipeline.copyInto(AbstractPipeline.java:488)\r\n\tat java.base/java.util.stream.AbstractPipeline.wrapAndCopyInto(AbstractPipeline.java:474)\r\n\tat java.base/java.util.stream.FindOps$FindOp.evaluateSequential(FindOps.java:150)\r\n\tat java.base/java.util.stream.AbstractPipeline.evaluate(AbstractPipeline.java:234)\r\n\tat java.base/java.util.stream.ReferencePipeline.findFirst(ReferencePipeline.java:543)\r\n\tat org.openqa.selenium.remote.ProtocolHandshake.createSession(ProtocolHandshake.java:128)\r\n\t... 36 more\r\n","v":0}
{"name":"1668621750","hostname":"BRILAP5089","pid":25140,"level":30,"actorType":"ACTOR1","actorId":"37779","time":"2022-11-16T18:03:25.0761254Z","msg":"Test session has completed","v":0}
{"name":"1668621750","hostname":"BRILAP5089","pid":25140,"level":10,"actorType":"ACTOR1","actorId":"37779","time":"2022-11-16T18:03:25.0771238Z","msg":"TRACE: Firing TEST_COMPLETED event...","v":0}
{"name":"1668621750","hostname":"BRILAP5089","pid":25140,"level":10,"actorType":"ACTOR1","actorId":"37779","time":"2022-11-16T18:03:25.0771238Z","msg":"TRACE: Firing SESSION_COMPLETED event...","v":0}
{"name":"1668621750","hostname":"BRILAP5089","pid":25140,"level":30,"actorType":"ACTOR1","actorId":"37779","time":"2022-11-16T18:03:25.0781359Z","msg":"Actor 37779 of type ACTOR1 with no tags is waiting to be acquired by a test session...","v":0}
