{"name":"1668590971","hostname":"BRILAP5089","pid":27644,"level":20,"msg":"Sync server version: 1.3.8 2022-02-25 10:58:11 -0600 50659ecda06a8b79a41f24c1fdff05187324402b","time":"2022-11-16T09:29:31.443Z","v":0}
{"name":"1668590971","hostname":"BRILAP5089","pid":27644,"level":30,"msg":"Acquiring actors for session 1668590971: ACTOR1","time":"2022-11-16T09:29:31.454Z","v":0}
{"name":"1668590971","hostname":"BRILAP5089","pid":27644,"level":30,"msg":"Session 1668590971 with label \"LaunchAPK 14\" started at 2022-11-16 09:29:31 UTC","time":"2022-11-16T09:29:31.463Z","v":0}
{"name":"1668590971","hostname":"BRILAP5089","pid":27644,"level":30,"actorType":"ACTOR1","actorId":"3893","time":"2022-11-16T09:29:34.270565Z","msg":"Actor 3893 of type ACTOR1 was acquired by test session 1668590971","v":0}
{"name":"1668590971","hostname":"BRILAP5089","pid":27644,"level":20,"actorType":"ACTOR1","actorId":"3893","time":"2022-11-16T09:29:34.2942798Z","msg":"DEBUG: Test actor JAR versions:","v":0}
{"name":"1668590971","hostname":"BRILAP5089","pid":27644,"level":20,"actorType":"ACTOR1","actorId":"3893","time":"2022-11-16T09:29:34.296451Z","msg":"DEBUG:   opentest-appium-0.0.1.jar: 2022-02-25 10:58 -0600 0.0.1-50659ecda06a8b79a41f24c1fdff05187324402b-dirty","v":0}
{"name":"1668590971","hostname":"BRILAP5089","pid":27644,"level":20,"actorType":"ACTOR1","actorId":"3893","time":"2022-11-16T09:29:34.2974672Z","msg":"DEBUG:   opentest-base-0.0.1.jar: 2022-02-25 10:58 -0600 0.0.1-50659ecda06a8b79a41f24c1fdff05187324402b-dirty","v":0}
{"name":"1668590971","hostname":"BRILAP5089","pid":27644,"level":20,"actorType":"ACTOR1","actorId":"3893","time":"2022-11-16T09:29:34.298008Z","msg":"DEBUG:   opentest-selenium-0.0.1.jar: 2022-02-25 10:58 -0600 0.0.1-50659ecda06a8b79a41f24c1fdff05187324402b-dirty","v":0}
{"name":"1668590971","hostname":"BRILAP5089","pid":27644,"level":40,"actorType":"ACTOR1","actorId":"3893","time":"2022-11-16T09:29:34.298008Z","msg":"WARN: Failed to log extension JARs","v":0}
{"name":"1668590971","hostname":"BRILAP5089","pid":27644,"level":10,"actorType":"ACTOR1","actorId":"3893","time":"2022-11-16T09:29:34.298008Z","msg":"TRACE: Firing SESSION_STARTED event...","v":0}
{"name":"1668590971","hostname":"BRILAP5089","pid":27644,"level":30,"actorType":"ACTOR1","actorId":"3893","time":"2022-11-16T09:29:34.4214491Z","msg":"==================== ACTOR1: mobile/LaunchAPK ====================","v":0}
{"name":"1668590971","hostname":"BRILAP5089","pid":27644,"level":30,"actorType":"ACTOR1","actorId":"3893","time":"2022-11-16T09:29:34.4214491Z","msg":"Actor ACTOR1 started executing test mobile/LaunchAPK...","v":0}
{"name":"1668590971","hostname":"BRILAP5089","pid":27644,"level":10,"actorType":"ACTOR1","actorId":"3893","time":"2022-11-16T09:29:34.4214491Z","msg":"TRACE: Firing TEST_STARTED event...","v":0}
{"name":"1668590971","hostname":"BRILAP5089","pid":27644,"level":30,"actorType":"ACTOR1","actorId":"3893","time":"2022-11-16T09:29:34.4737303Z","msg":"Executing segment 1 of test mobile/LaunchAPK...","v":0}
{"name":"1668590971","hostname":"BRILAP5089","pid":27644,"level":30,"actorType":"ACTOR1","actorId":"3893","time":"2022-11-16T09:29:34.4737303Z","msg":"Evaluating action 1/3 (LaunchMobApp) in segment 1...","v":0}
{"name":"1668590971","hostname":"BRILAP5089","pid":27644,"level":30,"actorType":"ACTOR1","actorId":"3893","time":"2022-11-16T09:29:34.4975809Z","msg":"Executing macro LaunchMobApp (no arguments were provided)...","v":0}
{"name":"1668590971","hostname":"BRILAP5089","pid":27644,"level":30,"actorType":"ACTOR1","actorId":"3893","time":"2022-11-16T09:29:34.4975809Z","msg":"Evaluating action 1/1 in macro LaunchMobApp (Launch the mobile app)...","v":0}
{"name":"1668590971","hostname":"BRILAP5089","pid":27644,"level":30,"actorType":"ACTOR1","actorId":"3893","time":"2022-11-16T09:29:34.5320277Z","msg":"Loading configuration from \"C:\\Users\\Shital.Belote\\OpenTestMACD\\BrilMcDPractice\\opentest\\actor1\\actor.yaml\"","v":0}
{"name":"1668590971","hostname":"BRILAP5089","pid":27644,"level":30,"actorType":"ACTOR1","actorId":"3893","time":"2022-11-16T09:29:34.5390677Z","msg":"Using Appium server URL \"http://127.0.0.1:4723/wd/hub\"","v":0}
{"name":"1668590971","hostname":"BRILAP5089","pid":27644,"level":30,"actorType":"ACTOR1","actorId":"3893","time":"2022-11-16T09:29:34.5542804Z","msg":"Creating Appium Android driver...","v":0}
{"name":"1668590971","hostname":"BRILAP5089","pid":27644,"level":10,"actorType":"ACTOR1","actorId":"3893","time":"2022-11-16T09:30:07.628836Z","msg":"TRACE: Initializing action org.getopentest.appium.LaunchApp...","v":0}
{"name":"1668590971","hostname":"BRILAP5089","pid":27644,"level":30,"actorType":"ACTOR1","actorId":"3893","time":"2022-11-16T09:30:07.6298361Z","msg":"Executing action org.getopentest.appium.LaunchApp (no arguments were provided)...","v":0}
{"name":"1668590971","hostname":"BRILAP5089","pid":27644,"level":30,"actorType":"ACTOR1","actorId":"3893","time":"2022-11-16T09:30:33.7814552Z","msg":"Captured screenshot at C:\\Users\\Shital.Belote\\OpenTestMACD\\BrilMcDPractice\\opentest\\actor1\\out\\screenshots\\SID1668590971_ACTOR1_T01_SG01_ST01_error.png","v":0}
{"name":"1668590971","hostname":"BRILAP5089","pid":27644,"level":50,"actorType":"ACTOR1","actorId":"3893","time":"2022-11-16T09:30:33.7971475Z","msg":"ERROR: java.lang.Exception: Failed executing test mobile/LaunchAPK, segment 1\r\n\tat org.getopentest.base.TestActor.executeTestSegment(TestActor.java:2208)\r\n\tat org.getopentest.base.TestActor.runOneSession(TestActor.java:3077)\r\n\tat org.getopentest.base.TestActor.runOneSession(TestActor.java:3113)\r\n\tat org.getopentest.Main.main(Main.java:20)\r\nCaused by: java.lang.RuntimeException: There was an error while executing action no. 1 (LaunchMobApp) in segment 1 of test mobile/LaunchAPK.\nThe action definition was:\n{\n  \"action\": \"org.getopentest.base.MacroAction\",\n  \"macro\": \"LaunchMobApp\"\n}\r\n\tat org.getopentest.base.TestActor.executeTestSegment(TestActor.java:2142)\r\n\t... 3 more\r\nCaused by: java.lang.RuntimeException: Failed executing action org.getopentest.base.MacroAction (no arguments were provided)\r\n\tat org.getopentest.base.TestActor.executeActionByDef(TestActor.java:1872)\r\n\tat org.getopentest.base.TestActor.executeTestSegment(TestActor.java:2092)\r\n\t... 3 more\r\nCaused by: java.lang.Exception: There was an error executing macro action LaunchMobApp (no arguments were provided)\r\n\tat org.getopentest.base.TestActor.executeMacroActionByName(TestActor.java:2021)\r\n\tat org.getopentest.base.TestActor.executeActionByDef(TestActor.java:1745)\r\n\t... 4 more\r\nCaused by: java.lang.RuntimeException: There was an error while executing action no. 1 (org.getopentest.appium.LaunchApp) in macro LaunchMobApp.\nThe action definition was:\n{\n  \"action\": \"org.getopentest.appium.LaunchApp\",\n  \"description\": \"Launch the mobile app\"\n}\r\n\tat org.getopentest.base.TestActor.executeMacroActionByDef(TestActor.java:1973)\r\n\tat org.getopentest.base.TestActor.executeMacroActionByName(TestActor.java:2013)\r\n\t... 5 more\r\nCaused by: java.lang.RuntimeException: Failed executing action org.getopentest.appium.LaunchApp (no arguments were provided)\r\n\tat org.getopentest.base.TestActor.executeActionByDef(TestActor.java:1872)\r\n\tat org.getopentest.base.TestActor.executeMacroActionByDef(TestActor.java:1938)\r\n\t... 6 more\r\nCaused by: java.lang.RuntimeException: org.openqa.selenium.WebDriverException: An unknown server-side error occurred while processing the command. Original error: Cannot start the 'com.il.mcdelivery' application. Visit https://github.com/appium/appium/blob/master/docs/en/writing-running-appium/android/activity-startup.md for troubleshooting. Original error: 'com.il.mcdelivery.phone.ui.splash.SplashActivity' or 'com.il.mcdelivery.com.il.mcdelivery.phone.ui.splash.SplashActivity' never started. Visit https://github.com/appium/appium/blob/master/docs/en/writing-running-appium/android/activity-startup.md for troubleshooting\nBuild info: version: '3.141.59', revision: 'e82be7d358', time: '2018-11-14T08:17:03'\nSystem info: host: 'BRILAP5089', ip: '192.168.0.104', os.name: 'Windows 10', os.arch: 'amd64', os.version: '10.0', java.version: '11.0.11'\nDriver info: io.appium.java_client.android.AndroidDriver\nCapabilities {app: C:\\Users\\Shital.Belote\\Down..., appPackage: com.il.mcdelivery, automationName: UiAutomator2, browserName: , databaseEnabled: false, desired: {app: C:\\Users\\Shital.Belote\\Down..., automationName: UiAutomator2, browserName: , deviceName: AndroidDevice1, newCommandTimeout: 600, platformName: android}, deviceApiLevel: 33, deviceManufacturer: Google, deviceModel: sdk_gphone64_x86_64, deviceName: emulator-5554, deviceScreenDensity: 420, deviceScreenSize: 1080x2340, deviceUDID: emulator-5554, javascriptEnabled: true, locationContextEnabled: false, networkConnectionEnabled: true, newCommandTimeout: 600, pixelRatio: 2.625, platform: LINUX, platformName: Android, platformVersion: 13, statBarHeight: 63, takesScreenshot: true, viewportRect: {height: 2214, left: 0, top: 63, width: 1080}, warnings: {}, webStorageEnabled: false}\nSession ID: 466daf29-2102-4b39-9dfc-4327e748f6db\r\n\tat org.getopentest.base.TestActor.executeActionByClassName(TestActor.java:1670)\r\n\tat org.getopentest.base.TestActor.executeActionByDef(TestActor.java:1749)\r\n\t... 7 more\r\nCaused by: org.openqa.selenium.WebDriverException: An unknown server-side error occurred while processing the command. Original error: Cannot start the 'com.il.mcdelivery' application. Visit https://github.com/appium/appium/blob/master/docs/en/writing-running-appium/android/activity-startup.md for troubleshooting. Original error: 'com.il.mcdelivery.phone.ui.splash.SplashActivity' or 'com.il.mcdelivery.com.il.mcdelivery.phone.ui.splash.SplashActivity' never started. Visit https://github.com/appium/appium/blob/master/docs/en/writing-running-appium/android/activity-startup.md for troubleshooting\nBuild info: version: '3.141.59', revision: 'e82be7d358', time: '2018-11-14T08:17:03'\nSystem info: host: 'BRILAP5089', ip: '192.168.0.104', os.name: 'Windows 10', os.arch: 'amd64', os.version: '10.0', java.version: '11.0.11'\nDriver info: io.appium.java_client.android.AndroidDriver\nCapabilities {app: C:\\Users\\Shital.Belote\\Down..., appPackage: com.il.mcdelivery, automationName: UiAutomator2, browserName: , databaseEnabled: false, desired: {app: C:\\Users\\Shital.Belote\\Down..., automationName: UiAutomator2, browserName: , deviceName: AndroidDevice1, newCommandTimeout: 600, platformName: android}, deviceApiLevel: 33, deviceManufacturer: Google, deviceModel: sdk_gphone64_x86_64, deviceName: emulator-5554, deviceScreenDensity: 420, deviceScreenSize: 1080x2340, deviceUDID: emulator-5554, javascriptEnabled: true, locationContextEnabled: false, networkConnectionEnabled: true, newCommandTimeout: 600, pixelRatio: 2.625, platform: LINUX, platformName: Android, platformVersion: 13, statBarHeight: 63, takesScreenshot: true, viewportRect: {height: 2214, left: 0, top: 63, width: 1080}, warnings: {}, webStorageEnabled: false}\nSession ID: 466daf29-2102-4b39-9dfc-4327e748f6db\r\n\tat java.base/jdk.internal.reflect.NativeConstructorAccessorImpl.newInstance0(Native Method)\r\n\tat java.base/jdk.internal.reflect.NativeConstructorAccessorImpl.newInstance(NativeConstructorAccessorImpl.java:62)\r\n\tat java.base/jdk.internal.reflect.DelegatingConstructorAccessorImpl.newInstance(DelegatingConstructorAccessorImpl.java:45)\r\n\tat java.base/java.lang.reflect.Constructor.newInstance(Constructor.java:490)\r\n\tat org.openqa.selenium.remote.http.W3CHttpResponseCodec.createException(W3CHttpResponseCodec.java:187)\r\n\tat org.openqa.selenium.remote.http.W3CHttpResponseCodec.decode(W3CHttpResponseCodec.java:122)\r\n\tat org.openqa.selenium.remote.http.W3CHttpResponseCodec.decode(W3CHttpResponseCodec.java:49)\r\n\tat org.openqa.selenium.remote.HttpCommandExecutor.execute(HttpCommandExecutor.java:158)\r\n\tat io.appium.java_client.remote.AppiumCommandExecutor.execute(AppiumCommandExecutor.java:247)\r\n\tat org.openqa.selenium.remote.RemoteWebDriver.execute(RemoteWebDriver.java:552)\r\n\tat io.appium.java_client.DefaultGenericMobileDriver.execute(DefaultGenericMobileDriver.java:45)\r\n\tat io.appium.java_client.AppiumDriver.execute(AppiumDriver.java:1)\r\n\tat io.appium.java_client.android.AndroidDriver.execute(AndroidDriver.java:1)\r\n\tat io.appium.java_client.InteractsWithApps.launchApp(InteractsWithApps.java:50)\r\n\tat org.getopentest.appium.LaunchApp.run(LaunchApp.java:20)\r\n\tat org.getopentest.base.TestActor.executeAction(TestActor.java:1571)\r\n\tat org.getopentest.base.TestActor.executeActionByClassName(TestActor.java:1647)\r\n\t... 8 more\r\n","v":0}
{"name":"1668590971","hostname":"BRILAP5089","pid":27644,"level":30,"actorType":"ACTOR1","actorId":"3893","time":"2022-11-16T09:30:34.3024963Z","msg":"Test session has completed","v":0}
{"name":"1668590971","hostname":"BRILAP5089","pid":27644,"level":10,"actorType":"ACTOR1","actorId":"3893","time":"2022-11-16T09:30:34.3033637Z","msg":"TRACE: Firing TEST_COMPLETED event...","v":0}
{"name":"1668590971","hostname":"BRILAP5089","pid":27644,"level":10,"actorType":"ACTOR1","actorId":"3893","time":"2022-11-16T09:30:35.2168978Z","msg":"TRACE: Firing SESSION_COMPLETED event...","v":0}
{"name":"1668590971","hostname":"BRILAP5089","pid":27644,"level":30,"actorType":"ACTOR1","actorId":"3893","time":"2022-11-16T09:30:35.2168978Z","msg":"Actor 3893 of type ACTOR1 with no tags is waiting to be acquired by a test session...","v":0}
