{"name":"1668533193","hostname":"BRILAP5089","pid":12664,"level":20,"msg":"Sync server version: 1.3.8 2022-02-25 10:58:11 -0600 50659ecda06a8b79a41f24c1fdff05187324402b","time":"2022-11-15T17:26:32.557Z","v":0}
{"name":"1668533193","hostname":"BRILAP5089","pid":12664,"level":30,"msg":"Acquiring actors for session 1668533193: ACTOR1","time":"2022-11-15T17:26:32.562Z","v":0}
{"name":"1668533193","hostname":"BRILAP5089","pid":12664,"level":30,"msg":"Session 1668533193 with label \"FooterLinks 4\" started at 2022-11-15 17:26:32 UTC","time":"2022-11-15T17:26:32.565Z","v":0}
{"name":"1668533193","hostname":"BRILAP5089","pid":12664,"level":30,"actorType":"ACTOR1","actorId":"34623","time":"2022-11-15T17:26:37.0156335Z","msg":"Actor 34623 of type ACTOR1 was acquired by test session 1668533193","v":0}
{"name":"1668533193","hostname":"BRILAP5089","pid":12664,"level":20,"actorType":"ACTOR1","actorId":"34623","time":"2022-11-15T17:26:37.0247192Z","msg":"DEBUG: Test actor JAR versions:","v":0}
{"name":"1668533193","hostname":"BRILAP5089","pid":12664,"level":20,"actorType":"ACTOR1","actorId":"34623","time":"2022-11-15T17:26:37.0259947Z","msg":"DEBUG:   opentest-appium-0.0.1.jar: 2022-02-25 10:58 -0600 0.0.1-50659ecda06a8b79a41f24c1fdff05187324402b-dirty","v":0}
{"name":"1668533193","hostname":"BRILAP5089","pid":12664,"level":20,"actorType":"ACTOR1","actorId":"34623","time":"2022-11-15T17:26:37.027508Z","msg":"DEBUG:   opentest-base-0.0.1.jar: 2022-02-25 10:58 -0600 0.0.1-50659ecda06a8b79a41f24c1fdff05187324402b-dirty","v":0}
{"name":"1668533193","hostname":"BRILAP5089","pid":12664,"level":20,"actorType":"ACTOR1","actorId":"34623","time":"2022-11-15T17:26:37.027508Z","msg":"DEBUG:   opentest-selenium-0.0.1.jar: 2022-02-25 10:58 -0600 0.0.1-50659ecda06a8b79a41f24c1fdff05187324402b-dirty","v":0}
{"name":"1668533193","hostname":"BRILAP5089","pid":12664,"level":40,"actorType":"ACTOR1","actorId":"34623","time":"2022-11-15T17:26:37.027508Z","msg":"WARN: Failed to log extension JARs","v":0}
{"name":"1668533193","hostname":"BRILAP5089","pid":12664,"level":10,"actorType":"ACTOR1","actorId":"34623","time":"2022-11-15T17:26:37.0285165Z","msg":"TRACE: Firing SESSION_STARTED event...","v":0}
{"name":"1668533193","hostname":"BRILAP5089","pid":12664,"level":30,"actorType":"ACTOR1","actorId":"34623","time":"2022-11-15T17:26:37.1120445Z","msg":"==================== ACTOR1: web/FooterLinks ====================","v":0}
{"name":"1668533193","hostname":"BRILAP5089","pid":12664,"level":30,"actorType":"ACTOR1","actorId":"34623","time":"2022-11-15T17:26:37.1130485Z","msg":"Actor ACTOR1 started executing test web/FooterLinks...","v":0}
{"name":"1668533193","hostname":"BRILAP5089","pid":12664,"level":10,"actorType":"ACTOR1","actorId":"34623","time":"2022-11-15T17:26:37.1130485Z","msg":"TRACE: Firing TEST_STARTED event...","v":0}
{"name":"1668533193","hostname":"BRILAP5089","pid":12664,"level":30,"actorType":"ACTOR1","actorId":"34623","time":"2022-11-15T17:26:37.1520251Z","msg":"Executing segment 1 of test web/FooterLinks...","v":0}
{"name":"1668533193","hostname":"BRILAP5089","pid":12664,"level":30,"actorType":"ACTOR1","actorId":"34623","time":"2022-11-15T17:26:37.1530254Z","msg":"Evaluating action 1/50 (LaunchApp) in segment 1...","v":0}
{"name":"1668533193","hostname":"BRILAP5089","pid":12664,"level":30,"actorType":"ACTOR1","actorId":"34623","time":"2022-11-15T17:26:37.1722059Z","msg":"Executing macro LaunchApp (no arguments were provided)...","v":0}
{"name":"1668533193","hostname":"BRILAP5089","pid":12664,"level":30,"actorType":"ACTOR1","actorId":"34623","time":"2022-11-15T17:26:37.1732031Z","msg":"Evaluating action 1/1 in macro LaunchApp (Launch MACD App)...","v":0}
{"name":"1668533193","hostname":"BRILAP5089","pid":12664,"level":10,"actorType":"ACTOR1","actorId":"34623","time":"2022-11-15T17:26:37.1762027Z","msg":"TRACE: Initializing action org.getopentest.selenium.NavigateTo...","v":0}
{"name":"1668533193","hostname":"BRILAP5089","pid":12664,"level":30,"actorType":"ACTOR1","actorId":"34623","time":"2022-11-15T17:26:37.1812333Z","msg":"Loading configuration from \"C:\\Users\\Shital.Belote\\OpenTestMACD\\BrilMcDPractice\\opentest\\actor1\\actor.yaml\"","v":0}
{"name":"1668533193","hostname":"BRILAP5089","pid":12664,"level":30,"actorType":"ACTOR1","actorId":"34623","time":"2022-11-15T17:26:37.1848547Z","msg":"Using local Selenium server","v":0}
{"name":"1668533193","hostname":"BRILAP5089","pid":12664,"level":50,"actorType":"ACTOR1","actorId":"34623","time":"2022-11-15T17:26:37.2176833Z","msg":"ERROR: java.lang.Exception: Failed executing test web/FooterLinks, segment 1\r\n\tat org.getopentest.base.TestActor.executeTestSegment(TestActor.java:2208)\r\n\tat org.getopentest.base.TestActor.runOneSession(TestActor.java:3077)\r\n\tat org.getopentest.base.TestActor.runOneSession(TestActor.java:3113)\r\n\tat org.getopentest.Main.main(Main.java:20)\r\nCaused by: java.lang.RuntimeException: There was an error while executing action no. 1 (LaunchApp) in segment 1 of test web/FooterLinks.\nThe action definition was:\n{\n  \"action\": \"org.getopentest.base.MacroAction\",\n  \"macro\": \"LaunchApp\"\n}\r\n\tat org.getopentest.base.TestActor.executeTestSegment(TestActor.java:2142)\r\n\t... 3 more\r\nCaused by: java.lang.RuntimeException: Failed executing action org.getopentest.base.MacroAction (no arguments were provided)\r\n\tat org.getopentest.base.TestActor.executeActionByDef(TestActor.java:1872)\r\n\tat org.getopentest.base.TestActor.executeTestSegment(TestActor.java:2092)\r\n\t... 3 more\r\nCaused by: java.lang.Exception: There was an error executing macro action LaunchApp (no arguments were provided)\r\n\tat org.getopentest.base.TestActor.executeMacroActionByName(TestActor.java:2021)\r\n\tat org.getopentest.base.TestActor.executeActionByDef(TestActor.java:1745)\r\n\t... 4 more\r\nCaused by: java.lang.RuntimeException: There was an error while executing action no. 1 (org.getopentest.selenium.NavigateTo) in macro LaunchApp.\nThe action definition was:\n{\n  \"action\": \"org.getopentest.selenium.NavigateTo\",\n  \"args\": {\n    \"url\": \"https://www.mcdonalds.com/us/en-us.html\"\n  },\n  \"description\": \"Launch MACD App\"\n}\r\n\tat org.getopentest.base.TestActor.executeMacroActionByDef(TestActor.java:1973)\r\n\tat org.getopentest.base.TestActor.executeMacroActionByName(TestActor.java:2013)\r\n\t... 5 more\r\nCaused by: java.lang.RuntimeException: Failed executing action org.getopentest.selenium.NavigateTo with arguments {\"url\":\"https://www.mcdonalds.com/us/en-us.html\"}\r\n\tat org.getopentest.base.TestActor.executeActionByDef(TestActor.java:1872)\r\n\tat org.getopentest.base.TestActor.executeMacroActionByDef(TestActor.java:1938)\r\n\t... 6 more\r\nCaused by: java.lang.RuntimeException: java.lang.RuntimeException: Failed to find the Selenium driver executable for browser \"chrome\". File \"C:\\Users\\Shital.Belote\\OneDrive\\Automation Testing\\Softwares\\chromedriver_win32 (1).exe\" does not exist. You can provide the correct path to the driver in the test actor's configuration file.\r\n\tat org.getopentest.base.TestActor.executeActionByClassName(TestActor.java:1670)\r\n\tat org.getopentest.base.TestActor.executeActionByDef(TestActor.java:1749)\r\n\t... 7 more\r\nCaused by: java.lang.RuntimeException: Failed to find the Selenium driver executable for browser \"chrome\". File \"C:\\Users\\Shital.Belote\\OneDrive\\Automation Testing\\Softwares\\chromedriver_win32 (1).exe\" does not exist. You can provide the correct path to the driver in the test actor's configuration file.\r\n\tat org.getopentest.selenium.core.SeleniumHelper.setDriverExecutable(SeleniumHelper.java:306)\r\n\tat org.getopentest.selenium.core.SeleniumHelper.createDriver(SeleniumHelper.java:67)\r\n\tat org.getopentest.selenium.core.SeleniumHelper.getDriver(SeleniumHelper.java:237)\r\n\tat org.getopentest.selenium.core.SeleniumTestAction.initialize(SeleniumTestAction.java:203)\r\n\tat org.getopentest.base.TestActor.executeAction(TestActor.java:1553)\r\n\tat org.getopentest.base.TestActor.executeActionByClassName(TestActor.java:1647)\r\n\t... 8 more\r\n","v":0}
{"name":"1668533193","hostname":"BRILAP5089","pid":12664,"level":30,"actorType":"ACTOR1","actorId":"34623","time":"2022-11-15T17:26:37.7290711Z","msg":"Test session has completed","v":0}
{"name":"1668533193","hostname":"BRILAP5089","pid":12664,"level":10,"actorType":"ACTOR1","actorId":"34623","time":"2022-11-15T17:26:37.7300738Z","msg":"TRACE: Firing TEST_COMPLETED event...","v":0}
{"name":"1668533193","hostname":"BRILAP5089","pid":12664,"level":30,"actorType":"ACTOR1","actorId":"34623","time":"2022-11-15T17:26:37.7310673Z","msg":"Using local Selenium server","v":0}
{"name":"1668533193","hostname":"BRILAP5089","pid":12664,"level":50,"actorType":"ACTOR1","actorId":"34623","time":"2022-11-15T17:26:37.7315795Z","msg":"ERROR: The \"runOneSession\" method failed","v":0}
{"name":"1668533193","hostname":"BRILAP5089","pid":12664,"level":50,"actorType":"ACTOR1","actorId":"34623","time":"2022-11-15T17:26:37.7325951Z","msg":"ERROR: java.lang.NullPointerException\r\n\tat org.getopentest.selenium.core.SeleniumTestAction$1.update(SeleniumTestAction.java:190)\r\n\tat java.base/java.util.Observable.notifyObservers(Observable.java:173)\r\n\tat org.getopentest.base.TestActor.runOneSession(TestActor.java:3102)\r\n\tat org.getopentest.base.TestActor.runOneSession(TestActor.java:3113)\r\n\tat org.getopentest.Main.main(Main.java:20)\r\n","v":0}
{"name":"1668533193","hostname":"BRILAP5089","pid":12664,"level":30,"actorType":"ACTOR1","actorId":"34623","time":"2022-11-15T17:26:37.7335948Z","msg":"Actor 34623 of type ACTOR1 with no tags is waiting to be acquired by a test session...","v":0}
