{"id":1668437340,"actors":{"12118":{"id":12118,"lastSeenTime":1668437334914,"testSessionId":1668437340,"type":"ACTOR1","tags":[],"_id":"BmRZFxUMkRhpkxGI","ip":"::ffff:127.0.0.1","tests":[{"currentSegmentIndex":1,"segments":[{"index":0,"status":"completed","timeStarted":1668437340586,"timeCompleted":1668437340613,"result":"passed"},{"index":1,"status":"completed","timeStarted":1668437340634,"timeCompleted":1668437357650,"result":"failed"}],"name":"Order Fires and  Sides","path":"web","timeCompleted":null,"timeStarted":1668437340586}]}},"maxIterations":"1","currentIteration":1,"currentTestIndex":1,"currentSegmentIndex":0,"label":"Session 1668437243 2","result":"failed","status":"completed","tests":[{"actions":[{"action":"org.getopentest.selenium.NavigateTo","actorType":"ACTOR1","args":{"url":"https://www.mcdonalds.com/us/en-us.html"},"isCheckpoint":false,"description":"Mcdonalds fast food ordering","durationMs":10444,"macroStack":["OurMenu"],"result":"passed","segment":1},{"action":"org.getopentest.selenium.Click","actorType":"ACTOR1","args":{"locator":{"xpath":"//button[@aria-controls='ourMenuSubItemsList_desktop']"}},"isCheckpoint":false,"description":"Click on OurMenu drop down","durationMs":385,"macroStack":["OurMenu"],"result":"passed","segment":1},{"action":"org.getopentest.base.MacroAction","actorType":"ACTOR1","args":{},"isCheckpoint":false,"description":"OurMenu","durationMs":10956,"macro":"OurMenu","macroStack":[],"result":"passed","segment":1},{"action":"org.getopentest.selenium.Click","actorType":"ACTOR1","args":{"locator":{"xpath":"//div[@id='ourMenuSubItemsList_desktop']//span[@class='menu-text'][text()='Fries® & Sides']"}},"isCheckpoint":false,"description":"Click on FiresAndSide hyperlink","durationMs":4311,"macroStack":[],"result":"passed","segment":1},{"action":"org.getopentest.selenium.Click","actorType":"ACTOR1","args":{"locator":{"xpath":"//div[@id='onetrust-close-btn-container']/button"}},"isCheckpoint":false,"description":"To Close Cookies popup","durationMs":321,"macroStack":[],"result":"passed","segment":1},{"action":"org.getopentest.selenium.ActionsMoveTo","actorType":"ACTOR1","args":{},"isCheckpoint":false,"description":"Move the mouse to the product","durationMs":1356,"macroStack":["Scroll"],"result":"failed","screenshot":"SID1668437340_ACTOR1_T01_SG01_ST04_error.png","segment":1,"stackTrace":"java.lang.RuntimeException: org.getopentest.exceptions.ArgumentException: Mandatory argument \"locator\" was not provided for action org.getopentest.selenium.ActionsMoveTo.\r\n\tat org.getopentest.base.TestActor.executeActionByClassName(TestActor.java:1670)\r\n\tat org.getopentest.base.TestActor.executeActionByDef(TestActor.java:1749)\r\n\tat org.getopentest.base.TestActor.executeMacroActionByDef(TestActor.java:1938)\r\n\tat org.getopentest.base.TestActor.executeMacroActionByName(TestActor.java:2013)\r\n\tat org.getopentest.base.TestActor.executeActionByDef(TestActor.java:1745)\r\n\tat org.getopentest.base.TestActor.executeTestSegment(TestActor.java:2092)\r\n\tat org.getopentest.base.TestActor.runOneSession(TestActor.java:3077)\r\n\tat org.getopentest.base.TestActor.runOneSession(TestActor.java:3113)\r\n\tat org.getopentest.Main.main(Main.java:20)\r\nCaused by: org.getopentest.exceptions.ArgumentException: Mandatory argument \"locator\" was not provided for action org.getopentest.selenium.ActionsMoveTo.\r\n\tat org.getopentest.base.TestAction.readArgument(TestAction.java:166)\r\n\tat org.getopentest.selenium.core.SeleniumTestAction.readLocatorArgument(SeleniumTestAction.java:233)\r\n\tat org.getopentest.selenium.ActionsMoveTo.run(ActionsMoveTo.java:13)\r\n\tat org.getopentest.base.TestActor.executeAction(TestActor.java:1571)\r\n\tat org.getopentest.base.TestActor.executeActionByClassName(TestActor.java:1647)\r\n\t... 8 more\r\n"},{"action":"org.getopentest.base.MacroAction","actorType":"ACTOR1","args":{"locator":{"xpath":"//div[@id='product-category-e90ee6e60b-5d087c01d0_name']"}},"isCheckpoint":false,"description":"Scroll","durationMs":1392,"macro":"Scroll","macroStack":[],"result":"failed","segment":1,"stackTrace":"java.lang.Exception: There was an error executing macro action Scroll with arguments {\"locator\":{\"xpath\":\"//div[@id='product-category-e90ee6e60b-5d087c01d0_name']\"}}\r\n\tat org.getopentest.base.TestActor.executeMacroActionByName(TestActor.java:2021)\r\n\tat org.getopentest.base.TestActor.executeActionByDef(TestActor.java:1745)\r\n\tat org.getopentest.base.TestActor.executeTestSegment(TestActor.java:2092)\r\n\tat org.getopentest.base.TestActor.runOneSession(TestActor.java:3077)\r\n\tat org.getopentest.base.TestActor.runOneSession(TestActor.java:3113)\r\n\tat org.getopentest.Main.main(Main.java:20)\r\nCaused by: java.lang.RuntimeException: There was an error while executing action no. 1 (org.getopentest.selenium.ActionsMoveTo) in macro Scroll.\nThe action definition was:\n{\n  \"action\": \"org.getopentest.selenium.ActionsMoveTo\",\n  \"description\": \"Move the mouse to the product\"\n}\r\n\tat org.getopentest.base.TestActor.executeMacroActionByDef(TestActor.java:1973)\r\n\tat org.getopentest.base.TestActor.executeMacroActionByName(TestActor.java:2013)\r\n\t... 5 more\r\nCaused by: java.lang.RuntimeException: Failed executing action org.getopentest.selenium.ActionsMoveTo (no arguments were provided)\r\n\tat org.getopentest.base.TestActor.executeActionByDef(TestActor.java:1872)\r\n\tat org.getopentest.base.TestActor.executeMacroActionByDef(TestActor.java:1938)\r\n\t... 6 more\r\nCaused by: java.lang.RuntimeException: org.getopentest.exceptions.ArgumentException: Mandatory argument \"locator\" was not provided for action org.getopentest.selenium.ActionsMoveTo.\r\n\tat org.getopentest.base.TestActor.executeActionByClassName(TestActor.java:1670)\r\n\tat org.getopentest.base.TestActor.executeActionByDef(TestActor.java:1749)\r\n\t... 7 more\r\nCaused by: org.getopentest.exceptions.ArgumentException: Mandatory argument \"locator\" was not provided for action org.getopentest.selenium.ActionsMoveTo.\r\n\tat org.getopentest.base.TestAction.readArgument(TestAction.java:166)\r\n\tat org.getopentest.selenium.core.SeleniumTestAction.readLocatorArgument(SeleniumTestAction.java:233)\r\n\tat org.getopentest.selenium.ActionsMoveTo.run(ActionsMoveTo.java:13)\r\n\tat org.getopentest.base.TestActor.executeAction(TestActor.java:1571)\r\n\tat org.getopentest.base.TestActor.executeActionByClassName(TestActor.java:1647)\r\n\t... 8 more\r\n"}],"currentIteration":1,"currentSegmentIndex":0,"isDataDriven":false,"name":"Order Fires and  Sides","path":"web","result":"failed","status":"completed","segments":[{"index":0,"result":"passed","status":"completed","timeStarted":1668437340586,"timeCompleted":1668437340613},{"index":1,"result":"failed","status":"completed","timeStarted":1668437340634,"timeCompleted":1668437357650}],"tags":[],"timeStarted":1668437340586,"timeCompleted":1668437357650}],"timeCreated":1668437339765,"timeStarted":1668437340586,"timeCompleted":1668437357650,"lastActivity":1668437357649,"_id":"0RngfeOaopqN5sJP","actorTags":[],"environment":"","currentDataRecordIndex":-1}
{"id":1668494531,"actors":{"58706":{"id":58706,"lastSeenTime":1668494526104,"testSessionId":1668494531,"type":"ACTOR1","tags":[],"_id":"MmljWbd2F3kRDMc0","ip":"::ffff:127.0.0.1","tests":[{"currentSegmentIndex":1,"segments":[{"index":0,"status":"completed","timeStarted":1668494531927,"timeCompleted":1668494531943,"result":"passed"},{"index":1,"status":"completed","timeStarted":1668494531960,"timeCompleted":1668494544782,"result":"failed"}],"name":"Order Fires and  Sides","path":"web","timeCompleted":null,"timeStarted":1668494531927}]}},"maxIterations":"1","currentIteration":1,"currentTestIndex":1,"currentSegmentIndex":0,"label":"Session 1668494531","result":"failed","status":"completed","tests":[{"actions":[{"action":"org.getopentest.selenium.NavigateTo","actorType":"ACTOR1","args":{"url":"https://www.mcdonalds.com/us/en-us.html"},"isCheckpoint":false,"description":"Mcdonalds fast food ordering","durationMs":8276,"macroStack":["OurMenu"],"result":"passed","segment":1},{"action":"org.getopentest.selenium.Click","actorType":"ACTOR1","args":{"locator":{"xpath":"//button[@aria-controls='ourMenuSubItemsList_desktop']"}},"isCheckpoint":false,"description":"Click on OurMenu drop down","durationMs":210,"macroStack":["OurMenu"],"result":"passed","segment":1},{"action":"org.getopentest.base.MacroAction","actorType":"ACTOR1","args":{},"isCheckpoint":false,"description":"OurMenu","durationMs":8567,"macro":"OurMenu","macroStack":[],"result":"passed","segment":1},{"action":"org.getopentest.selenium.Click","actorType":"ACTOR1","args":{"locator":{"xpath":"//div[@id='ourMenuSubItemsList_desktop']//span[@class='menu-text'][text()='Fries® & Sides']"}},"isCheckpoint":false,"description":"Click on FiresAndSide hyperlink","durationMs":2640,"macroStack":[],"result":"passed","segment":1},{"action":"org.getopentest.selenium.Click","actorType":"ACTOR1","args":{"locator":{"xpath":"//div[@id='onetrust-close-btn-container']/button"}},"isCheckpoint":false,"description":"To Close Cookies popup","durationMs":224,"macroStack":[],"result":"passed","segment":1},{"action":"org.getopentest.selenium.ActionsMoveTo","actorType":"ACTOR1","args":{},"isCheckpoint":false,"description":"Move the mouse to product 1 element","durationMs":1339,"macroStack":["Scroll"],"result":"failed","screenshot":"SID1668494531_ACTOR1_T01_SG01_ST04_error.png","segment":1,"stackTrace":"java.lang.RuntimeException: org.getopentest.exceptions.ArgumentException: Mandatory argument \"locator\" was not provided for action org.getopentest.selenium.ActionsMoveTo.\r\n\tat org.getopentest.base.TestActor.executeActionByClassName(TestActor.java:1670)\r\n\tat org.getopentest.base.TestActor.executeActionByDef(TestActor.java:1749)\r\n\tat org.getopentest.base.TestActor.executeMacroActionByDef(TestActor.java:1938)\r\n\tat org.getopentest.base.TestActor.executeMacroActionByName(TestActor.java:2013)\r\n\tat org.getopentest.base.TestActor.executeActionByDef(TestActor.java:1745)\r\n\tat org.getopentest.base.TestActor.executeTestSegment(TestActor.java:2092)\r\n\tat org.getopentest.base.TestActor.runOneSession(TestActor.java:3077)\r\n\tat org.getopentest.base.TestActor.runOneSession(TestActor.java:3113)\r\n\tat org.getopentest.Main.main(Main.java:20)\r\nCaused by: org.getopentest.exceptions.ArgumentException: Mandatory argument \"locator\" was not provided for action org.getopentest.selenium.ActionsMoveTo.\r\n\tat org.getopentest.base.TestAction.readArgument(TestAction.java:166)\r\n\tat org.getopentest.selenium.core.SeleniumTestAction.readLocatorArgument(SeleniumTestAction.java:233)\r\n\tat org.getopentest.selenium.ActionsMoveTo.run(ActionsMoveTo.java:13)\r\n\tat org.getopentest.base.TestActor.executeAction(TestActor.java:1571)\r\n\tat org.getopentest.base.TestActor.executeActionByClassName(TestActor.java:1647)\r\n\t... 8 more\r\n"},{"action":"org.getopentest.base.MacroAction","actorType":"ACTOR1","args":{"locator":{"xpath":"//div[@id='product-category-e90ee6e60b-5d087c01d0_name']"}},"isCheckpoint":false,"description":"Scroll","durationMs":1354,"macro":"Scroll","macroStack":[],"result":"failed","segment":1,"stackTrace":"java.lang.Exception: There was an error executing macro action Scroll with arguments {\"locator\":{\"xpath\":\"//div[@id='product-category-e90ee6e60b-5d087c01d0_name']\"}}\r\n\tat org.getopentest.base.TestActor.executeMacroActionByName(TestActor.java:2021)\r\n\tat org.getopentest.base.TestActor.executeActionByDef(TestActor.java:1745)\r\n\tat org.getopentest.base.TestActor.executeTestSegment(TestActor.java:2092)\r\n\tat org.getopentest.base.TestActor.runOneSession(TestActor.java:3077)\r\n\tat org.getopentest.base.TestActor.runOneSession(TestActor.java:3113)\r\n\tat org.getopentest.Main.main(Main.java:20)\r\nCaused by: java.lang.RuntimeException: There was an error while executing action no. 1 (org.getopentest.selenium.ActionsMoveTo) in macro Scroll.\nThe action definition was:\n{\n  \"action\": \"org.getopentest.selenium.ActionsMoveTo\",\n  \"description\": \"Move the mouse to product 1 element\"\n}\r\n\tat org.getopentest.base.TestActor.executeMacroActionByDef(TestActor.java:1973)\r\n\tat org.getopentest.base.TestActor.executeMacroActionByName(TestActor.java:2013)\r\n\t... 5 more\r\nCaused by: java.lang.RuntimeException: Failed executing action org.getopentest.selenium.ActionsMoveTo (no arguments were provided)\r\n\tat org.getopentest.base.TestActor.executeActionByDef(TestActor.java:1872)\r\n\tat org.getopentest.base.TestActor.executeMacroActionByDef(TestActor.java:1938)\r\n\t... 6 more\r\nCaused by: java.lang.RuntimeException: org.getopentest.exceptions.ArgumentException: Mandatory argument \"locator\" was not provided for action org.getopentest.selenium.ActionsMoveTo.\r\n\tat org.getopentest.base.TestActor.executeActionByClassName(TestActor.java:1670)\r\n\tat org.getopentest.base.TestActor.executeActionByDef(TestActor.java:1749)\r\n\t... 7 more\r\nCaused by: org.getopentest.exceptions.ArgumentException: Mandatory argument \"locator\" was not provided for action org.getopentest.selenium.ActionsMoveTo.\r\n\tat org.getopentest.base.TestAction.readArgument(TestAction.java:166)\r\n\tat org.getopentest.selenium.core.SeleniumTestAction.readLocatorArgument(SeleniumTestAction.java:233)\r\n\tat org.getopentest.selenium.ActionsMoveTo.run(ActionsMoveTo.java:13)\r\n\tat org.getopentest.base.TestActor.executeAction(TestActor.java:1571)\r\n\tat org.getopentest.base.TestActor.executeActionByClassName(TestActor.java:1647)\r\n\t... 8 more\r\n"}],"currentIteration":1,"currentSegmentIndex":0,"isDataDriven":false,"name":"Order Fires and  Sides","path":"web","result":"failed","status":"completed","segments":[{"index":0,"result":"passed","status":"completed","timeStarted":1668494531927,"timeCompleted":1668494531943},{"index":1,"result":"failed","status":"completed","timeStarted":1668494531960,"timeCompleted":1668494544782}],"tags":[],"timeStarted":1668494531927,"timeCompleted":1668494544782}],"timeCreated":1668494530692,"timeStarted":1668494531927,"timeCompleted":1668494544782,"lastActivity":1668494544782,"_id":"0lEwk9KEUQpFT70c","actorTags":[],"environment":"","currentDataRecordIndex":-1}
{"id":1668497630,"actors":{"58706":{"id":58706,"lastSeenTime":1668497628930,"testSessionId":1668497630,"type":"ACTOR1","tags":[],"_id":"MmljWbd2F3kRDMc0","ip":"::ffff:127.0.0.1","tests":[{"currentSegmentIndex":1,"segments":[{"index":0,"status":"completed","timeStarted":1668497634257,"timeCompleted":1668497634278,"result":"passed"},{"index":1,"status":"completed","timeStarted":1668497634301,"timeCompleted":1668497648146,"result":"failed"}],"name":"Order Fires and  Sides","path":"web","timeCompleted":null,"timeStarted":1668497634257}]}},"maxIterations":"1","currentIteration":1,"currentTestIndex":1,"currentSegmentIndex":0,"label":"Session 1668497630","result":"failed","status":"completed","tests":[{"actions":[{"action":"org.getopentest.selenium.NavigateTo","actorType":"ACTOR1","args":{"url":"https://www.mcdonalds.com/us/en-us.html"},"isCheckpoint":false,"description":"Mcdonalds fast food ordering","durationMs":9783,"macroStack":["OurMenu"],"result":"passed","segment":1},{"action":"org.getopentest.selenium.Click","actorType":"ACTOR1","args":{"locator":{"xpath":"//button[@aria-controls='ourMenuSubItemsList_desktop']"}},"isCheckpoint":false,"description":"Click on OurMenu drop down","durationMs":170,"macroStack":["OurMenu"],"result":"passed","segment":1},{"action":"org.getopentest.base.MacroAction","actorType":"ACTOR1","args":{},"isCheckpoint":false,"description":"OurMenu","durationMs":10017,"macro":"OurMenu","macroStack":[],"result":"passed","segment":1},{"action":"org.getopentest.selenium.Click","actorType":"ACTOR1","args":{"locator":{"xpath":"//div[@id='ourMenuSubItemsList_desktop']//span[@class='menu-text'][text()='Fries® & Sides']"}},"isCheckpoint":false,"description":"Click on FiresAndSide hyperlink","durationMs":2310,"macroStack":[],"result":"passed","segment":1},{"action":"org.getopentest.selenium.Click","actorType":"ACTOR1","args":{"locator":{"xpath":"//div[@id='onetrust-close-btn-container']/button"}},"isCheckpoint":false,"description":"To Close Cookies popup","durationMs":232,"macroStack":[],"result":"passed","segment":1},{"action":"org.getopentest.selenium.ActionsMoveTo","actorType":"ACTOR1","args":{},"isCheckpoint":false,"description":"Move the mouse to product 1 element","durationMs":1247,"macroStack":["Scroll"],"result":"failed","screenshot":"SID1668497630_ACTOR1_T01_SG01_ST04_error.png","segment":1,"stackTrace":"java.lang.RuntimeException: org.getopentest.exceptions.ArgumentException: Mandatory argument \"locator\" was not provided for action org.getopentest.selenium.ActionsMoveTo.\r\n\tat org.getopentest.base.TestActor.executeActionByClassName(TestActor.java:1670)\r\n\tat org.getopentest.base.TestActor.executeActionByDef(TestActor.java:1749)\r\n\tat org.getopentest.base.TestActor.executeMacroActionByDef(TestActor.java:1938)\r\n\tat org.getopentest.base.TestActor.executeMacroActionByName(TestActor.java:2013)\r\n\tat org.getopentest.base.TestActor.executeActionByDef(TestActor.java:1745)\r\n\tat org.getopentest.base.TestActor.executeTestSegment(TestActor.java:2092)\r\n\tat org.getopentest.base.TestActor.runOneSession(TestActor.java:3077)\r\n\tat org.getopentest.base.TestActor.runOneSession(TestActor.java:3113)\r\n\tat org.getopentest.Main.main(Main.java:20)\r\nCaused by: org.getopentest.exceptions.ArgumentException: Mandatory argument \"locator\" was not provided for action org.getopentest.selenium.ActionsMoveTo.\r\n\tat org.getopentest.base.TestAction.readArgument(TestAction.java:166)\r\n\tat org.getopentest.selenium.core.SeleniumTestAction.readLocatorArgument(SeleniumTestAction.java:233)\r\n\tat org.getopentest.selenium.ActionsMoveTo.run(ActionsMoveTo.java:13)\r\n\tat org.getopentest.base.TestActor.executeAction(TestActor.java:1571)\r\n\tat org.getopentest.base.TestActor.executeActionByClassName(TestActor.java:1647)\r\n\t... 8 more\r\n"},{"action":"org.getopentest.base.MacroAction","actorType":"ACTOR1","args":{"locator":{"xpath":"//div[@id='product-category-e90ee6e60b-5d087c01d0_name']"}},"isCheckpoint":false,"description":"Scroll","durationMs":1260,"macro":"Scroll","macroStack":[],"result":"failed","segment":1,"stackTrace":"java.lang.Exception: There was an error executing macro action Scroll with arguments {\"locator\":{\"xpath\":\"//div[@id='product-category-e90ee6e60b-5d087c01d0_name']\"}}\r\n\tat org.getopentest.base.TestActor.executeMacroActionByName(TestActor.java:2021)\r\n\tat org.getopentest.base.TestActor.executeActionByDef(TestActor.java:1745)\r\n\tat org.getopentest.base.TestActor.executeTestSegment(TestActor.java:2092)\r\n\tat org.getopentest.base.TestActor.runOneSession(TestActor.java:3077)\r\n\tat org.getopentest.base.TestActor.runOneSession(TestActor.java:3113)\r\n\tat org.getopentest.Main.main(Main.java:20)\r\nCaused by: java.lang.RuntimeException: There was an error while executing action no. 1 (org.getopentest.selenium.ActionsMoveTo) in macro Scroll.\nThe action definition was:\n{\n  \"action\": \"org.getopentest.selenium.ActionsMoveTo\",\n  \"description\": \"Move the mouse to product 1 element\"\n}\r\n\tat org.getopentest.base.TestActor.executeMacroActionByDef(TestActor.java:1973)\r\n\tat org.getopentest.base.TestActor.executeMacroActionByName(TestActor.java:2013)\r\n\t... 5 more\r\nCaused by: java.lang.RuntimeException: Failed executing action org.getopentest.selenium.ActionsMoveTo (no arguments were provided)\r\n\tat org.getopentest.base.TestActor.executeActionByDef(TestActor.java:1872)\r\n\tat org.getopentest.base.TestActor.executeMacroActionByDef(TestActor.java:1938)\r\n\t... 6 more\r\nCaused by: java.lang.RuntimeException: org.getopentest.exceptions.ArgumentException: Mandatory argument \"locator\" was not provided for action org.getopentest.selenium.ActionsMoveTo.\r\n\tat org.getopentest.base.TestActor.executeActionByClassName(TestActor.java:1670)\r\n\tat org.getopentest.base.TestActor.executeActionByDef(TestActor.java:1749)\r\n\t... 7 more\r\nCaused by: org.getopentest.exceptions.ArgumentException: Mandatory argument \"locator\" was not provided for action org.getopentest.selenium.ActionsMoveTo.\r\n\tat org.getopentest.base.TestAction.readArgument(TestAction.java:166)\r\n\tat org.getopentest.selenium.core.SeleniumTestAction.readLocatorArgument(SeleniumTestAction.java:233)\r\n\tat org.getopentest.selenium.ActionsMoveTo.run(ActionsMoveTo.java:13)\r\n\tat org.getopentest.base.TestActor.executeAction(TestActor.java:1571)\r\n\tat org.getopentest.base.TestActor.executeActionByClassName(TestActor.java:1647)\r\n\t... 8 more\r\n"}],"currentIteration":1,"currentSegmentIndex":0,"isDataDriven":false,"name":"Order Fires and  Sides","path":"web","result":"failed","status":"completed","segments":[{"index":0,"result":"passed","status":"completed","timeStarted":1668497634257,"timeCompleted":1668497634278},{"index":1,"result":"failed","status":"completed","timeStarted":1668497634301,"timeCompleted":1668497648146}],"tags":[],"timeStarted":1668497634257,"timeCompleted":1668497648146}],"timeCreated":1668497629548,"timeStarted":1668497634257,"timeCompleted":1668497648146,"lastActivity":1668497648145,"_id":"25bOXSTafuXTBXku","actorTags":[],"environment":"","currentDataRecordIndex":-1}
{"id":1668436420,"actors":{"12118":{"id":12118,"lastSeenTime":1668436416343,"testSessionId":1668436420,"type":"ACTOR1","tags":[],"_id":"BmRZFxUMkRhpkxGI","ip":"::ffff:127.0.0.1","tests":[{"currentSegmentIndex":1,"segments":[{"index":0,"status":"completed","timeStarted":1668436422244,"timeCompleted":1668436422277,"result":"passed"},{"index":1,"status":"completed","timeStarted":1668436422294,"timeCompleted":1668436437031,"result":"failed"}],"name":"Order Fires and  Sides","path":"web","timeCompleted":null,"timeStarted":1668436422244}]}},"maxIterations":"1","currentIteration":1,"currentTestIndex":1,"currentSegmentIndex":0,"label":"Session 1668436027 2","result":"failed","status":"completed","tests":[{"actions":[{"action":"org.getopentest.selenium.NavigateTo","actorType":"ACTOR1","args":{"url":"https://www.mcdonalds.com/us/en-us.html"},"isCheckpoint":false,"description":"Mcdonalds fast food ordering","durationMs":9682,"macroStack":["OurMenu"],"result":"passed","segment":1},{"action":"org.getopentest.selenium.Click","actorType":"ACTOR1","args":{"locator":{"xpath":"//button[@aria-controls='ourMenuSubItemsList_desktop']"}},"isCheckpoint":false,"description":"Click on OurMenu drop down","durationMs":237,"macroStack":["OurMenu"],"result":"passed","segment":1},{"action":"org.getopentest.base.MacroAction","actorType":"ACTOR1","args":{},"isCheckpoint":false,"description":"OurMenu","durationMs":10039,"macro":"OurMenu","macroStack":[],"result":"passed","segment":1},{"action":"org.getopentest.selenium.Click","actorType":"ACTOR1","args":{"locator":{"xpath":"//div[@id='ourMenuSubItemsList_desktop']//span[@class='menu-text'][text()='Fries® & Sides']"}},"isCheckpoint":false,"description":"Click on FiresAndSide hyperlink","durationMs":3025,"macroStack":[],"result":"passed","segment":1},{"action":"org.getopentest.selenium.Click","actorType":"ACTOR1","args":{"locator":{"xpath":"//div[@id='onetrust-close-btn-container']/button"}},"isCheckpoint":false,"description":"To Close Cookies popup","durationMs":282,"macroStack":[],"result":"passed","segment":1},{"action":"org.getopentest.selenium.ActionsMoveTo","actorType":"ACTOR1","args":{},"isCheckpoint":false,"description":"Move the mouse to the product","durationMs":1335,"macroStack":["Scroll"],"result":"failed","screenshot":"SID1668436420_ACTOR1_T01_SG01_ST04_error.png","segment":1,"stackTrace":"java.lang.RuntimeException: org.getopentest.exceptions.ArgumentException: Mandatory argument \"locator\" was not provided for action org.getopentest.selenium.ActionsMoveTo.\r\n\tat org.getopentest.base.TestActor.executeActionByClassName(TestActor.java:1670)\r\n\tat org.getopentest.base.TestActor.executeActionByDef(TestActor.java:1749)\r\n\tat org.getopentest.base.TestActor.executeMacroActionByDef(TestActor.java:1938)\r\n\tat org.getopentest.base.TestActor.executeMacroActionByName(TestActor.java:2013)\r\n\tat org.getopentest.base.TestActor.executeActionByDef(TestActor.java:1745)\r\n\tat org.getopentest.base.TestActor.executeTestSegment(TestActor.java:2092)\r\n\tat org.getopentest.base.TestActor.runOneSession(TestActor.java:3077)\r\n\tat org.getopentest.base.TestActor.runOneSession(TestActor.java:3113)\r\n\tat org.getopentest.Main.main(Main.java:20)\r\nCaused by: org.getopentest.exceptions.ArgumentException: Mandatory argument \"locator\" was not provided for action org.getopentest.selenium.ActionsMoveTo.\r\n\tat org.getopentest.base.TestAction.readArgument(TestAction.java:166)\r\n\tat org.getopentest.selenium.core.SeleniumTestAction.readLocatorArgument(SeleniumTestAction.java:233)\r\n\tat org.getopentest.selenium.ActionsMoveTo.run(ActionsMoveTo.java:13)\r\n\tat org.getopentest.base.TestActor.executeAction(TestActor.java:1571)\r\n\tat org.getopentest.base.TestActor.executeActionByClassName(TestActor.java:1647)\r\n\t... 8 more\r\n"},{"action":"org.getopentest.base.MacroAction","actorType":"ACTOR1","args":{"locator":{"xpath":"//div[@id='product-category-e90ee6e60b-5d087c01d0_name']"}},"isCheckpoint":false,"description":"Scroll","durationMs":1362,"macro":"Scroll","macroStack":[],"result":"failed","segment":1,"stackTrace":"java.lang.Exception: There was an error executing macro action Scroll with arguments {\"locator\":{\"xpath\":\"//div[@id='product-category-e90ee6e60b-5d087c01d0_name']\"}}\r\n\tat org.getopentest.base.TestActor.executeMacroActionByName(TestActor.java:2021)\r\n\tat org.getopentest.base.TestActor.executeActionByDef(TestActor.java:1745)\r\n\tat org.getopentest.base.TestActor.executeTestSegment(TestActor.java:2092)\r\n\tat org.getopentest.base.TestActor.runOneSession(TestActor.java:3077)\r\n\tat org.getopentest.base.TestActor.runOneSession(TestActor.java:3113)\r\n\tat org.getopentest.Main.main(Main.java:20)\r\nCaused by: java.lang.RuntimeException: There was an error while executing action no. 1 (org.getopentest.selenium.ActionsMoveTo) in macro Scroll.\nThe action definition was:\n{\n  \"action\": \"org.getopentest.selenium.ActionsMoveTo\",\n  \"description\": \"Move the mouse to the product\"\n}\r\n\tat org.getopentest.base.TestActor.executeMacroActionByDef(TestActor.java:1973)\r\n\tat org.getopentest.base.TestActor.executeMacroActionByName(TestActor.java:2013)\r\n\t... 5 more\r\nCaused by: java.lang.RuntimeException: Failed executing action org.getopentest.selenium.ActionsMoveTo (no arguments were provided)\r\n\tat org.getopentest.base.TestActor.executeActionByDef(TestActor.java:1872)\r\n\tat org.getopentest.base.TestActor.executeMacroActionByDef(TestActor.java:1938)\r\n\t... 6 more\r\nCaused by: java.lang.RuntimeException: org.getopentest.exceptions.ArgumentException: Mandatory argument \"locator\" was not provided for action org.getopentest.selenium.ActionsMoveTo.\r\n\tat org.getopentest.base.TestActor.executeActionByClassName(TestActor.java:1670)\r\n\tat org.getopentest.base.TestActor.executeActionByDef(TestActor.java:1749)\r\n\t... 7 more\r\nCaused by: org.getopentest.exceptions.ArgumentException: Mandatory argument \"locator\" was not provided for action org.getopentest.selenium.ActionsMoveTo.\r\n\tat org.getopentest.base.TestAction.readArgument(TestAction.java:166)\r\n\tat org.getopentest.selenium.core.SeleniumTestAction.readLocatorArgument(SeleniumTestAction.java:233)\r\n\tat org.getopentest.selenium.ActionsMoveTo.run(ActionsMoveTo.java:13)\r\n\tat org.getopentest.base.TestActor.executeAction(TestActor.java:1571)\r\n\tat org.getopentest.base.TestActor.executeActionByClassName(TestActor.java:1647)\r\n\t... 8 more\r\n"}],"currentIteration":1,"currentSegmentIndex":0,"isDataDriven":false,"name":"Order Fires and  Sides","path":"web","result":"failed","status":"completed","segments":[{"index":0,"result":"passed","status":"completed","timeStarted":1668436422244,"timeCompleted":1668436422277},{"index":1,"result":"failed","status":"completed","timeStarted":1668436422294,"timeCompleted":1668436437031}],"tags":[],"timeStarted":1668436422244,"timeCompleted":1668436437031}],"timeCreated":1668436420223,"timeStarted":1668436422244,"timeCompleted":1668436437031,"lastActivity":1668436437030,"_id":"4biJNNjooOBTF4cZ","actorTags":[],"environment":"","currentDataRecordIndex":-1}
{"id":1668492808,"actors":{"58706":{"id":58706,"lastSeenTime":1668492807469,"testSessionId":1668492808,"type":"ACTOR1","tags":[],"_id":"MmljWbd2F3kRDMc0","ip":"::ffff:127.0.0.1","tests":[{"currentSegmentIndex":1,"segments":[{"index":0,"status":"completed","timeStarted":1668492813332,"timeCompleted":1668492813369,"result":"passed"},{"index":1,"status":"completed","timeStarted":1668492813404,"timeCompleted":1668492834920,"result":"failed"}],"name":"Order Fires and  Sides","path":"web","timeCompleted":null,"timeStarted":1668492813332}]}},"maxIterations":"1","currentIteration":1,"currentTestIndex":1,"currentSegmentIndex":0,"label":"Session 1668492808","result":"failed","status":"completed","tests":[{"actions":[{"action":"org.getopentest.selenium.NavigateTo","actorType":"ACTOR1","args":{"url":"https://www.mcdonalds.com/us/en-us.html"},"isCheckpoint":false,"description":"Mcdonalds fast food ordering","durationMs":14832,"macroStack":["OurMenu"],"result":"passed","segment":1},{"action":"org.getopentest.selenium.Click","actorType":"ACTOR1","args":{"locator":{"xpath":"//button[@aria-controls='ourMenuSubItemsList_desktop']"}},"isCheckpoint":false,"description":"Click on OurMenu drop down","durationMs":671,"macroStack":["OurMenu"],"result":"passed","segment":1},{"action":"org.getopentest.base.MacroAction","actorType":"ACTOR1","args":{},"isCheckpoint":false,"description":"OurMenu","durationMs":15773,"macro":"OurMenu","macroStack":[],"result":"passed","segment":1},{"action":"org.getopentest.selenium.Click","actorType":"ACTOR1","args":{"locator":{"xpath":"//div[@id='ourMenuSubItemsList_desktop']//span[@class='menu-text'][text()='Fries® & Sides']"}},"isCheckpoint":false,"description":"Click on FiresAndSide hyperlink","durationMs":3266,"macroStack":[],"result":"passed","segment":1},{"action":"org.getopentest.selenium.Click","actorType":"ACTOR1","args":{"locator":{"xpath":"//div[@id='onetrust-close-btn-container']/button"}},"isCheckpoint":false,"description":"To Close Cookies popup","durationMs":678,"macroStack":[],"result":"passed","segment":1},{"action":"org.getopentest.selenium.ActionsMoveTo","actorType":"ACTOR1","args":{},"isCheckpoint":false,"description":"Move the mouse to product 1 element","durationMs":1647,"macroStack":["Scroll"],"result":"failed","screenshot":"SID1668492808_ACTOR1_T01_SG01_ST04_error.png","segment":1,"stackTrace":"java.lang.RuntimeException: org.getopentest.exceptions.ArgumentException: Mandatory argument \"locator\" was not provided for action org.getopentest.selenium.ActionsMoveTo.\r\n\tat org.getopentest.base.TestActor.executeActionByClassName(TestActor.java:1670)\r\n\tat org.getopentest.base.TestActor.executeActionByDef(TestActor.java:1749)\r\n\tat org.getopentest.base.TestActor.executeMacroActionByDef(TestActor.java:1938)\r\n\tat org.getopentest.base.TestActor.executeMacroActionByName(TestActor.java:2013)\r\n\tat org.getopentest.base.TestActor.executeActionByDef(TestActor.java:1745)\r\n\tat org.getopentest.base.TestActor.executeTestSegment(TestActor.java:2092)\r\n\tat org.getopentest.base.TestActor.runOneSession(TestActor.java:3077)\r\n\tat org.getopentest.base.TestActor.runOneSession(TestActor.java:3113)\r\n\tat org.getopentest.Main.main(Main.java:20)\r\nCaused by: org.getopentest.exceptions.ArgumentException: Mandatory argument \"locator\" was not provided for action org.getopentest.selenium.ActionsMoveTo.\r\n\tat org.getopentest.base.TestAction.readArgument(TestAction.java:166)\r\n\tat org.getopentest.selenium.core.SeleniumTestAction.readLocatorArgument(SeleniumTestAction.java:233)\r\n\tat org.getopentest.selenium.ActionsMoveTo.run(ActionsMoveTo.java:13)\r\n\tat org.getopentest.base.TestActor.executeAction(TestActor.java:1571)\r\n\tat org.getopentest.base.TestActor.executeActionByClassName(TestActor.java:1647)\r\n\t... 8 more\r\n"},{"action":"org.getopentest.base.MacroAction","actorType":"ACTOR1","args":{"locator":{"xpath":"//div[@id='product-category-e90ee6e60b-5d087c01d0_name']"}},"isCheckpoint":false,"description":"Scroll","durationMs":1707,"macro":"Scroll","macroStack":[],"result":"failed","segment":1,"stackTrace":"java.lang.Exception: There was an error executing macro action Scroll with arguments {\"locator\":{\"xpath\":\"//div[@id='product-category-e90ee6e60b-5d087c01d0_name']\"}}\r\n\tat org.getopentest.base.TestActor.executeMacroActionByName(TestActor.java:2021)\r\n\tat org.getopentest.base.TestActor.executeActionByDef(TestActor.java:1745)\r\n\tat org.getopentest.base.TestActor.executeTestSegment(TestActor.java:2092)\r\n\tat org.getopentest.base.TestActor.runOneSession(TestActor.java:3077)\r\n\tat org.getopentest.base.TestActor.runOneSession(TestActor.java:3113)\r\n\tat org.getopentest.Main.main(Main.java:20)\r\nCaused by: java.lang.RuntimeException: There was an error while executing action no. 1 (org.getopentest.selenium.ActionsMoveTo) in macro Scroll.\nThe action definition was:\n{\n  \"action\": \"org.getopentest.selenium.ActionsMoveTo\",\n  \"description\": \"Move the mouse to product 1 element\"\n}\r\n\tat org.getopentest.base.TestActor.executeMacroActionByDef(TestActor.java:1973)\r\n\tat org.getopentest.base.TestActor.executeMacroActionByName(TestActor.java:2013)\r\n\t... 5 more\r\nCaused by: java.lang.RuntimeException: Failed executing action org.getopentest.selenium.ActionsMoveTo (no arguments were provided)\r\n\tat org.getopentest.base.TestActor.executeActionByDef(TestActor.java:1872)\r\n\tat org.getopentest.base.TestActor.executeMacroActionByDef(TestActor.java:1938)\r\n\t... 6 more\r\nCaused by: java.lang.RuntimeException: org.getopentest.exceptions.ArgumentException: Mandatory argument \"locator\" was not provided for action org.getopentest.selenium.ActionsMoveTo.\r\n\tat org.getopentest.base.TestActor.executeActionByClassName(TestActor.java:1670)\r\n\tat org.getopentest.base.TestActor.executeActionByDef(TestActor.java:1749)\r\n\t... 7 more\r\nCaused by: org.getopentest.exceptions.ArgumentException: Mandatory argument \"locator\" was not provided for action org.getopentest.selenium.ActionsMoveTo.\r\n\tat org.getopentest.base.TestAction.readArgument(TestAction.java:166)\r\n\tat org.getopentest.selenium.core.SeleniumTestAction.readLocatorArgument(SeleniumTestAction.java:233)\r\n\tat org.getopentest.selenium.ActionsMoveTo.run(ActionsMoveTo.java:13)\r\n\tat org.getopentest.base.TestActor.executeAction(TestActor.java:1571)\r\n\tat org.getopentest.base.TestActor.executeActionByClassName(TestActor.java:1647)\r\n\t... 8 more\r\n"}],"currentIteration":1,"currentSegmentIndex":0,"isDataDriven":false,"name":"Order Fires and  Sides","path":"web","result":"failed","status":"completed","segments":[{"index":0,"result":"passed","status":"completed","timeStarted":1668492813332,"timeCompleted":1668492813369},{"index":1,"result":"failed","status":"completed","timeStarted":1668492813404,"timeCompleted":1668492834920}],"tags":[],"timeStarted":1668492813332,"timeCompleted":1668492834920}],"timeCreated":1668492807866,"timeStarted":1668492813332,"timeCompleted":1668492834920,"lastActivity":1668492834919,"_id":"8Z1gFqRoQJ1zmEGi","actorTags":[],"environment":"","currentDataRecordIndex":-1}
{"id":1668446657,"actors":{"12118":{"id":12118,"lastSeenTime":1668446654984,"testSessionId":1668446657,"type":"ACTOR1","tags":[],"_id":"BmRZFxUMkRhpkxGI","ip":"::ffff:127.0.0.1","tests":[{"currentSegmentIndex":1,"segments":[{"index":0,"status":"completed","timeStarted":1668446660653,"timeCompleted":1668446660698,"result":"passed"},{"index":1,"status":"completed","timeStarted":1668446660727,"timeCompleted":1668446678707,"result":"failed"}],"name":"Order Fires and  Sides","path":"web","timeCompleted":null,"timeStarted":1668446660653}]}},"maxIterations":"1","currentIteration":1,"currentTestIndex":1,"currentSegmentIndex":0,"label":"Session 1668437243 3","result":"failed","status":"completed","tests":[{"actions":[{"action":"org.getopentest.selenium.NavigateTo","actorType":"ACTOR1","args":{"url":"https://www.mcdonalds.com/us/en-us.html"},"isCheckpoint":false,"description":"Mcdonalds fast food ordering","durationMs":12189,"macroStack":["OurMenu"],"result":"passed","segment":1},{"action":"org.getopentest.selenium.Click","actorType":"ACTOR1","args":{"locator":{"xpath":"//button[@aria-controls='ourMenuSubItemsList_desktop']"}},"isCheckpoint":false,"description":"Click on OurMenu drop down","durationMs":356,"macroStack":["OurMenu"],"result":"passed","segment":1},{"action":"org.getopentest.base.MacroAction","actorType":"ACTOR1","args":{},"isCheckpoint":false,"description":"OurMenu","durationMs":12714,"macro":"OurMenu","macroStack":[],"result":"passed","segment":1},{"action":"org.getopentest.selenium.Click","actorType":"ACTOR1","args":{"locator":{"xpath":"//div[@id='ourMenuSubItemsList_desktop']//span[@class='menu-text'][text()='Fries® & Sides']"}},"isCheckpoint":false,"description":"Click on FiresAndSide hyperlink","durationMs":3290,"macroStack":[],"result":"passed","segment":1},{"action":"org.getopentest.selenium.Click","actorType":"ACTOR1","args":{"locator":{"xpath":"//div[@id='onetrust-close-btn-container']/button"}},"isCheckpoint":false,"description":"To Close Cookies popup","durationMs":242,"macroStack":[],"result":"passed","segment":1},{"action":"org.getopentest.selenium.ActionsMoveTo","actorType":"ACTOR1","args":{},"isCheckpoint":false,"description":"Move the mouse to the product","durationMs":1654,"macroStack":["Scroll"],"result":"failed","screenshot":"SID1668446657_ACTOR1_T01_SG01_ST04_error.png","segment":1,"stackTrace":"java.lang.RuntimeException: org.getopentest.exceptions.ArgumentException: Mandatory argument \"locator\" was not provided for action org.getopentest.selenium.ActionsMoveTo.\r\n\tat org.getopentest.base.TestActor.executeActionByClassName(TestActor.java:1670)\r\n\tat org.getopentest.base.TestActor.executeActionByDef(TestActor.java:1749)\r\n\tat org.getopentest.base.TestActor.executeMacroActionByDef(TestActor.java:1938)\r\n\tat org.getopentest.base.TestActor.executeMacroActionByName(TestActor.java:2013)\r\n\tat org.getopentest.base.TestActor.executeActionByDef(TestActor.java:1745)\r\n\tat org.getopentest.base.TestActor.executeTestSegment(TestActor.java:2092)\r\n\tat org.getopentest.base.TestActor.runOneSession(TestActor.java:3077)\r\n\tat org.getopentest.base.TestActor.runOneSession(TestActor.java:3113)\r\n\tat org.getopentest.Main.main(Main.java:20)\r\nCaused by: org.getopentest.exceptions.ArgumentException: Mandatory argument \"locator\" was not provided for action org.getopentest.selenium.ActionsMoveTo.\r\n\tat org.getopentest.base.TestAction.readArgument(TestAction.java:166)\r\n\tat org.getopentest.selenium.core.SeleniumTestAction.readLocatorArgument(SeleniumTestAction.java:233)\r\n\tat org.getopentest.selenium.ActionsMoveTo.run(ActionsMoveTo.java:13)\r\n\tat org.getopentest.base.TestActor.executeAction(TestActor.java:1571)\r\n\tat org.getopentest.base.TestActor.executeActionByClassName(TestActor.java:1647)\r\n\t... 8 more\r\n"},{"action":"org.getopentest.base.MacroAction","actorType":"ACTOR1","args":{"locator":{"xpath":"//div[@id='product-category-e90ee6e60b-5d087c01d0_name']"}},"isCheckpoint":false,"description":"Scroll","durationMs":1696,"macro":"Scroll","macroStack":[],"result":"failed","segment":1,"stackTrace":"java.lang.Exception: There was an error executing macro action Scroll with arguments {\"locator\":{\"xpath\":\"//div[@id='product-category-e90ee6e60b-5d087c01d0_name']\"}}\r\n\tat org.getopentest.base.TestActor.executeMacroActionByName(TestActor.java:2021)\r\n\tat org.getopentest.base.TestActor.executeActionByDef(TestActor.java:1745)\r\n\tat org.getopentest.base.TestActor.executeTestSegment(TestActor.java:2092)\r\n\tat org.getopentest.base.TestActor.runOneSession(TestActor.java:3077)\r\n\tat org.getopentest.base.TestActor.runOneSession(TestActor.java:3113)\r\n\tat org.getopentest.Main.main(Main.java:20)\r\nCaused by: java.lang.RuntimeException: There was an error while executing action no. 1 (org.getopentest.selenium.ActionsMoveTo) in macro Scroll.\nThe action definition was:\n{\n  \"action\": \"org.getopentest.selenium.ActionsMoveTo\",\n  \"description\": \"Move the mouse to the product\"\n}\r\n\tat org.getopentest.base.TestActor.executeMacroActionByDef(TestActor.java:1973)\r\n\tat org.getopentest.base.TestActor.executeMacroActionByName(TestActor.java:2013)\r\n\t... 5 more\r\nCaused by: java.lang.RuntimeException: Failed executing action org.getopentest.selenium.ActionsMoveTo (no arguments were provided)\r\n\tat org.getopentest.base.TestActor.executeActionByDef(TestActor.java:1872)\r\n\tat org.getopentest.base.TestActor.executeMacroActionByDef(TestActor.java:1938)\r\n\t... 6 more\r\nCaused by: java.lang.RuntimeException: org.getopentest.exceptions.ArgumentException: Mandatory argument \"locator\" was not provided for action org.getopentest.selenium.ActionsMoveTo.\r\n\tat org.getopentest.base.TestActor.executeActionByClassName(TestActor.java:1670)\r\n\tat org.getopentest.base.TestActor.executeActionByDef(TestActor.java:1749)\r\n\t... 7 more\r\nCaused by: org.getopentest.exceptions.ArgumentException: Mandatory argument \"locator\" was not provided for action org.getopentest.selenium.ActionsMoveTo.\r\n\tat org.getopentest.base.TestAction.readArgument(TestAction.java:166)\r\n\tat org.getopentest.selenium.core.SeleniumTestAction.readLocatorArgument(SeleniumTestAction.java:233)\r\n\tat org.getopentest.selenium.ActionsMoveTo.run(ActionsMoveTo.java:13)\r\n\tat org.getopentest.base.TestActor.executeAction(TestActor.java:1571)\r\n\tat org.getopentest.base.TestActor.executeActionByClassName(TestActor.java:1647)\r\n\t... 8 more\r\n"}],"currentIteration":1,"currentSegmentIndex":0,"isDataDriven":false,"name":"Order Fires and  Sides","path":"web","result":"failed","status":"completed","segments":[{"index":0,"result":"passed","status":"completed","timeStarted":1668446660653,"timeCompleted":1668446660698},{"index":1,"result":"failed","status":"completed","timeStarted":1668446660727,"timeCompleted":1668446678707}],"tags":[],"timeStarted":1668446660653,"timeCompleted":1668446678707}],"timeCreated":1668446657482,"timeStarted":1668446660653,"timeCompleted":1668446678708,"lastActivity":1668446678706,"_id":"AM0JhcfrKwlRg6FT","actorTags":[],"environment":"","currentDataRecordIndex":-1}
{"id":1668498774,"actors":{"58706":{"id":58706,"lastSeenTime":1668498773141,"testSessionId":1668498774,"type":"ACTOR1","tags":[],"_id":"MmljWbd2F3kRDMc0","ip":"::ffff:127.0.0.1","tests":[{"currentSegmentIndex":1,"segments":[{"index":0,"status":"completed","timeStarted":1668498779264,"timeCompleted":1668498779281,"result":"passed"},{"index":1,"status":"completed","timeStarted":1668498779294,"timeCompleted":1668498806770,"result":"failed"}],"name":"Order a Burger","path":"web","timeCompleted":null,"timeStarted":1668498779264}]}},"maxIterations":"1","currentIteration":1,"currentTestIndex":1,"currentSegmentIndex":0,"label":"Session 1668498774","result":"failed","status":"completed","tests":[{"actions":[{"action":"org.getopentest.selenium.NavigateTo","actorType":"ACTOR1","args":{"url":"https://www.mcdonalds.com/us/en-us.html"},"isCheckpoint":false,"description":"Mcdonalds fast food ordering","durationMs":15867,"macroStack":["OurMenu"],"result":"passed","segment":1},{"action":"org.getopentest.selenium.Click","actorType":"ACTOR1","args":{"locator":{"xpath":"//button[@aria-controls='ourMenuSubItemsList_desktop']"}},"isCheckpoint":false,"description":"Click on OurMenu drop down","durationMs":11505,"macroStack":["OurMenu"],"result":"failed","screenshot":"SID1668498774_ACTOR1_T01_SG01_ST01_error.png","segment":1,"stackTrace":"java.lang.RuntimeException: java.lang.RuntimeException: Failed clicking on element By.xpath: //button[@aria-controls='ourMenuSubItemsList_desktop']\r\n\tat org.getopentest.base.TestActor.executeActionByClassName(TestActor.java:1670)\r\n\tat org.getopentest.base.TestActor.executeActionByDef(TestActor.java:1749)\r\n\tat org.getopentest.base.TestActor.executeMacroActionByDef(TestActor.java:1938)\r\n\tat org.getopentest.base.TestActor.executeMacroActionByName(TestActor.java:2013)\r\n\tat org.getopentest.base.TestActor.executeActionByDef(TestActor.java:1745)\r\n\tat org.getopentest.base.TestActor.executeTestSegment(TestActor.java:2092)\r\n\tat org.getopentest.base.TestActor.runOneSession(TestActor.java:3077)\r\n\tat org.getopentest.base.TestActor.runOneSession(TestActor.java:3113)\r\n\tat org.getopentest.Main.main(Main.java:20)\r\nCaused by: java.lang.RuntimeException: Failed clicking on element By.xpath: //button[@aria-controls='ourMenuSubItemsList_desktop']\r\n\tat org.getopentest.selenium.Click.run(Click.java:34)\r\n\tat org.getopentest.base.TestActor.executeAction(TestActor.java:1571)\r\n\tat org.getopentest.base.TestActor.executeActionByClassName(TestActor.java:1647)\r\n\t... 8 more\r\nCaused by: org.openqa.selenium.TimeoutException: Expected condition failed: waiting for presence of element located by: By.xpath: //button[@aria-controls='ourMenuSubItemsList_desktop'] (tried for 10 second(s) with 500 milliseconds interval)\r\n\tat org.openqa.selenium.support.ui.WebDriverWait.timeoutException(WebDriverWait.java:95)\r\n\tat org.openqa.selenium.support.ui.FluentWait.until(FluentWait.java:272)\r\n\tat org.getopentest.selenium.core.SeleniumTestAction.getElement(SeleniumTestAction.java:58)\r\n\tat org.getopentest.selenium.core.SeleniumTestAction.getElement(SeleniumTestAction.java:50)\r\n\tat org.getopentest.selenium.Click.run(Click.java:29)\r\n\t... 10 more\r\nCaused by: org.openqa.selenium.NoSuchElementException: no such element: Unable to locate element: {\"method\":\"xpath\",\"selector\":\"//button[@aria-controls='ourMenuSubItemsList_desktop']\"}\n  (Session info: chrome=107.0.5304.107)\nFor documentation on this error, please visit: https://www.seleniumhq.org/exceptions/no_such_element.html\nBuild info: version: '3.141.59', revision: 'e82be7d358', time: '2018-11-14T08:17:03'\nSystem info: host: 'BRILAP3418', ip: '192.168.1.100', os.name: 'Windows 11', os.arch: 'amd64', os.version: '10.0', java.version: '11.0.16.1'\nDriver info: org.openqa.selenium.chrome.ChromeDriver\nCapabilities {acceptInsecureCerts: false, browserName: chrome, browserVersion: 107.0.5304.107, chrome: {chromedriverVersion: 107.0.5304.62 (1eec40d3a576..., userDataDir: C:\\Users\\MOHAMM~1.AHA\\AppDa...}, goog:chromeOptions: {debuggerAddress: localhost:59277}, javascriptEnabled: true, networkConnectionEnabled: false, pageLoadStrategy: normal, platform: WINDOWS, platformName: WINDOWS, proxy: Proxy(), setWindowRect: true, strictFileInteractability: false, timeouts: {implicit: 0, pageLoad: 300000, script: 30000}, unhandledPromptBehavior: dismiss and notify, webauthn:extension:credBlob: true, webauthn:extension:largeBlob: true, webauthn:virtualAuthenticators: true}\nSession ID: 0e170266386393cb67e57d4fc30ae332\n*** Element info: {Using=xpath, value=//button[@aria-controls='ourMenuSubItemsList_desktop']}\r\n\tat jdk.internal.reflect.GeneratedConstructorAccessor12.newInstance(Unknown Source)\r\n\tat java.base/jdk.internal.reflect.DelegatingConstructorAccessorImpl.newInstance(DelegatingConstructorAccessorImpl.java:45)\r\n\tat java.base/java.lang.reflect.Constructor.newInstance(Constructor.java:490)\r\n\tat org.openqa.selenium.remote.http.W3CHttpResponseCodec.createException(W3CHttpResponseCodec.java:187)\r\n\tat org.openqa.selenium.remote.http.W3CHttpResponseCodec.decode(W3CHttpResponseCodec.java:122)\r\n\tat org.openqa.selenium.remote.http.W3CHttpResponseCodec.decode(W3CHttpResponseCodec.java:49)\r\n\tat org.openqa.selenium.remote.HttpCommandExecutor.execute(HttpCommandExecutor.java:158)\r\n\tat org.openqa.selenium.remote.service.DriverCommandExecutor.execute(DriverCommandExecutor.java:83)\r\n\tat org.openqa.selenium.remote.RemoteWebDriver.execute(RemoteWebDriver.java:552)\r\n\tat org.openqa.selenium.remote.RemoteWebDriver.findElement(RemoteWebDriver.java:323)\r\n\tat org.openqa.selenium.remote.RemoteWebDriver.findElementByXPath(RemoteWebDriver.java:428)\r\n\tat org.openqa.selenium.By$ByXPath.findElement(By.java:353)\r\n\tat org.openqa.selenium.remote.RemoteWebDriver.findElement(RemoteWebDriver.java:315)\r\n\tat org.openqa.selenium.support.ui.ExpectedConditions$6.apply(ExpectedConditions.java:182)\r\n\tat org.openqa.selenium.support.ui.ExpectedConditions$6.apply(ExpectedConditions.java:179)\r\n\tat org.openqa.selenium.support.ui.FluentWait.until(FluentWait.java:249)\r\n\t... 13 more\r\n"},{"action":"org.getopentest.base.MacroAction","actorType":"ACTOR1","args":{},"isCheckpoint":false,"description":"OurMenu","durationMs":27461,"macro":"OurMenu","macroStack":[],"result":"failed","segment":1,"stackTrace":"java.lang.Exception: There was an error executing macro action OurMenu (no arguments were provided)\r\n\tat org.getopentest.base.TestActor.executeMacroActionByName(TestActor.java:2021)\r\n\tat org.getopentest.base.TestActor.executeActionByDef(TestActor.java:1745)\r\n\tat org.getopentest.base.TestActor.executeTestSegment(TestActor.java:2092)\r\n\tat org.getopentest.base.TestActor.runOneSession(TestActor.java:3077)\r\n\tat org.getopentest.base.TestActor.runOneSession(TestActor.java:3113)\r\n\tat org.getopentest.Main.main(Main.java:20)\r\nCaused by: java.lang.RuntimeException: There was an error while executing action no. 2 (org.getopentest.selenium.Click) in macro OurMenu.\nThe action definition was:\n{\n  \"action\": \"org.getopentest.selenium.Click\",\n  \"args\": {\n    \"locator\": {\n      \"xpath\": \"//button[@aria-controls='ourMenuSubItemsList_desktop']\"\n    }\n  },\n  \"description\": \"Click on OurMenu drop down\"\n}\r\n\tat org.getopentest.base.TestActor.executeMacroActionByDef(TestActor.java:1973)\r\n\tat org.getopentest.base.TestActor.executeMacroActionByName(TestActor.java:2013)\r\n\t... 5 more\r\nCaused by: java.lang.RuntimeException: Failed executing action org.getopentest.selenium.Click with arguments {\"locator\":{\"xpath\":\"//button[@aria-controls='ourMenuSubItemsList_desktop']\"}}\r\n\tat org.getopentest.base.TestActor.executeActionByDef(TestActor.java:1872)\r\n\tat org.getopentest.base.TestActor.executeMacroActionByDef(TestActor.java:1938)\r\n\t... 6 more\r\nCaused by: java.lang.RuntimeException: java.lang.RuntimeException: Failed clicking on element By.xpath: //button[@aria-controls='ourMenuSubItemsList_desktop']\r\n\tat org.getopentest.base.TestActor.executeActionByClassName(TestActor.java:1670)\r\n\tat org.getopentest.base.TestActor.executeActionByDef(TestActor.java:1749)\r\n\t... 7 more\r\nCaused by: java.lang.RuntimeException: Failed clicking on element By.xpath: //button[@aria-controls='ourMenuSubItemsList_desktop']\r\n\tat org.getopentest.selenium.Click.run(Click.java:34)\r\n\tat org.getopentest.base.TestActor.executeAction(TestActor.java:1571)\r\n\tat org.getopentest.base.TestActor.executeActionByClassName(TestActor.java:1647)\r\n\t... 8 more\r\nCaused by: org.openqa.selenium.TimeoutException: Expected condition failed: waiting for presence of element located by: By.xpath: //button[@aria-controls='ourMenuSubItemsList_desktop'] (tried for 10 second(s) with 500 milliseconds interval)\r\n\tat org.openqa.selenium.support.ui.WebDriverWait.timeoutException(WebDriverWait.java:95)\r\n\tat org.openqa.selenium.support.ui.FluentWait.until(FluentWait.java:272)\r\n\tat org.getopentest.selenium.core.SeleniumTestAction.getElement(SeleniumTestAction.java:58)\r\n\tat org.getopentest.selenium.core.SeleniumTestAction.getElement(SeleniumTestAction.java:50)\r\n\tat org.getopentest.selenium.Click.run(Click.java:29)\r\n\t... 10 more\r\nCaused by: org.openqa.selenium.NoSuchElementException: no such element: Unable to locate element: {\"method\":\"xpath\",\"selector\":\"//button[@aria-controls='ourMenuSubItemsList_desktop']\"}\n  (Session info: chrome=107.0.5304.107)\nFor documentation on this error, please visit: https://www.seleniumhq.org/exceptions/no_such_element.html\nBuild info: version: '3.141.59', revision: 'e82be7d358', time: '2018-11-14T08:17:03'\nSystem info: host: 'BRILAP3418', ip: '192.168.1.100', os.name: 'Windows 11', os.arch: 'amd64', os.version: '10.0', java.version: '11.0.16.1'\nDriver info: org.openqa.selenium.chrome.ChromeDriver\nCapabilities {acceptInsecureCerts: false, browserName: chrome, browserVersion: 107.0.5304.107, chrome: {chromedriverVersion: 107.0.5304.62 (1eec40d3a576..., userDataDir: C:\\Users\\MOHAMM~1.AHA\\AppDa...}, goog:chromeOptions: {debuggerAddress: localhost:59277}, javascriptEnabled: true, networkConnectionEnabled: false, pageLoadStrategy: normal, platform: WINDOWS, platformName: WINDOWS, proxy: Proxy(), setWindowRect: true, strictFileInteractability: false, timeouts: {implicit: 0, pageLoad: 300000, script: 30000}, unhandledPromptBehavior: dismiss and notify, webauthn:extension:credBlob: true, webauthn:extension:largeBlob: true, webauthn:virtualAuthenticators: true}\nSession ID: 0e170266386393cb67e57d4fc30ae332\n*** Element info: {Using=xpath, value=//button[@aria-controls='ourMenuSubItemsList_desktop']}\r\n\tat jdk.internal.reflect.GeneratedConstructorAccessor12.newInstance(Unknown Source)\r\n\tat java.base/jdk.internal.reflect.DelegatingConstructorAccessorImpl.newInstance(DelegatingConstructorAccessorImpl.java:45)\r\n\tat java.base/java.lang.reflect.Constructor.newInstance(Constructor.java:490)\r\n\tat org.openqa.selenium.remote.http.W3CHttpResponseCodec.createException(W3CHttpResponseCodec.java:187)\r\n\tat org.openqa.selenium.remote.http.W3CHttpResponseCodec.decode(W3CHttpResponseCodec.java:122)\r\n\tat org.openqa.selenium.remote.http.W3CHttpResponseCodec.decode(W3CHttpResponseCodec.java:49)\r\n\tat org.openqa.selenium.remote.HttpCommandExecutor.execute(HttpCommandExecutor.java:158)\r\n\tat org.openqa.selenium.remote.service.DriverCommandExecutor.execute(DriverCommandExecutor.java:83)\r\n\tat org.openqa.selenium.remote.RemoteWebDriver.execute(RemoteWebDriver.java:552)\r\n\tat org.openqa.selenium.remote.RemoteWebDriver.findElement(RemoteWebDriver.java:323)\r\n\tat org.openqa.selenium.remote.RemoteWebDriver.findElementByXPath(RemoteWebDriver.java:428)\r\n\tat org.openqa.selenium.By$ByXPath.findElement(By.java:353)\r\n\tat org.openqa.selenium.remote.RemoteWebDriver.findElement(RemoteWebDriver.java:315)\r\n\tat org.openqa.selenium.support.ui.ExpectedConditions$6.apply(ExpectedConditions.java:182)\r\n\tat org.openqa.selenium.support.ui.ExpectedConditions$6.apply(ExpectedConditions.java:179)\r\n\tat org.openqa.selenium.support.ui.FluentWait.until(FluentWait.java:249)\r\n\t... 13 more\r\n"}],"currentIteration":1,"currentSegmentIndex":0,"isDataDriven":false,"name":"Order a Burger","path":"web","result":"failed","status":"completed","segments":[{"index":0,"result":"passed","status":"completed","timeStarted":1668498779264,"timeCompleted":1668498779281},{"index":1,"result":"failed","status":"completed","timeStarted":1668498779294,"timeCompleted":1668498806770}],"tags":[],"timeStarted":1668498779264,"timeCompleted":1668498806770}],"timeCreated":1668498773571,"timeStarted":1668498779264,"timeCompleted":1668498806770,"lastActivity":1668498806769,"_id":"DYQ0FnIH8W2GbqOA","actorTags":[],"environment":"","currentDataRecordIndex":-1}
{"id":1668435731,"actors":{"12118":{"id":12118,"lastSeenTime":1668435728161,"testSessionId":1668435731,"type":"ACTOR1","tags":[],"_id":"BmRZFxUMkRhpkxGI","ip":"::ffff:127.0.0.1","tests":[{"currentSegmentIndex":1,"segments":[{"index":0,"status":"completed","timeStarted":1668435733862,"timeCompleted":1668435733888,"result":"passed"},{"index":1,"status":"completed","timeStarted":1668435733904,"timeCompleted":1668435751329,"result":"failed"}],"name":"Order Sweets and Treats","path":"web","timeCompleted":null,"timeStarted":1668435733862}]}},"maxIterations":"1","currentIteration":1,"currentTestIndex":1,"currentSegmentIndex":0,"label":"Session 1668435731","result":"failed","status":"completed","tests":[{"actions":[{"action":"org.getopentest.selenium.NavigateTo","actorType":"ACTOR1","args":{"url":"https://www.mcdonalds.com/us/en-us.html"},"isCheckpoint":false,"description":"Mcdonalds fast food ordering","durationMs":12675,"macroStack":["OurMenu"],"result":"passed","segment":1},{"action":"org.getopentest.selenium.Click","actorType":"ACTOR1","args":{"locator":{"xpath":"//button[@aria-controls='ourMenuSubItemsList_desktop']"}},"isCheckpoint":false,"description":"Click on OurMenu drop down","durationMs":274,"macroStack":["OurMenu"],"result":"passed","segment":1},{"action":"org.getopentest.base.MacroAction","actorType":"ACTOR1","args":{},"isCheckpoint":false,"description":"OurMenu","durationMs":13048,"macro":"OurMenu","macroStack":[],"result":"passed","segment":1},{"action":"org.getopentest.selenium.Click","actorType":"ACTOR1","args":{"locator":{"xpath":"//div[@id='ourMenuSubItemsList_desktop']//span[@class='menu-text'][text()='Sweets & Treats']"}},"isCheckpoint":false,"description":"Click on SweetsAndTreats hyperlink","durationMs":2621,"macroStack":[],"result":"passed","segment":1},{"action":"org.getopentest.selenium.Click","actorType":"ACTOR1","args":{"locator":{"xpath":"//div[@id='onetrust-close-btn-container']/button"}},"isCheckpoint":false,"description":"To Close Cookies popup","durationMs":320,"macroStack":[],"result":"passed","segment":1},{"action":"org.getopentest.selenium.ActionsMoveTo","actorType":"ACTOR1","args":{},"isCheckpoint":false,"description":"Move the mouse to the product","durationMs":1348,"macroStack":["Scroll"],"result":"failed","screenshot":"SID1668435731_ACTOR1_T01_SG01_ST04_error.png","segment":1,"stackTrace":"java.lang.RuntimeException: org.getopentest.exceptions.ArgumentException: Mandatory argument \"locator\" was not provided for action org.getopentest.selenium.ActionsMoveTo.\r\n\tat org.getopentest.base.TestActor.executeActionByClassName(TestActor.java:1670)\r\n\tat org.getopentest.base.TestActor.executeActionByDef(TestActor.java:1749)\r\n\tat org.getopentest.base.TestActor.executeMacroActionByDef(TestActor.java:1938)\r\n\tat org.getopentest.base.TestActor.executeMacroActionByName(TestActor.java:2013)\r\n\tat org.getopentest.base.TestActor.executeActionByDef(TestActor.java:1745)\r\n\tat org.getopentest.base.TestActor.executeTestSegment(TestActor.java:2092)\r\n\tat org.getopentest.base.TestActor.runOneSession(TestActor.java:3077)\r\n\tat org.getopentest.base.TestActor.runOneSession(TestActor.java:3113)\r\n\tat org.getopentest.Main.main(Main.java:20)\r\nCaused by: org.getopentest.exceptions.ArgumentException: Mandatory argument \"locator\" was not provided for action org.getopentest.selenium.ActionsMoveTo.\r\n\tat org.getopentest.base.TestAction.readArgument(TestAction.java:166)\r\n\tat org.getopentest.selenium.core.SeleniumTestAction.readLocatorArgument(SeleniumTestAction.java:233)\r\n\tat org.getopentest.selenium.ActionsMoveTo.run(ActionsMoveTo.java:13)\r\n\tat org.getopentest.base.TestActor.executeAction(TestActor.java:1571)\r\n\tat org.getopentest.base.TestActor.executeActionByClassName(TestActor.java:1647)\r\n\t... 8 more\r\n"},{"action":"org.getopentest.base.MacroAction","actorType":"ACTOR1","args":{"locator":{"xpath":"//img[@id='product-category-f7e34a9e55-df295ff5ab_image']"}},"isCheckpoint":false,"description":"Scroll","durationMs":1395,"macro":"Scroll","macroStack":[],"result":"failed","segment":1,"stackTrace":"java.lang.Exception: There was an error executing macro action Scroll with arguments {\"locator\":{\"xpath\":\"//img[@id='product-category-f7e34a9e55-df295ff5ab_image']\"}}\r\n\tat org.getopentest.base.TestActor.executeMacroActionByName(TestActor.java:2021)\r\n\tat org.getopentest.base.TestActor.executeActionByDef(TestActor.java:1745)\r\n\tat org.getopentest.base.TestActor.executeTestSegment(TestActor.java:2092)\r\n\tat org.getopentest.base.TestActor.runOneSession(TestActor.java:3077)\r\n\tat org.getopentest.base.TestActor.runOneSession(TestActor.java:3113)\r\n\tat org.getopentest.Main.main(Main.java:20)\r\nCaused by: java.lang.RuntimeException: There was an error while executing action no. 1 (org.getopentest.selenium.ActionsMoveTo) in macro Scroll.\nThe action definition was:\n{\n  \"action\": \"org.getopentest.selenium.ActionsMoveTo\",\n  \"description\": \"Move the mouse to the product\"\n}\r\n\tat org.getopentest.base.TestActor.executeMacroActionByDef(TestActor.java:1973)\r\n\tat org.getopentest.base.TestActor.executeMacroActionByName(TestActor.java:2013)\r\n\t... 5 more\r\nCaused by: java.lang.RuntimeException: Failed executing action org.getopentest.selenium.ActionsMoveTo (no arguments were provided)\r\n\tat org.getopentest.base.TestActor.executeActionByDef(TestActor.java:1872)\r\n\tat org.getopentest.base.TestActor.executeMacroActionByDef(TestActor.java:1938)\r\n\t... 6 more\r\nCaused by: java.lang.RuntimeException: org.getopentest.exceptions.ArgumentException: Mandatory argument \"locator\" was not provided for action org.getopentest.selenium.ActionsMoveTo.\r\n\tat org.getopentest.base.TestActor.executeActionByClassName(TestActor.java:1670)\r\n\tat org.getopentest.base.TestActor.executeActionByDef(TestActor.java:1749)\r\n\t... 7 more\r\nCaused by: org.getopentest.exceptions.ArgumentException: Mandatory argument \"locator\" was not provided for action org.getopentest.selenium.ActionsMoveTo.\r\n\tat org.getopentest.base.TestAction.readArgument(TestAction.java:166)\r\n\tat org.getopentest.selenium.core.SeleniumTestAction.readLocatorArgument(SeleniumTestAction.java:233)\r\n\tat org.getopentest.selenium.ActionsMoveTo.run(ActionsMoveTo.java:13)\r\n\tat org.getopentest.base.TestActor.executeAction(TestActor.java:1571)\r\n\tat org.getopentest.base.TestActor.executeActionByClassName(TestActor.java:1647)\r\n\t... 8 more\r\n"}],"currentIteration":1,"currentSegmentIndex":0,"isDataDriven":false,"name":"Order Sweets and Treats","path":"web","result":"failed","status":"completed","segments":[{"index":0,"result":"passed","status":"completed","timeStarted":1668435733862,"timeCompleted":1668435733888},{"index":1,"result":"failed","status":"completed","timeStarted":1668435733904,"timeCompleted":1668435751329}],"tags":[],"timeStarted":1668435733862,"timeCompleted":1668435751329}],"timeCreated":1668435731299,"timeStarted":1668435733862,"timeCompleted":1668435751329,"lastActivity":1668435751328,"_id":"EgCVXBNAbUYRinzI","actorTags":[],"environment":"","currentDataRecordIndex":-1}
{"id":1668433840,"actors":{"12118":{"id":12118,"lastSeenTime":1668433835537,"testSessionId":1668433840,"type":"ACTOR1","tags":[],"_id":"BmRZFxUMkRhpkxGI","ip":"::ffff:127.0.0.1","tests":[{"currentSegmentIndex":1,"segments":[{"index":0,"status":"completed","timeStarted":1668433841430,"timeCompleted":1668433841462,"result":"passed"},{"index":1,"status":"completed","timeStarted":1668433841481,"timeCompleted":1668433856327,"result":"failed"}],"name":"Order Fires and  Sides","path":"web","timeCompleted":null,"timeStarted":1668433841430}]}},"maxIterations":"1","currentIteration":1,"currentTestIndex":1,"currentSegmentIndex":0,"label":"Session 1668432795 4","result":"failed","status":"completed","tests":[{"actions":[{"action":"org.getopentest.selenium.NavigateTo","actorType":"ACTOR1","args":{"url":"https://www.mcdonalds.com/us/en-us.html"},"isCheckpoint":false,"description":"Mcdonalds fast food ordering","durationMs":10023,"macroStack":["OurMenu"],"result":"passed","segment":1},{"action":"org.getopentest.selenium.Click","actorType":"ACTOR1","args":{"locator":{"xpath":"//button[@aria-controls='ourMenuSubItemsList_desktop']"}},"isCheckpoint":false,"description":"Click on OurMenu drop down","durationMs":238,"macroStack":["OurMenu"],"result":"passed","segment":1},{"action":"org.getopentest.base.MacroAction","actorType":"ACTOR1","args":{},"isCheckpoint":false,"description":"OurMenu","durationMs":10372,"macro":"OurMenu","macroStack":[],"result":"passed","segment":1},{"action":"org.getopentest.selenium.Click","actorType":"ACTOR1","args":{"locator":{"xpath":"//div[@id='ourMenuSubItemsList_desktop']//span[@class='menu-text'][text()='Fries® & Sides']"}},"isCheckpoint":false,"description":"Click on FiresAndSide hyperlink","durationMs":2880,"macroStack":[],"result":"passed","segment":1},{"action":"org.getopentest.selenium.Click","actorType":"ACTOR1","args":{"locator":{"xpath":"//div[@id='onetrust-close-btn-container']/button"}},"isCheckpoint":false,"description":"To Close Cookies popup","durationMs":229,"macroStack":[],"result":"passed","segment":1},{"action":"org.getopentest.selenium.ActionsMoveTo","actorType":"ACTOR1","args":{},"isCheckpoint":false,"description":"Move the mouse to the product","durationMs":1295,"macroStack":["Scroll"],"result":"failed","screenshot":"SID1668433840_ACTOR1_T01_SG01_ST04_error.png","segment":1,"stackTrace":"java.lang.RuntimeException: org.getopentest.exceptions.ArgumentException: Mandatory argument \"locator\" was not provided for action org.getopentest.selenium.ActionsMoveTo.\r\n\tat org.getopentest.base.TestActor.executeActionByClassName(TestActor.java:1670)\r\n\tat org.getopentest.base.TestActor.executeActionByDef(TestActor.java:1749)\r\n\tat org.getopentest.base.TestActor.executeMacroActionByDef(TestActor.java:1938)\r\n\tat org.getopentest.base.TestActor.executeMacroActionByName(TestActor.java:2013)\r\n\tat org.getopentest.base.TestActor.executeActionByDef(TestActor.java:1745)\r\n\tat org.getopentest.base.TestActor.executeTestSegment(TestActor.java:2092)\r\n\tat org.getopentest.base.TestActor.runOneSession(TestActor.java:3077)\r\n\tat org.getopentest.base.TestActor.runOneSession(TestActor.java:3113)\r\n\tat org.getopentest.Main.main(Main.java:20)\r\nCaused by: org.getopentest.exceptions.ArgumentException: Mandatory argument \"locator\" was not provided for action org.getopentest.selenium.ActionsMoveTo.\r\n\tat org.getopentest.base.TestAction.readArgument(TestAction.java:166)\r\n\tat org.getopentest.selenium.core.SeleniumTestAction.readLocatorArgument(SeleniumTestAction.java:233)\r\n\tat org.getopentest.selenium.ActionsMoveTo.run(ActionsMoveTo.java:13)\r\n\tat org.getopentest.base.TestActor.executeAction(TestActor.java:1571)\r\n\tat org.getopentest.base.TestActor.executeActionByClassName(TestActor.java:1647)\r\n\t... 8 more\r\n"},{"action":"org.getopentest.base.MacroAction","actorType":"ACTOR1","args":{"locator":{"xpath":"//div[@id='product-category-e90ee6e60b-5d087c01d0_name']"}},"isCheckpoint":false,"description":"Scroll","durationMs":1329,"macro":"Scroll","macroStack":[],"result":"failed","segment":1,"stackTrace":"java.lang.Exception: There was an error executing macro action Scroll with arguments {\"locator\":{\"xpath\":\"//div[@id='product-category-e90ee6e60b-5d087c01d0_name']\"}}\r\n\tat org.getopentest.base.TestActor.executeMacroActionByName(TestActor.java:2021)\r\n\tat org.getopentest.base.TestActor.executeActionByDef(TestActor.java:1745)\r\n\tat org.getopentest.base.TestActor.executeTestSegment(TestActor.java:2092)\r\n\tat org.getopentest.base.TestActor.runOneSession(TestActor.java:3077)\r\n\tat org.getopentest.base.TestActor.runOneSession(TestActor.java:3113)\r\n\tat org.getopentest.Main.main(Main.java:20)\r\nCaused by: java.lang.RuntimeException: There was an error while executing action no. 1 (org.getopentest.selenium.ActionsMoveTo) in macro Scroll.\nThe action definition was:\n{\n  \"action\": \"org.getopentest.selenium.ActionsMoveTo\",\n  \"description\": \"Move the mouse to the product\"\n}\r\n\tat org.getopentest.base.TestActor.executeMacroActionByDef(TestActor.java:1973)\r\n\tat org.getopentest.base.TestActor.executeMacroActionByName(TestActor.java:2013)\r\n\t... 5 more\r\nCaused by: java.lang.RuntimeException: Failed executing action org.getopentest.selenium.ActionsMoveTo (no arguments were provided)\r\n\tat org.getopentest.base.TestActor.executeActionByDef(TestActor.java:1872)\r\n\tat org.getopentest.base.TestActor.executeMacroActionByDef(TestActor.java:1938)\r\n\t... 6 more\r\nCaused by: java.lang.RuntimeException: org.getopentest.exceptions.ArgumentException: Mandatory argument \"locator\" was not provided for action org.getopentest.selenium.ActionsMoveTo.\r\n\tat org.getopentest.base.TestActor.executeActionByClassName(TestActor.java:1670)\r\n\tat org.getopentest.base.TestActor.executeActionByDef(TestActor.java:1749)\r\n\t... 7 more\r\nCaused by: org.getopentest.exceptions.ArgumentException: Mandatory argument \"locator\" was not provided for action org.getopentest.selenium.ActionsMoveTo.\r\n\tat org.getopentest.base.TestAction.readArgument(TestAction.java:166)\r\n\tat org.getopentest.selenium.core.SeleniumTestAction.readLocatorArgument(SeleniumTestAction.java:233)\r\n\tat org.getopentest.selenium.ActionsMoveTo.run(ActionsMoveTo.java:13)\r\n\tat org.getopentest.base.TestActor.executeAction(TestActor.java:1571)\r\n\tat org.getopentest.base.TestActor.executeActionByClassName(TestActor.java:1647)\r\n\t... 8 more\r\n"}],"currentIteration":1,"currentSegmentIndex":0,"isDataDriven":false,"name":"Order Fires and  Sides","path":"web","result":"failed","status":"completed","segments":[{"index":0,"result":"passed","status":"completed","timeStarted":1668433841430,"timeCompleted":1668433841462},{"index":1,"result":"failed","status":"completed","timeStarted":1668433841481,"timeCompleted":1668433856327}],"tags":[],"timeStarted":1668433841430,"timeCompleted":1668433856327}],"timeCreated":1668433839706,"timeStarted":1668433841430,"timeCompleted":1668433856327,"lastActivity":1668433856326,"_id":"GllP8I9r4drsD1hC","actorTags":[],"environment":"","currentDataRecordIndex":-1}
{"id":1668434105,"actors":{"12118":{"id":12118,"lastSeenTime":1668434101667,"testSessionId":1668434105,"type":"ACTOR1","tags":[],"_id":"BmRZFxUMkRhpkxGI","ip":"::ffff:127.0.0.1","tests":[{"currentSegmentIndex":1,"segments":[{"index":0,"status":"completed","timeStarted":1668434107334,"timeCompleted":1668434107365,"result":"passed"},{"index":1,"status":"completed","timeStarted":1668434107383,"timeCompleted":1668434124063,"result":"failed"}],"name":"Order Fires and  Sides","path":"web","timeCompleted":null,"timeStarted":1668434107334}]}},"maxIterations":"1","currentIteration":1,"currentTestIndex":1,"currentSegmentIndex":0,"label":"Session 1668432795 5","result":"failed","status":"completed","tests":[{"actions":[{"action":"org.getopentest.selenium.NavigateTo","actorType":"ACTOR1","args":{"url":"https://www.mcdonalds.com/us/en-us.html"},"isCheckpoint":false,"description":"Mcdonalds fast food ordering","durationMs":11204,"macroStack":["OurMenu"],"result":"passed","segment":1},{"action":"org.getopentest.selenium.Click","actorType":"ACTOR1","args":{"locator":{"xpath":"//button[@aria-controls='ourMenuSubItemsList_desktop']"}},"isCheckpoint":false,"description":"Click on OurMenu drop down","durationMs":231,"macroStack":["OurMenu"],"result":"passed","segment":1},{"action":"org.getopentest.base.MacroAction","actorType":"ACTOR1","args":{},"isCheckpoint":false,"description":"OurMenu","durationMs":11556,"macro":"OurMenu","macroStack":[],"result":"passed","segment":1},{"action":"org.getopentest.selenium.Click","actorType":"ACTOR1","args":{"locator":{"xpath":"//div[@id='ourMenuSubItemsList_desktop']//span[@class='menu-text'][text()='Fries® & Sides']"}},"isCheckpoint":false,"description":"Click on FiresAndSide hyperlink","durationMs":3351,"macroStack":[],"result":"passed","segment":1},{"action":"org.getopentest.selenium.Click","actorType":"ACTOR1","args":{"locator":{"xpath":"//div[@id='onetrust-close-btn-container']/button"}},"isCheckpoint":false,"description":"To Close Cookies popup","durationMs":376,"macroStack":[],"result":"passed","segment":1},{"action":"org.getopentest.selenium.ActionsMoveTo","actorType":"ACTOR1","args":{},"isCheckpoint":false,"description":"Move the mouse to the product","durationMs":1334,"macroStack":["Scroll"],"result":"failed","screenshot":"SID1668434105_ACTOR1_T01_SG01_ST04_error.png","segment":1,"stackTrace":"java.lang.RuntimeException: org.getopentest.exceptions.ArgumentException: Mandatory argument \"locator\" was not provided for action org.getopentest.selenium.ActionsMoveTo.\r\n\tat org.getopentest.base.TestActor.executeActionByClassName(TestActor.java:1670)\r\n\tat org.getopentest.base.TestActor.executeActionByDef(TestActor.java:1749)\r\n\tat org.getopentest.base.TestActor.executeMacroActionByDef(TestActor.java:1938)\r\n\tat org.getopentest.base.TestActor.executeMacroActionByName(TestActor.java:2013)\r\n\tat org.getopentest.base.TestActor.executeActionByDef(TestActor.java:1745)\r\n\tat org.getopentest.base.TestActor.executeTestSegment(TestActor.java:2092)\r\n\tat org.getopentest.base.TestActor.runOneSession(TestActor.java:3077)\r\n\tat org.getopentest.base.TestActor.runOneSession(TestActor.java:3113)\r\n\tat org.getopentest.Main.main(Main.java:20)\r\nCaused by: org.getopentest.exceptions.ArgumentException: Mandatory argument \"locator\" was not provided for action org.getopentest.selenium.ActionsMoveTo.\r\n\tat org.getopentest.base.TestAction.readArgument(TestAction.java:166)\r\n\tat org.getopentest.selenium.core.SeleniumTestAction.readLocatorArgument(SeleniumTestAction.java:233)\r\n\tat org.getopentest.selenium.ActionsMoveTo.run(ActionsMoveTo.java:13)\r\n\tat org.getopentest.base.TestActor.executeAction(TestActor.java:1571)\r\n\tat org.getopentest.base.TestActor.executeActionByClassName(TestActor.java:1647)\r\n\t... 8 more\r\n"},{"action":"org.getopentest.base.MacroAction","actorType":"ACTOR1","args":{"locator":{"xpath":"//div[@id='product-category-e90ee6e60b-5d087c01d0_name']"}},"isCheckpoint":false,"description":"Scroll","durationMs":1372,"macro":"Scroll","macroStack":[],"result":"failed","segment":1,"stackTrace":"java.lang.Exception: There was an error executing macro action Scroll with arguments {\"locator\":{\"xpath\":\"//div[@id='product-category-e90ee6e60b-5d087c01d0_name']\"}}\r\n\tat org.getopentest.base.TestActor.executeMacroActionByName(TestActor.java:2021)\r\n\tat org.getopentest.base.TestActor.executeActionByDef(TestActor.java:1745)\r\n\tat org.getopentest.base.TestActor.executeTestSegment(TestActor.java:2092)\r\n\tat org.getopentest.base.TestActor.runOneSession(TestActor.java:3077)\r\n\tat org.getopentest.base.TestActor.runOneSession(TestActor.java:3113)\r\n\tat org.getopentest.Main.main(Main.java:20)\r\nCaused by: java.lang.RuntimeException: There was an error while executing action no. 1 (org.getopentest.selenium.ActionsMoveTo) in macro Scroll.\nThe action definition was:\n{\n  \"action\": \"org.getopentest.selenium.ActionsMoveTo\",\n  \"description\": \"Move the mouse to the product\"\n}\r\n\tat org.getopentest.base.TestActor.executeMacroActionByDef(TestActor.java:1973)\r\n\tat org.getopentest.base.TestActor.executeMacroActionByName(TestActor.java:2013)\r\n\t... 5 more\r\nCaused by: java.lang.RuntimeException: Failed executing action org.getopentest.selenium.ActionsMoveTo (no arguments were provided)\r\n\tat org.getopentest.base.TestActor.executeActionByDef(TestActor.java:1872)\r\n\tat org.getopentest.base.TestActor.executeMacroActionByDef(TestActor.java:1938)\r\n\t... 6 more\r\nCaused by: java.lang.RuntimeException: org.getopentest.exceptions.ArgumentException: Mandatory argument \"locator\" was not provided for action org.getopentest.selenium.ActionsMoveTo.\r\n\tat org.getopentest.base.TestActor.executeActionByClassName(TestActor.java:1670)\r\n\tat org.getopentest.base.TestActor.executeActionByDef(TestActor.java:1749)\r\n\t... 7 more\r\nCaused by: org.getopentest.exceptions.ArgumentException: Mandatory argument \"locator\" was not provided for action org.getopentest.selenium.ActionsMoveTo.\r\n\tat org.getopentest.base.TestAction.readArgument(TestAction.java:166)\r\n\tat org.getopentest.selenium.core.SeleniumTestAction.readLocatorArgument(SeleniumTestAction.java:233)\r\n\tat org.getopentest.selenium.ActionsMoveTo.run(ActionsMoveTo.java:13)\r\n\tat org.getopentest.base.TestActor.executeAction(TestActor.java:1571)\r\n\tat org.getopentest.base.TestActor.executeActionByClassName(TestActor.java:1647)\r\n\t... 8 more\r\n"}],"currentIteration":1,"currentSegmentIndex":0,"isDataDriven":false,"name":"Order Fires and  Sides","path":"web","result":"failed","status":"completed","segments":[{"index":0,"result":"passed","status":"completed","timeStarted":1668434107334,"timeCompleted":1668434107365},{"index":1,"result":"failed","status":"completed","timeStarted":1668434107383,"timeCompleted":1668434124063}],"tags":[],"timeStarted":1668434107334,"timeCompleted":1668434124063}],"timeCreated":1668434104825,"timeStarted":1668434107334,"timeCompleted":1668434124063,"lastActivity":1668434124062,"_id":"NR3uCeLaRN94A8Pe","actorTags":[],"environment":"","currentDataRecordIndex":-1}
{"id":1668446912,"actors":{"12118":{"id":12118,"lastSeenTime":1668446911046,"testSessionId":1668446912,"type":"ACTOR1","tags":[],"_id":"BmRZFxUMkRhpkxGI","ip":"::ffff:127.0.0.1","tests":[{"currentSegmentIndex":1,"segments":[{"index":0,"status":"completed","timeStarted":1668446916726,"timeCompleted":1668446916751,"result":"passed"},{"index":1,"status":"completed","timeStarted":1668446916771,"timeCompleted":1668446932809,"result":"failed"}],"name":"Order Fires and  Sides","path":"web","timeCompleted":null,"timeStarted":1668446916726}]}},"maxIterations":"1","currentIteration":1,"currentTestIndex":1,"currentSegmentIndex":0,"label":"Session 1668437243 4","result":"failed","status":"completed","tests":[{"actions":[{"action":"org.getopentest.selenium.NavigateTo","actorType":"ACTOR1","args":{"url":"https://www.mcdonalds.com/us/en-us.html"},"isCheckpoint":false,"description":"Mcdonalds fast food ordering","durationMs":10571,"macroStack":["OurMenu"],"result":"passed","segment":1},{"action":"org.getopentest.selenium.Click","actorType":"ACTOR1","args":{"locator":{"xpath":"//button[@aria-controls='ourMenuSubItemsList_desktop']"}},"isCheckpoint":false,"description":"Click on OurMenu drop down","durationMs":462,"macroStack":["OurMenu"],"result":"passed","segment":1},{"action":"org.getopentest.base.MacroAction","actorType":"ACTOR1","args":{},"isCheckpoint":false,"description":"OurMenu","durationMs":11150,"macro":"OurMenu","macroStack":[],"result":"passed","segment":1},{"action":"org.getopentest.selenium.Click","actorType":"ACTOR1","args":{"locator":{"xpath":"//div[@id='ourMenuSubItemsList_desktop']//span[@class='menu-text'][text()='Fries® & Sides']"}},"isCheckpoint":false,"description":"Click on FiresAndSide hyperlink","durationMs":2831,"macroStack":[],"result":"passed","segment":1},{"action":"org.getopentest.selenium.Click","actorType":"ACTOR1","args":{"locator":{"xpath":"//div[@id='onetrust-close-btn-container']/button"}},"isCheckpoint":false,"description":"To Close Cookies popup","durationMs":381,"macroStack":[],"result":"passed","segment":1},{"action":"org.getopentest.selenium.ActionsMoveTo","actorType":"ACTOR1","args":{},"isCheckpoint":false,"description":"Move the mouse to the product","durationMs":1569,"macroStack":["Scroll"],"result":"failed","screenshot":"SID1668446912_ACTOR1_T01_SG01_ST04_error.png","segment":1,"stackTrace":"java.lang.RuntimeException: org.getopentest.exceptions.ArgumentException: Mandatory argument \"locator\" was not provided for action org.getopentest.selenium.ActionsMoveTo.\r\n\tat org.getopentest.base.TestActor.executeActionByClassName(TestActor.java:1670)\r\n\tat org.getopentest.base.TestActor.executeActionByDef(TestActor.java:1749)\r\n\tat org.getopentest.base.TestActor.executeMacroActionByDef(TestActor.java:1938)\r\n\tat org.getopentest.base.TestActor.executeMacroActionByName(TestActor.java:2013)\r\n\tat org.getopentest.base.TestActor.executeActionByDef(TestActor.java:1745)\r\n\tat org.getopentest.base.TestActor.executeTestSegment(TestActor.java:2092)\r\n\tat org.getopentest.base.TestActor.runOneSession(TestActor.java:3077)\r\n\tat org.getopentest.base.TestActor.runOneSession(TestActor.java:3113)\r\n\tat org.getopentest.Main.main(Main.java:20)\r\nCaused by: org.getopentest.exceptions.ArgumentException: Mandatory argument \"locator\" was not provided for action org.getopentest.selenium.ActionsMoveTo.\r\n\tat org.getopentest.base.TestAction.readArgument(TestAction.java:166)\r\n\tat org.getopentest.selenium.core.SeleniumTestAction.readLocatorArgument(SeleniumTestAction.java:233)\r\n\tat org.getopentest.selenium.ActionsMoveTo.run(ActionsMoveTo.java:13)\r\n\tat org.getopentest.base.TestActor.executeAction(TestActor.java:1571)\r\n\tat org.getopentest.base.TestActor.executeActionByClassName(TestActor.java:1647)\r\n\t... 8 more\r\n"},{"action":"org.getopentest.base.MacroAction","actorType":"ACTOR1","args":{"locator":{"xpath":"//div[@id='product-category-e90ee6e60b-5d087c01d0_name']"}},"isCheckpoint":false,"description":"Scroll","durationMs":1598,"macro":"Scroll","macroStack":[],"result":"failed","segment":1,"stackTrace":"java.lang.Exception: There was an error executing macro action Scroll with arguments {\"locator\":{\"xpath\":\"//div[@id='product-category-e90ee6e60b-5d087c01d0_name']\"}}\r\n\tat org.getopentest.base.TestActor.executeMacroActionByName(TestActor.java:2021)\r\n\tat org.getopentest.base.TestActor.executeActionByDef(TestActor.java:1745)\r\n\tat org.getopentest.base.TestActor.executeTestSegment(TestActor.java:2092)\r\n\tat org.getopentest.base.TestActor.runOneSession(TestActor.java:3077)\r\n\tat org.getopentest.base.TestActor.runOneSession(TestActor.java:3113)\r\n\tat org.getopentest.Main.main(Main.java:20)\r\nCaused by: java.lang.RuntimeException: There was an error while executing action no. 1 (org.getopentest.selenium.ActionsMoveTo) in macro Scroll.\nThe action definition was:\n{\n  \"action\": \"org.getopentest.selenium.ActionsMoveTo\",\n  \"description\": \"Move the mouse to the product\"\n}\r\n\tat org.getopentest.base.TestActor.executeMacroActionByDef(TestActor.java:1973)\r\n\tat org.getopentest.base.TestActor.executeMacroActionByName(TestActor.java:2013)\r\n\t... 5 more\r\nCaused by: java.lang.RuntimeException: Failed executing action org.getopentest.selenium.ActionsMoveTo (no arguments were provided)\r\n\tat org.getopentest.base.TestActor.executeActionByDef(TestActor.java:1872)\r\n\tat org.getopentest.base.TestActor.executeMacroActionByDef(TestActor.java:1938)\r\n\t... 6 more\r\nCaused by: java.lang.RuntimeException: org.getopentest.exceptions.ArgumentException: Mandatory argument \"locator\" was not provided for action org.getopentest.selenium.ActionsMoveTo.\r\n\tat org.getopentest.base.TestActor.executeActionByClassName(TestActor.java:1670)\r\n\tat org.getopentest.base.TestActor.executeActionByDef(TestActor.java:1749)\r\n\t... 7 more\r\nCaused by: org.getopentest.exceptions.ArgumentException: Mandatory argument \"locator\" was not provided for action org.getopentest.selenium.ActionsMoveTo.\r\n\tat org.getopentest.base.TestAction.readArgument(TestAction.java:166)\r\n\tat org.getopentest.selenium.core.SeleniumTestAction.readLocatorArgument(SeleniumTestAction.java:233)\r\n\tat org.getopentest.selenium.ActionsMoveTo.run(ActionsMoveTo.java:13)\r\n\tat org.getopentest.base.TestActor.executeAction(TestActor.java:1571)\r\n\tat org.getopentest.base.TestActor.executeActionByClassName(TestActor.java:1647)\r\n\t... 8 more\r\n"}],"currentIteration":1,"currentSegmentIndex":0,"isDataDriven":false,"name":"Order Fires and  Sides","path":"web","result":"failed","status":"completed","segments":[{"index":0,"result":"passed","status":"completed","timeStarted":1668446916726,"timeCompleted":1668446916751},{"index":1,"result":"failed","status":"completed","timeStarted":1668446916771,"timeCompleted":1668446932809}],"tags":[],"timeStarted":1668446916726,"timeCompleted":1668446932809}],"timeCreated":1668446912124,"timeStarted":1668446916726,"timeCompleted":1668446932809,"lastActivity":1668446932808,"_id":"NWySnrA3DkXmV8Oa","actorTags":[],"environment":"","currentDataRecordIndex":-1}
{"id":1668498827,"actors":{"58706":{"id":58706,"lastSeenTime":1668498823297,"testSessionId":1668498827,"type":"ACTOR1","tags":[],"_id":"MmljWbd2F3kRDMc0","ip":"::ffff:127.0.0.1","tests":[{"currentSegmentIndex":1,"segments":[{"index":0,"status":"completed","timeStarted":1668498828734,"timeCompleted":1668498828749,"result":"passed"},{"index":1,"status":"completed","timeStarted":1668498828765,"timeCompleted":1668498841128,"result":"failed"}],"name":"Order a Burger","path":"web","timeCompleted":null,"timeStarted":1668498828734}]}},"maxIterations":"1","currentIteration":1,"currentTestIndex":1,"currentSegmentIndex":0,"label":"Session 1668498827","result":"failed","status":"completed","tests":[{"actions":[{"action":"org.getopentest.selenium.NavigateTo","actorType":"ACTOR1","args":{"url":"https://www.mcdonalds.com/us/en-us.html"},"isCheckpoint":false,"description":"Mcdonalds fast food ordering","durationMs":7710,"macroStack":["OurMenu"],"result":"passed","segment":1},{"action":"org.getopentest.selenium.Click","actorType":"ACTOR1","args":{"locator":{"xpath":"//button[@aria-controls='ourMenuSubItemsList_desktop']"}},"isCheckpoint":false,"description":"Click on OurMenu drop down","durationMs":192,"macroStack":["OurMenu"],"result":"passed","segment":1},{"action":"org.getopentest.base.MacroAction","actorType":"ACTOR1","args":{},"isCheckpoint":false,"description":"OurMenu","durationMs":7970,"macro":"OurMenu","macroStack":[],"result":"passed","segment":1},{"action":"org.getopentest.selenium.Click","actorType":"ACTOR1","args":{"locator":{"xpath":"//div[@id='ourMenuSubItemsList_desktop']//span[@class='menu-text'][text()='Burgers']"}},"isCheckpoint":false,"description":"Click on Burgers hyperlink","durationMs":2870,"macroStack":[],"result":"passed","segment":1},{"action":"org.getopentest.selenium.Click","actorType":"ACTOR1","args":{"locator":{"xpath":"//div[@id='onetrust-close-btn-container']/button"}},"isCheckpoint":false,"description":"To Close Cookies popup","durationMs":153,"macroStack":[],"result":"passed","segment":1},{"action":"org.getopentest.selenium.ActionsMoveTo","actorType":"ACTOR1","args":{},"isCheckpoint":false,"description":"Move the mouse to product 1 element","durationMs":1309,"macroStack":["Scroll"],"result":"failed","screenshot":"SID1668498827_ACTOR1_T01_SG01_ST04_error.png","segment":1,"stackTrace":"java.lang.RuntimeException: org.getopentest.exceptions.ArgumentException: Mandatory argument \"locator\" was not provided for action org.getopentest.selenium.ActionsMoveTo.\r\n\tat org.getopentest.base.TestActor.executeActionByClassName(TestActor.java:1670)\r\n\tat org.getopentest.base.TestActor.executeActionByDef(TestActor.java:1749)\r\n\tat org.getopentest.base.TestActor.executeMacroActionByDef(TestActor.java:1938)\r\n\tat org.getopentest.base.TestActor.executeMacroActionByName(TestActor.java:2013)\r\n\tat org.getopentest.base.TestActor.executeActionByDef(TestActor.java:1745)\r\n\tat org.getopentest.base.TestActor.executeTestSegment(TestActor.java:2092)\r\n\tat org.getopentest.base.TestActor.runOneSession(TestActor.java:3077)\r\n\tat org.getopentest.base.TestActor.runOneSession(TestActor.java:3113)\r\n\tat org.getopentest.Main.main(Main.java:20)\r\nCaused by: org.getopentest.exceptions.ArgumentException: Mandatory argument \"locator\" was not provided for action org.getopentest.selenium.ActionsMoveTo.\r\n\tat org.getopentest.base.TestAction.readArgument(TestAction.java:166)\r\n\tat org.getopentest.selenium.core.SeleniumTestAction.readLocatorArgument(SeleniumTestAction.java:233)\r\n\tat org.getopentest.selenium.ActionsMoveTo.run(ActionsMoveTo.java:13)\r\n\tat org.getopentest.base.TestActor.executeAction(TestActor.java:1571)\r\n\tat org.getopentest.base.TestActor.executeActionByClassName(TestActor.java:1647)\r\n\t... 8 more\r\n"},{"action":"org.getopentest.base.MacroAction","actorType":"ACTOR1","args":{"locator":{"xpath":"//div[@id='product-category-e90ee6e60b-5d087c01d0_name']"}},"isCheckpoint":false,"description":"Scroll","durationMs":1325,"macro":"Scroll","macroStack":[],"result":"failed","segment":1,"stackTrace":"java.lang.Exception: There was an error executing macro action Scroll with arguments {\"locator\":{\"xpath\":\"//div[@id='product-category-e90ee6e60b-5d087c01d0_name']\"}}\r\n\tat org.getopentest.base.TestActor.executeMacroActionByName(TestActor.java:2021)\r\n\tat org.getopentest.base.TestActor.executeActionByDef(TestActor.java:1745)\r\n\tat org.getopentest.base.TestActor.executeTestSegment(TestActor.java:2092)\r\n\tat org.getopentest.base.TestActor.runOneSession(TestActor.java:3077)\r\n\tat org.getopentest.base.TestActor.runOneSession(TestActor.java:3113)\r\n\tat org.getopentest.Main.main(Main.java:20)\r\nCaused by: java.lang.RuntimeException: There was an error while executing action no. 1 (org.getopentest.selenium.ActionsMoveTo) in macro Scroll.\nThe action definition was:\n{\n  \"action\": \"org.getopentest.selenium.ActionsMoveTo\",\n  \"description\": \"Move the mouse to product 1 element\"\n}\r\n\tat org.getopentest.base.TestActor.executeMacroActionByDef(TestActor.java:1973)\r\n\tat org.getopentest.base.TestActor.executeMacroActionByName(TestActor.java:2013)\r\n\t... 5 more\r\nCaused by: java.lang.RuntimeException: Failed executing action org.getopentest.selenium.ActionsMoveTo (no arguments were provided)\r\n\tat org.getopentest.base.TestActor.executeActionByDef(TestActor.java:1872)\r\n\tat org.getopentest.base.TestActor.executeMacroActionByDef(TestActor.java:1938)\r\n\t... 6 more\r\nCaused by: java.lang.RuntimeException: org.getopentest.exceptions.ArgumentException: Mandatory argument \"locator\" was not provided for action org.getopentest.selenium.ActionsMoveTo.\r\n\tat org.getopentest.base.TestActor.executeActionByClassName(TestActor.java:1670)\r\n\tat org.getopentest.base.TestActor.executeActionByDef(TestActor.java:1749)\r\n\t... 7 more\r\nCaused by: org.getopentest.exceptions.ArgumentException: Mandatory argument \"locator\" was not provided for action org.getopentest.selenium.ActionsMoveTo.\r\n\tat org.getopentest.base.TestAction.readArgument(TestAction.java:166)\r\n\tat org.getopentest.selenium.core.SeleniumTestAction.readLocatorArgument(SeleniumTestAction.java:233)\r\n\tat org.getopentest.selenium.ActionsMoveTo.run(ActionsMoveTo.java:13)\r\n\tat org.getopentest.base.TestActor.executeAction(TestActor.java:1571)\r\n\tat org.getopentest.base.TestActor.executeActionByClassName(TestActor.java:1647)\r\n\t... 8 more\r\n"}],"currentIteration":1,"currentSegmentIndex":0,"isDataDriven":false,"name":"Order a Burger","path":"web","result":"failed","status":"completed","segments":[{"index":0,"result":"passed","status":"completed","timeStarted":1668498828734,"timeCompleted":1668498828749},{"index":1,"result":"failed","status":"completed","timeStarted":1668498828765,"timeCompleted":1668498841128}],"tags":[],"timeStarted":1668498828734,"timeCompleted":1668498841128}],"timeCreated":1668498827250,"timeStarted":1668498828734,"timeCompleted":1668498841128,"lastActivity":1668498841127,"_id":"QAGhwsY9Ps22Hjfh","actorTags":[],"environment":"","currentDataRecordIndex":-1}
{"id":1668422851,"actors":{"12118":{"id":12118,"lastSeenTime":1668422847869,"testSessionId":1668422851,"type":"ACTOR1","tags":[],"_id":"BmRZFxUMkRhpkxGI","ip":"::ffff:127.0.0.1","tests":[{"currentSegmentIndex":1,"segments":[{"index":0,"status":"completed","timeStarted":1668422853934,"timeCompleted":1668422853977,"result":"passed"},{"index":1,"status":"completed","timeStarted":1668422854013,"timeCompleted":1668422891072,"result":"failed"}],"name":"Order Fires and  Sides","path":"web","timeCompleted":null,"timeStarted":1668422853934},{"currentSegmentIndex":1,"segments":[{"index":0,"status":"completed","timeStarted":1668422893280,"timeCompleted":1668422893349,"result":"passed"},{"index":1,"status":"completed","timeStarted":1668422893386,"timeCompleted":1668422909415,"result":"failed"}],"name":"Order Sweets and Treats","path":"web","timeCompleted":null,"timeStarted":1668422893280},{"currentSegmentIndex":1,"segments":[{"index":0,"status":"completed","timeStarted":1668422911590,"timeCompleted":1668422911644,"result":"passed"},{"index":1,"status":"completed","timeStarted":1668422911682,"timeCompleted":1668422942412,"result":"failed"}],"name":"Order a Burger","path":"web","timeCompleted":null,"timeStarted":1668422911589},{"currentSegmentIndex":1,"segments":[{"index":0,"status":"completed","timeStarted":1668422944560,"timeCompleted":1668422944599,"result":"passed"},{"index":1,"status":"completed","timeStarted":1668422944629,"timeCompleted":1668422962787,"result":"failed"}],"name":"Order a Happy Meal","path":"web","timeCompleted":null,"timeStarted":1668422944560},{"currentSegmentIndex":1,"segments":[{"index":0,"status":"completed","timeStarted":1668422965155,"timeCompleted":1668422965234,"result":"passed"},{"index":1,"status":"completed","timeStarted":1668422965260,"timeCompleted":1668422983490,"result":"failed"}],"name":"Order a beverage","path":"web","timeCompleted":null,"timeStarted":1668422965155},{"currentSegmentIndex":1,"segments":[{"index":0,"status":"completed","timeStarted":1668422985872,"timeCompleted":1668422985907,"result":"passed"},{"index":1,"status":"completed","timeStarted":1668422985975,"timeCompleted":1668423003292,"result":"failed"}],"name":"Order a breakFast","path":"web","timeCompleted":null,"timeStarted":1668422985872}]}},"maxIterations":"1","currentIteration":1,"currentTestIndex":6,"currentSegmentIndex":0,"label":"Mcd1","result":"failed","status":"completed","tests":[{"actions":[{"action":"org.getopentest.selenium.NavigateTo","actorType":"ACTOR1","args":{"url":"https://www.mcdonalds.com/us/en-us.html"},"isCheckpoint":false,"description":"Mcdonalds fast food ordering","durationMs":27925,"macroStack":["OurMenu"],"result":"passed","segment":1},{"action":"org.getopentest.selenium.Click","actorType":"ACTOR1","args":{"locator":{"xpath":"//button[@aria-controls='ourMenuSubItemsList_desktop']"}},"isCheckpoint":false,"description":"Click on OurMenu drop down","durationMs":526,"macroStack":["OurMenu"],"result":"passed","segment":1},{"action":"org.getopentest.base.MacroAction","actorType":"ACTOR1","args":{},"isCheckpoint":false,"description":"OurMenu","durationMs":28745,"macro":"OurMenu","macroStack":[],"result":"passed","segment":1},{"action":"org.getopentest.selenium.Click","actorType":"ACTOR1","args":{"locator":{"xpath":"//div[@id='ourMenuSubItemsList_desktop']//span[@class='menu-text'][text()='Fries® & Sides']"}},"isCheckpoint":false,"description":"Click on FiresAndSide hyperlink","durationMs":5924,"macroStack":[],"result":"passed","segment":1},{"action":"org.getopentest.selenium.Click","actorType":"ACTOR1","args":{"locator":{"xpath":"//div[@id='onetrust-close-btn-container']/button"}},"isCheckpoint":false,"description":"To Close Cookies popup","durationMs":527,"macroStack":[],"result":"passed","segment":1},{"action":"org.getopentest.selenium.ActionsMoveTo","actorType":"ACTOR1","args":{},"isCheckpoint":false,"description":"Move the mouse to product 1 element","durationMs":1667,"macroStack":["Scroll"],"result":"failed","screenshot":"SID1668422851_ACTOR1_T01_SG01_ST04_error.png","segment":1,"stackTrace":"java.lang.RuntimeException: org.getopentest.exceptions.ArgumentException: Mandatory argument \"locator\" was not provided for action org.getopentest.selenium.ActionsMoveTo.\r\n\tat org.getopentest.base.TestActor.executeActionByClassName(TestActor.java:1670)\r\n\tat org.getopentest.base.TestActor.executeActionByDef(TestActor.java:1749)\r\n\tat org.getopentest.base.TestActor.executeMacroActionByDef(TestActor.java:1938)\r\n\tat org.getopentest.base.TestActor.executeMacroActionByName(TestActor.java:2013)\r\n\tat org.getopentest.base.TestActor.executeActionByDef(TestActor.java:1745)\r\n\tat org.getopentest.base.TestActor.executeTestSegment(TestActor.java:2092)\r\n\tat org.getopentest.base.TestActor.runOneSession(TestActor.java:3077)\r\n\tat org.getopentest.base.TestActor.runOneSession(TestActor.java:3113)\r\n\tat org.getopentest.Main.main(Main.java:20)\r\nCaused by: org.getopentest.exceptions.ArgumentException: Mandatory argument \"locator\" was not provided for action org.getopentest.selenium.ActionsMoveTo.\r\n\tat org.getopentest.base.TestAction.readArgument(TestAction.java:166)\r\n\tat org.getopentest.selenium.core.SeleniumTestAction.readLocatorArgument(SeleniumTestAction.java:233)\r\n\tat org.getopentest.selenium.ActionsMoveTo.run(ActionsMoveTo.java:13)\r\n\tat org.getopentest.base.TestActor.executeAction(TestActor.java:1571)\r\n\tat org.getopentest.base.TestActor.executeActionByClassName(TestActor.java:1647)\r\n\t... 8 more\r\n"},{"action":"org.getopentest.base.MacroAction","actorType":"ACTOR1","args":{"locator":{"xpath":"//div[@id='product-category-e90ee6e60b-5d087c01d0_name']"}},"isCheckpoint":false,"description":"Scroll","durationMs":1750,"macro":"Scroll","macroStack":[],"result":"failed","segment":1,"stackTrace":"java.lang.Exception: There was an error executing macro action Scroll with arguments {\"locator\":{\"xpath\":\"//div[@id='product-category-e90ee6e60b-5d087c01d0_name']\"}}\r\n\tat org.getopentest.base.TestActor.executeMacroActionByName(TestActor.java:2021)\r\n\tat org.getopentest.base.TestActor.executeActionByDef(TestActor.java:1745)\r\n\tat org.getopentest.base.TestActor.executeTestSegment(TestActor.java:2092)\r\n\tat org.getopentest.base.TestActor.runOneSession(TestActor.java:3077)\r\n\tat org.getopentest.base.TestActor.runOneSession(TestActor.java:3113)\r\n\tat org.getopentest.Main.main(Main.java:20)\r\nCaused by: java.lang.RuntimeException: There was an error while executing action no. 1 (org.getopentest.selenium.ActionsMoveTo) in macro Scroll.\nThe action definition was:\n{\n  \"action\": \"org.getopentest.selenium.ActionsMoveTo\",\n  \"description\": \"Move the mouse to product 1 element\"\n}\r\n\tat org.getopentest.base.TestActor.executeMacroActionByDef(TestActor.java:1973)\r\n\tat org.getopentest.base.TestActor.executeMacroActionByName(TestActor.java:2013)\r\n\t... 5 more\r\nCaused by: java.lang.RuntimeException: Failed executing action org.getopentest.selenium.ActionsMoveTo (no arguments were provided)\r\n\tat org.getopentest.base.TestActor.executeActionByDef(TestActor.java:1872)\r\n\tat org.getopentest.base.TestActor.executeMacroActionByDef(TestActor.java:1938)\r\n\t... 6 more\r\nCaused by: java.lang.RuntimeException: org.getopentest.exceptions.ArgumentException: Mandatory argument \"locator\" was not provided for action org.getopentest.selenium.ActionsMoveTo.\r\n\tat org.getopentest.base.TestActor.executeActionByClassName(TestActor.java:1670)\r\n\tat org.getopentest.base.TestActor.executeActionByDef(TestActor.java:1749)\r\n\t... 7 more\r\nCaused by: org.getopentest.exceptions.ArgumentException: Mandatory argument \"locator\" was not provided for action org.getopentest.selenium.ActionsMoveTo.\r\n\tat org.getopentest.base.TestAction.readArgument(TestAction.java:166)\r\n\tat org.getopentest.selenium.core.SeleniumTestAction.readLocatorArgument(SeleniumTestAction.java:233)\r\n\tat org.getopentest.selenium.ActionsMoveTo.run(ActionsMoveTo.java:13)\r\n\tat org.getopentest.base.TestActor.executeAction(TestActor.java:1571)\r\n\tat org.getopentest.base.TestActor.executeActionByClassName(TestActor.java:1647)\r\n\t... 8 more\r\n"}],"currentIteration":1,"currentSegmentIndex":0,"isDataDriven":false,"name":"Order Fires and  Sides","path":"web","result":"failed","status":"completed","segments":[{"index":0,"result":"passed","status":"completed","timeStarted":1668422853934,"timeCompleted":1668422853977},{"index":1,"result":"failed","status":"completed","timeStarted":1668422854013,"timeCompleted":1668422891072}],"tags":[],"timeStarted":1668422853934,"timeCompleted":1668422891072},{"actions":[{"action":"org.getopentest.selenium.NavigateTo","actorType":"ACTOR1","args":{"url":"https://www.mcdonalds.com/us/en-us.html"},"isCheckpoint":false,"description":"Mcdonalds fast food ordering","durationMs":10357,"macroStack":["OurMenu"],"result":"passed","segment":1},{"action":"org.getopentest.selenium.Click","actorType":"ACTOR1","args":{"locator":{"xpath":"//button[@aria-controls='ourMenuSubItemsList_desktop']"}},"isCheckpoint":false,"description":"Click on OurMenu drop down","durationMs":446,"macroStack":["OurMenu"],"result":"passed","segment":1},{"action":"org.getopentest.base.MacroAction","actorType":"ACTOR1","args":{},"isCheckpoint":false,"description":"OurMenu","durationMs":10845,"macro":"OurMenu","macroStack":[],"result":"passed","segment":1},{"action":"org.getopentest.selenium.Click","actorType":"ACTOR1","args":{"locator":{"xpath":"//div[@id='ourMenuSubItemsList_desktop']//span[@class='menu-text'][text()='Sweets & Treats']"}},"isCheckpoint":false,"description":"Click on SweetsAndTreats hyperlink","durationMs":3199,"macroStack":[],"result":"passed","segment":1},{"action":"org.getopentest.selenium.Click","actorType":"ACTOR1","args":{"locator":{"xpath":"//div[@id='onetrust-close-btn-container']/button"}},"isCheckpoint":false,"description":"To Close Cookies popup","durationMs":339,"macroStack":[],"result":"passed","segment":1},{"action":"org.getopentest.selenium.ActionsMoveTo","actorType":"ACTOR1","args":{},"isCheckpoint":false,"description":"Move the mouse to product 1 element","durationMs":1541,"macroStack":["Scroll"],"result":"failed","screenshot":"SID1668422851_ACTOR1_T02_SG01_ST04_error.png","segment":1,"stackTrace":"java.lang.RuntimeException: org.getopentest.exceptions.ArgumentException: Mandatory argument \"locator\" was not provided for action org.getopentest.selenium.ActionsMoveTo.\r\n\tat org.getopentest.base.TestActor.executeActionByClassName(TestActor.java:1670)\r\n\tat org.getopentest.base.TestActor.executeActionByDef(TestActor.java:1749)\r\n\tat org.getopentest.base.TestActor.executeMacroActionByDef(TestActor.java:1938)\r\n\tat org.getopentest.base.TestActor.executeMacroActionByName(TestActor.java:2013)\r\n\tat org.getopentest.base.TestActor.executeActionByDef(TestActor.java:1745)\r\n\tat org.getopentest.base.TestActor.executeTestSegment(TestActor.java:2092)\r\n\tat org.getopentest.base.TestActor.runOneSession(TestActor.java:3077)\r\n\tat org.getopentest.base.TestActor.runOneSession(TestActor.java:3113)\r\n\tat org.getopentest.Main.main(Main.java:20)\r\nCaused by: org.getopentest.exceptions.ArgumentException: Mandatory argument \"locator\" was not provided for action org.getopentest.selenium.ActionsMoveTo.\r\n\tat org.getopentest.base.TestAction.readArgument(TestAction.java:166)\r\n\tat org.getopentest.selenium.core.SeleniumTestAction.readLocatorArgument(SeleniumTestAction.java:233)\r\n\tat org.getopentest.selenium.ActionsMoveTo.run(ActionsMoveTo.java:13)\r\n\tat org.getopentest.base.TestActor.executeAction(TestActor.java:1571)\r\n\tat org.getopentest.base.TestActor.executeActionByClassName(TestActor.java:1647)\r\n\t... 8 more\r\n"},{"action":"org.getopentest.base.MacroAction","actorType":"ACTOR1","args":{"locator":{"xpath":"//img[@id='product-category-f7e34a9e55-df295ff5ab_image']"}},"isCheckpoint":false,"description":"Scroll","durationMs":1566,"macro":"Scroll","macroStack":[],"result":"failed","segment":1,"stackTrace":"java.lang.Exception: There was an error executing macro action Scroll with arguments {\"locator\":{\"xpath\":\"//img[@id='product-category-f7e34a9e55-df295ff5ab_image']\"}}\r\n\tat org.getopentest.base.TestActor.executeMacroActionByName(TestActor.java:2021)\r\n\tat org.getopentest.base.TestActor.executeActionByDef(TestActor.java:1745)\r\n\tat org.getopentest.base.TestActor.executeTestSegment(TestActor.java:2092)\r\n\tat org.getopentest.base.TestActor.runOneSession(TestActor.java:3077)\r\n\tat org.getopentest.base.TestActor.runOneSession(TestActor.java:3113)\r\n\tat org.getopentest.Main.main(Main.java:20)\r\nCaused by: java.lang.RuntimeException: There was an error while executing action no. 1 (org.getopentest.selenium.ActionsMoveTo) in macro Scroll.\nThe action definition was:\n{\n  \"action\": \"org.getopentest.selenium.ActionsMoveTo\",\n  \"description\": \"Move the mouse to product 1 element\"\n}\r\n\tat org.getopentest.base.TestActor.executeMacroActionByDef(TestActor.java:1973)\r\n\tat org.getopentest.base.TestActor.executeMacroActionByName(TestActor.java:2013)\r\n\t... 5 more\r\nCaused by: java.lang.RuntimeException: Failed executing action org.getopentest.selenium.ActionsMoveTo (no arguments were provided)\r\n\tat org.getopentest.base.TestActor.executeActionByDef(TestActor.java:1872)\r\n\tat org.getopentest.base.TestActor.executeMacroActionByDef(TestActor.java:1938)\r\n\t... 6 more\r\nCaused by: java.lang.RuntimeException: org.getopentest.exceptions.ArgumentException: Mandatory argument \"locator\" was not provided for action org.getopentest.selenium.ActionsMoveTo.\r\n\tat org.getopentest.base.TestActor.executeActionByClassName(TestActor.java:1670)\r\n\tat org.getopentest.base.TestActor.executeActionByDef(TestActor.java:1749)\r\n\t... 7 more\r\nCaused by: org.getopentest.exceptions.ArgumentException: Mandatory argument \"locator\" was not provided for action org.getopentest.selenium.ActionsMoveTo.\r\n\tat org.getopentest.base.TestAction.readArgument(TestAction.java:166)\r\n\tat org.getopentest.selenium.core.SeleniumTestAction.readLocatorArgument(SeleniumTestAction.java:233)\r\n\tat org.getopentest.selenium.ActionsMoveTo.run(ActionsMoveTo.java:13)\r\n\tat org.getopentest.base.TestActor.executeAction(TestActor.java:1571)\r\n\tat org.getopentest.base.TestActor.executeActionByClassName(TestActor.java:1647)\r\n\t... 8 more\r\n"}],"currentIteration":1,"currentSegmentIndex":0,"isDataDriven":false,"name":"Order Sweets and Treats","path":"web","result":"failed","status":"completed","segments":[{"index":0,"result":"passed","status":"completed","timeStarted":1668422893280,"timeCompleted":1668422893349},{"index":1,"result":"failed","status":"completed","timeStarted":1668422893386,"timeCompleted":1668422909415}],"tags":[],"timeStarted":1668422893280,"timeCompleted":1668422909415},{"actions":[{"action":"org.getopentest.selenium.NavigateTo","actorType":"ACTOR1","args":{"url":"https://www.mcdonalds.com/us/en-us.html"},"isCheckpoint":false,"description":"Mcdonalds fast food ordering","durationMs":12757,"macroStack":["OurMenu"],"result":"passed","segment":1},{"action":"org.getopentest.selenium.Click","actorType":"ACTOR1","args":{"locator":{"xpath":"//button[@aria-controls='ourMenuSubItemsList_desktop']"}},"isCheckpoint":false,"description":"Click on OurMenu drop down","durationMs":377,"macroStack":["OurMenu"],"result":"passed","segment":1},{"action":"org.getopentest.base.MacroAction","actorType":"ACTOR1","args":{},"isCheckpoint":false,"description":"OurMenu","durationMs":13175,"macro":"OurMenu","macroStack":[],"result":"passed","segment":1},{"action":"org.getopentest.selenium.Click","actorType":"ACTOR1","args":{"locator":{"xpath":"//div[@id='ourMenuSubItemsList_desktop']//span[@class='menu-text'][text()='Burgers']"}},"isCheckpoint":false,"description":"Click on Burgers hyperlink","durationMs":15399,"macroStack":[],"result":"passed","segment":1},{"action":"org.getopentest.selenium.Click","actorType":"ACTOR1","args":{"locator":{"xpath":"//div[@id='onetrust-close-btn-container']/button"}},"isCheckpoint":false,"description":"To Close Cookies popup","durationMs":323,"macroStack":[],"result":"passed","segment":1},{"action":"org.getopentest.selenium.ActionsMoveTo","actorType":"ACTOR1","args":{},"isCheckpoint":false,"description":"Move the mouse to product 1 element","durationMs":1727,"macroStack":["Scroll"],"result":"failed","screenshot":"SID1668422851_ACTOR1_T03_SG01_ST04_error.png","segment":1,"stackTrace":"java.lang.RuntimeException: org.getopentest.exceptions.ArgumentException: Mandatory argument \"locator\" was not provided for action org.getopentest.selenium.ActionsMoveTo.\r\n\tat org.getopentest.base.TestActor.executeActionByClassName(TestActor.java:1670)\r\n\tat org.getopentest.base.TestActor.executeActionByDef(TestActor.java:1749)\r\n\tat org.getopentest.base.TestActor.executeMacroActionByDef(TestActor.java:1938)\r\n\tat org.getopentest.base.TestActor.executeMacroActionByName(TestActor.java:2013)\r\n\tat org.getopentest.base.TestActor.executeActionByDef(TestActor.java:1745)\r\n\tat org.getopentest.base.TestActor.executeTestSegment(TestActor.java:2092)\r\n\tat org.getopentest.base.TestActor.runOneSession(TestActor.java:3077)\r\n\tat org.getopentest.base.TestActor.runOneSession(TestActor.java:3113)\r\n\tat org.getopentest.Main.main(Main.java:20)\r\nCaused by: org.getopentest.exceptions.ArgumentException: Mandatory argument \"locator\" was not provided for action org.getopentest.selenium.ActionsMoveTo.\r\n\tat org.getopentest.base.TestAction.readArgument(TestAction.java:166)\r\n\tat org.getopentest.selenium.core.SeleniumTestAction.readLocatorArgument(SeleniumTestAction.java:233)\r\n\tat org.getopentest.selenium.ActionsMoveTo.run(ActionsMoveTo.java:13)\r\n\tat org.getopentest.base.TestActor.executeAction(TestActor.java:1571)\r\n\tat org.getopentest.base.TestActor.executeActionByClassName(TestActor.java:1647)\r\n\t... 8 more\r\n"},{"action":"org.getopentest.base.MacroAction","actorType":"ACTOR1","args":{"locator":{"xpath":"//div[@id='product-category-5aa67698f9-fe26611caa_name']"}},"isCheckpoint":false,"description":"Scroll","durationMs":1760,"macro":"Scroll","macroStack":[],"result":"failed","segment":1,"stackTrace":"java.lang.Exception: There was an error executing macro action Scroll with arguments {\"locator\":{\"xpath\":\"//div[@id='product-category-5aa67698f9-fe26611caa_name']\"}}\r\n\tat org.getopentest.base.TestActor.executeMacroActionByName(TestActor.java:2021)\r\n\tat org.getopentest.base.TestActor.executeActionByDef(TestActor.java:1745)\r\n\tat org.getopentest.base.TestActor.executeTestSegment(TestActor.java:2092)\r\n\tat org.getopentest.base.TestActor.runOneSession(TestActor.java:3077)\r\n\tat org.getopentest.base.TestActor.runOneSession(TestActor.java:3113)\r\n\tat org.getopentest.Main.main(Main.java:20)\r\nCaused by: java.lang.RuntimeException: There was an error while executing action no. 1 (org.getopentest.selenium.ActionsMoveTo) in macro Scroll.\nThe action definition was:\n{\n  \"action\": \"org.getopentest.selenium.ActionsMoveTo\",\n  \"description\": \"Move the mouse to product 1 element\"\n}\r\n\tat org.getopentest.base.TestActor.executeMacroActionByDef(TestActor.java:1973)\r\n\tat org.getopentest.base.TestActor.executeMacroActionByName(TestActor.java:2013)\r\n\t... 5 more\r\nCaused by: java.lang.RuntimeException: Failed executing action org.getopentest.selenium.ActionsMoveTo (no arguments were provided)\r\n\tat org.getopentest.base.TestActor.executeActionByDef(TestActor.java:1872)\r\n\tat org.getopentest.base.TestActor.executeMacroActionByDef(TestActor.java:1938)\r\n\t... 6 more\r\nCaused by: java.lang.RuntimeException: org.getopentest.exceptions.ArgumentException: Mandatory argument \"locator\" was not provided for action org.getopentest.selenium.ActionsMoveTo.\r\n\tat org.getopentest.base.TestActor.executeActionByClassName(TestActor.java:1670)\r\n\tat org.getopentest.base.TestActor.executeActionByDef(TestActor.java:1749)\r\n\t... 7 more\r\nCaused by: org.getopentest.exceptions.ArgumentException: Mandatory argument \"locator\" was not provided for action org.getopentest.selenium.ActionsMoveTo.\r\n\tat org.getopentest.base.TestAction.readArgument(TestAction.java:166)\r\n\tat org.getopentest.selenium.core.SeleniumTestAction.readLocatorArgument(SeleniumTestAction.java:233)\r\n\tat org.getopentest.selenium.ActionsMoveTo.run(ActionsMoveTo.java:13)\r\n\tat org.getopentest.base.TestActor.executeAction(TestActor.java:1571)\r\n\tat org.getopentest.base.TestActor.executeActionByClassName(TestActor.java:1647)\r\n\t... 8 more\r\n"}],"currentIteration":1,"currentSegmentIndex":0,"isDataDriven":false,"name":"Order a Burger","path":"web","result":"failed","status":"completed","segments":[{"index":0,"result":"passed","status":"completed","timeStarted":1668422911589,"timeCompleted":1668422911645},{"index":1,"result":"failed","status":"completed","timeStarted":1668422911682,"timeCompleted":1668422942412}],"tags":[],"timeStarted":1668422911589,"timeCompleted":1668422942412},{"actions":[{"action":"org.getopentest.selenium.NavigateTo","actorType":"ACTOR1","args":{"url":"https://www.mcdonalds.com/us/en-us.html"},"isCheckpoint":false,"description":"Mcdonalds fast food ordering","durationMs":11222,"macroStack":["OurMenu"],"result":"passed","segment":1},{"action":"org.getopentest.selenium.Click","actorType":"ACTOR1","args":{"locator":{"xpath":"//button[@aria-controls='ourMenuSubItemsList_desktop']"}},"isCheckpoint":false,"description":"Click on OurMenu drop down","durationMs":264,"macroStack":["OurMenu"],"result":"passed","segment":1},{"action":"org.getopentest.base.MacroAction","actorType":"ACTOR1","args":{},"isCheckpoint":false,"description":"OurMenu","durationMs":11518,"macro":"OurMenu","macroStack":[],"result":"passed","segment":1},{"action":"org.getopentest.selenium.Click","actorType":"ACTOR1","args":{"locator":{"xpath":"//div[@id='ourMenuSubItemsList_desktop']//span[@class='menu-text'][text()='Happy Meal®']"}},"isCheckpoint":false,"description":"Click on HappyMeal hyperlink","durationMs":4586,"macroStack":[],"result":"passed","segment":1},{"action":"org.getopentest.selenium.Click","actorType":"ACTOR1","args":{"locator":{"xpath":"//div[@id='onetrust-close-btn-container']/button"}},"isCheckpoint":false,"description":"To Close Cookies popup","durationMs":433,"macroStack":[],"result":"passed","segment":1},{"action":"org.getopentest.selenium.ActionsMoveTo","actorType":"ACTOR1","args":{},"isCheckpoint":false,"description":"Move the mouse to product 1 element","durationMs":1483,"macroStack":["Scroll"],"result":"failed","screenshot":"SID1668422851_ACTOR1_T04_SG01_ST04_error.png","segment":1,"stackTrace":"java.lang.RuntimeException: org.getopentest.exceptions.ArgumentException: Mandatory argument \"locator\" was not provided for action org.getopentest.selenium.ActionsMoveTo.\r\n\tat org.getopentest.base.TestActor.executeActionByClassName(TestActor.java:1670)\r\n\tat org.getopentest.base.TestActor.executeActionByDef(TestActor.java:1749)\r\n\tat org.getopentest.base.TestActor.executeMacroActionByDef(TestActor.java:1938)\r\n\tat org.getopentest.base.TestActor.executeMacroActionByName(TestActor.java:2013)\r\n\tat org.getopentest.base.TestActor.executeActionByDef(TestActor.java:1745)\r\n\tat org.getopentest.base.TestActor.executeTestSegment(TestActor.java:2092)\r\n\tat org.getopentest.base.TestActor.runOneSession(TestActor.java:3077)\r\n\tat org.getopentest.base.TestActor.runOneSession(TestActor.java:3113)\r\n\tat org.getopentest.Main.main(Main.java:20)\r\nCaused by: org.getopentest.exceptions.ArgumentException: Mandatory argument \"locator\" was not provided for action org.getopentest.selenium.ActionsMoveTo.\r\n\tat org.getopentest.base.TestAction.readArgument(TestAction.java:166)\r\n\tat org.getopentest.selenium.core.SeleniumTestAction.readLocatorArgument(SeleniumTestAction.java:233)\r\n\tat org.getopentest.selenium.ActionsMoveTo.run(ActionsMoveTo.java:13)\r\n\tat org.getopentest.base.TestActor.executeAction(TestActor.java:1571)\r\n\tat org.getopentest.base.TestActor.executeActionByClassName(TestActor.java:1647)\r\n\t... 8 more\r\n"},{"action":"org.getopentest.base.MacroAction","actorType":"ACTOR1","args":{"locator":{"xpath":"//a[@href='/us/en-us/meal/hamburger-happy-meal.html']//div[@class='cmp-category__details']"}},"isCheckpoint":false,"description":"Scroll","durationMs":1521,"macro":"Scroll","macroStack":[],"result":"failed","segment":1,"stackTrace":"java.lang.Exception: There was an error executing macro action Scroll with arguments {\"locator\":{\"xpath\":\"//a[@href='/us/en-us/meal/hamburger-happy-meal.html']//div[@class='cmp-category__details']\"}}\r\n\tat org.getopentest.base.TestActor.executeMacroActionByName(TestActor.java:2021)\r\n\tat org.getopentest.base.TestActor.executeActionByDef(TestActor.java:1745)\r\n\tat org.getopentest.base.TestActor.executeTestSegment(TestActor.java:2092)\r\n\tat org.getopentest.base.TestActor.runOneSession(TestActor.java:3077)\r\n\tat org.getopentest.base.TestActor.runOneSession(TestActor.java:3113)\r\n\tat org.getopentest.Main.main(Main.java:20)\r\nCaused by: java.lang.RuntimeException: There was an error while executing action no. 1 (org.getopentest.selenium.ActionsMoveTo) in macro Scroll.\nThe action definition was:\n{\n  \"action\": \"org.getopentest.selenium.ActionsMoveTo\",\n  \"description\": \"Move the mouse to product 1 element\"\n}\r\n\tat org.getopentest.base.TestActor.executeMacroActionByDef(TestActor.java:1973)\r\n\tat org.getopentest.base.TestActor.executeMacroActionByName(TestActor.java:2013)\r\n\t... 5 more\r\nCaused by: java.lang.RuntimeException: Failed executing action org.getopentest.selenium.ActionsMoveTo (no arguments were provided)\r\n\tat org.getopentest.base.TestActor.executeActionByDef(TestActor.java:1872)\r\n\tat org.getopentest.base.TestActor.executeMacroActionByDef(TestActor.java:1938)\r\n\t... 6 more\r\nCaused by: java.lang.RuntimeException: org.getopentest.exceptions.ArgumentException: Mandatory argument \"locator\" was not provided for action org.getopentest.selenium.ActionsMoveTo.\r\n\tat org.getopentest.base.TestActor.executeActionByClassName(TestActor.java:1670)\r\n\tat org.getopentest.base.TestActor.executeActionByDef(TestActor.java:1749)\r\n\t... 7 more\r\nCaused by: org.getopentest.exceptions.ArgumentException: Mandatory argument \"locator\" was not provided for action org.getopentest.selenium.ActionsMoveTo.\r\n\tat org.getopentest.base.TestAction.readArgument(TestAction.java:166)\r\n\tat org.getopentest.selenium.core.SeleniumTestAction.readLocatorArgument(SeleniumTestAction.java:233)\r\n\tat org.getopentest.selenium.ActionsMoveTo.run(ActionsMoveTo.java:13)\r\n\tat org.getopentest.base.TestActor.executeAction(TestActor.java:1571)\r\n\tat org.getopentest.base.TestActor.executeActionByClassName(TestActor.java:1647)\r\n\t... 8 more\r\n"}],"currentIteration":1,"currentSegmentIndex":0,"isDataDriven":false,"name":"Order a Happy Meal","path":"web","result":"failed","status":"completed","segments":[{"index":0,"result":"passed","status":"completed","timeStarted":1668422944560,"timeCompleted":1668422944599},{"index":1,"result":"failed","status":"completed","timeStarted":1668422944629,"timeCompleted":1668422962787}],"tags":[],"timeStarted":1668422944560,"timeCompleted":1668422962787},{"actions":[{"action":"org.getopentest.selenium.NavigateTo","actorType":"ACTOR1","args":{"url":"https://www.mcdonalds.com/us/en-us.html"},"isCheckpoint":false,"description":"Mcdonalds fast food ordering","durationMs":11300,"macroStack":["OurMenu"],"result":"passed","segment":1},{"action":"org.getopentest.selenium.Click","actorType":"ACTOR1","args":{"locator":{"xpath":"//button[@aria-controls='ourMenuSubItemsList_desktop']"}},"isCheckpoint":false,"description":"Click on OurMenu drop down","durationMs":467,"macroStack":["OurMenu"],"result":"passed","segment":1},{"action":"org.getopentest.base.MacroAction","actorType":"ACTOR1","args":{},"isCheckpoint":false,"description":"OurMenu","durationMs":11792,"macro":"OurMenu","macroStack":[],"result":"passed","segment":1},{"action":"org.getopentest.selenium.Click","actorType":"ACTOR1","args":{"locator":{"xpath":"//div[@id='ourMenuSubItemsList_desktop']//span[@class='menu-text'][text()='Beverages']"}},"isCheckpoint":false,"description":"Click on Beverages hyperlink","durationMs":4604,"macroStack":[],"result":"passed","segment":1},{"action":"org.getopentest.selenium.Click","actorType":"ACTOR1","args":{"locator":{"xpath":"//div[@id='onetrust-close-btn-container']/button"}},"isCheckpoint":false,"description":"To Close Cookies popup","durationMs":287,"macroStack":[],"result":"passed","segment":1},{"action":"org.getopentest.selenium.ActionsMoveTo","actorType":"ACTOR1","args":{},"isCheckpoint":false,"description":"Move the mouse to product 1 element","durationMs":1443,"macroStack":["Scroll"],"result":"failed","screenshot":"SID1668422851_ACTOR1_T05_SG01_ST04_error.png","segment":1,"stackTrace":"java.lang.RuntimeException: org.getopentest.exceptions.ArgumentException: Mandatory argument \"locator\" was not provided for action org.getopentest.selenium.ActionsMoveTo.\r\n\tat org.getopentest.base.TestActor.executeActionByClassName(TestActor.java:1670)\r\n\tat org.getopentest.base.TestActor.executeActionByDef(TestActor.java:1749)\r\n\tat org.getopentest.base.TestActor.executeMacroActionByDef(TestActor.java:1938)\r\n\tat org.getopentest.base.TestActor.executeMacroActionByName(TestActor.java:2013)\r\n\tat org.getopentest.base.TestActor.executeActionByDef(TestActor.java:1745)\r\n\tat org.getopentest.base.TestActor.executeTestSegment(TestActor.java:2092)\r\n\tat org.getopentest.base.TestActor.runOneSession(TestActor.java:3077)\r\n\tat org.getopentest.base.TestActor.runOneSession(TestActor.java:3113)\r\n\tat org.getopentest.Main.main(Main.java:20)\r\nCaused by: org.getopentest.exceptions.ArgumentException: Mandatory argument \"locator\" was not provided for action org.getopentest.selenium.ActionsMoveTo.\r\n\tat org.getopentest.base.TestAction.readArgument(TestAction.java:166)\r\n\tat org.getopentest.selenium.core.SeleniumTestAction.readLocatorArgument(SeleniumTestAction.java:233)\r\n\tat org.getopentest.selenium.ActionsMoveTo.run(ActionsMoveTo.java:13)\r\n\tat org.getopentest.base.TestActor.executeAction(TestActor.java:1571)\r\n\tat org.getopentest.base.TestActor.executeActionByClassName(TestActor.java:1647)\r\n\t... 8 more\r\n"},{"action":"org.getopentest.base.MacroAction","actorType":"ACTOR1","args":{"locator":{"xpath":"//a[@href='/us/en-us/product/diet-coke-small.html']//div[@class='cmp-category__details']"}},"isCheckpoint":false,"description":"Scroll","durationMs":1484,"macro":"Scroll","macroStack":[],"result":"failed","segment":1,"stackTrace":"java.lang.Exception: There was an error executing macro action Scroll with arguments {\"locator\":{\"xpath\":\"//a[@href='/us/en-us/product/diet-coke-small.html']//div[@class='cmp-category__details']\"}}\r\n\tat org.getopentest.base.TestActor.executeMacroActionByName(TestActor.java:2021)\r\n\tat org.getopentest.base.TestActor.executeActionByDef(TestActor.java:1745)\r\n\tat org.getopentest.base.TestActor.executeTestSegment(TestActor.java:2092)\r\n\tat org.getopentest.base.TestActor.runOneSession(TestActor.java:3077)\r\n\tat org.getopentest.base.TestActor.runOneSession(TestActor.java:3113)\r\n\tat org.getopentest.Main.main(Main.java:20)\r\nCaused by: java.lang.RuntimeException: There was an error while executing action no. 1 (org.getopentest.selenium.ActionsMoveTo) in macro Scroll.\nThe action definition was:\n{\n  \"action\": \"org.getopentest.selenium.ActionsMoveTo\",\n  \"description\": \"Move the mouse to product 1 element\"\n}\r\n\tat org.getopentest.base.TestActor.executeMacroActionByDef(TestActor.java:1973)\r\n\tat org.getopentest.base.TestActor.executeMacroActionByName(TestActor.java:2013)\r\n\t... 5 more\r\nCaused by: java.lang.RuntimeException: Failed executing action org.getopentest.selenium.ActionsMoveTo (no arguments were provided)\r\n\tat org.getopentest.base.TestActor.executeActionByDef(TestActor.java:1872)\r\n\tat org.getopentest.base.TestActor.executeMacroActionByDef(TestActor.java:1938)\r\n\t... 6 more\r\nCaused by: java.lang.RuntimeException: org.getopentest.exceptions.ArgumentException: Mandatory argument \"locator\" was not provided for action org.getopentest.selenium.ActionsMoveTo.\r\n\tat org.getopentest.base.TestActor.executeActionByClassName(TestActor.java:1670)\r\n\tat org.getopentest.base.TestActor.executeActionByDef(TestActor.java:1749)\r\n\t... 7 more\r\nCaused by: org.getopentest.exceptions.ArgumentException: Mandatory argument \"locator\" was not provided for action org.getopentest.selenium.ActionsMoveTo.\r\n\tat org.getopentest.base.TestAction.readArgument(TestAction.java:166)\r\n\tat org.getopentest.selenium.core.SeleniumTestAction.readLocatorArgument(SeleniumTestAction.java:233)\r\n\tat org.getopentest.selenium.ActionsMoveTo.run(ActionsMoveTo.java:13)\r\n\tat org.getopentest.base.TestActor.executeAction(TestActor.java:1571)\r\n\tat org.getopentest.base.TestActor.executeActionByClassName(TestActor.java:1647)\r\n\t... 8 more\r\n"}],"currentIteration":1,"currentSegmentIndex":0,"isDataDriven":false,"name":"Order a beverage","path":"web","result":"failed","status":"completed","segments":[{"index":0,"result":"passed","status":"completed","timeStarted":1668422965155,"timeCompleted":1668422965234},{"index":1,"result":"failed","status":"completed","timeStarted":1668422965260,"timeCompleted":1668422983490}],"tags":[],"timeStarted":1668422965155,"timeCompleted":1668422983490},{"actions":[{"action":"org.getopentest.selenium.NavigateTo","actorType":"ACTOR1","args":{"url":"https://www.mcdonalds.com/us/en-us.html"},"isCheckpoint":false,"description":"Mcdonalds fast food ordering","durationMs":11319,"macroStack":["OurMenu"],"result":"passed","segment":1},{"action":"org.getopentest.selenium.Click","actorType":"ACTOR1","args":{"locator":{"xpath":"//button[@aria-controls='ourMenuSubItemsList_desktop']"}},"isCheckpoint":false,"description":"Click on OurMenu drop down","durationMs":420,"macroStack":["OurMenu"],"result":"passed","segment":1},{"action":"org.getopentest.base.MacroAction","actorType":"ACTOR1","args":{},"isCheckpoint":false,"description":"OurMenu","durationMs":11775,"macro":"OurMenu","macroStack":[],"result":"passed","segment":1},{"action":"org.getopentest.selenium.Click","actorType":"ACTOR1","args":{"locator":{"xpath":"//div[@id='ourMenuSubItemsList_desktop']//span[@class='menu-text'][text()='Breakfast']"}},"isCheckpoint":false,"description":"Click on BreakFast hyperlink","durationMs":3648,"macroStack":[],"result":"passed","segment":1},{"action":"org.getopentest.selenium.Click","actorType":"ACTOR1","args":{"locator":{"xpath":"//div[@id='onetrust-close-btn-container']/button"}},"isCheckpoint":false,"description":"To Close Cookies popup","durationMs":275,"macroStack":[],"result":"passed","segment":1},{"action":"org.getopentest.selenium.ActionsMoveTo","actorType":"ACTOR1","args":{},"isCheckpoint":false,"description":"Move the mouse to product 1 element","durationMs":1555,"macroStack":["Scroll"],"result":"failed","screenshot":"SID1668422851_ACTOR1_T06_SG01_ST04_error.png","segment":1,"stackTrace":"java.lang.RuntimeException: org.getopentest.exceptions.ArgumentException: Mandatory argument \"locator\" was not provided for action org.getopentest.selenium.ActionsMoveTo.\r\n\tat org.getopentest.base.TestActor.executeActionByClassName(TestActor.java:1670)\r\n\tat org.getopentest.base.TestActor.executeActionByDef(TestActor.java:1749)\r\n\tat org.getopentest.base.TestActor.executeMacroActionByDef(TestActor.java:1938)\r\n\tat org.getopentest.base.TestActor.executeMacroActionByName(TestActor.java:2013)\r\n\tat org.getopentest.base.TestActor.executeActionByDef(TestActor.java:1745)\r\n\tat org.getopentest.base.TestActor.executeTestSegment(TestActor.java:2092)\r\n\tat org.getopentest.base.TestActor.runOneSession(TestActor.java:3077)\r\n\tat org.getopentest.base.TestActor.runOneSession(TestActor.java:3113)\r\n\tat org.getopentest.Main.main(Main.java:20)\r\nCaused by: org.getopentest.exceptions.ArgumentException: Mandatory argument \"locator\" was not provided for action org.getopentest.selenium.ActionsMoveTo.\r\n\tat org.getopentest.base.TestAction.readArgument(TestAction.java:166)\r\n\tat org.getopentest.selenium.core.SeleniumTestAction.readLocatorArgument(SeleniumTestAction.java:233)\r\n\tat org.getopentest.selenium.ActionsMoveTo.run(ActionsMoveTo.java:13)\r\n\tat org.getopentest.base.TestActor.executeAction(TestActor.java:1571)\r\n\tat org.getopentest.base.TestActor.executeActionByClassName(TestActor.java:1647)\r\n\t... 8 more\r\n"},{"action":"org.getopentest.base.MacroAction","actorType":"ACTOR1","args":{"locator":{"xpath":"//a[@href='/us/en-us/product/sausage-biscuit.html']//div[@class='cmp-category__details']"}},"isCheckpoint":false,"description":"Scroll","durationMs":1566,"macro":"Scroll","macroStack":[],"result":"failed","segment":1,"stackTrace":"java.lang.Exception: There was an error executing macro action Scroll with arguments {\"locator\":{\"xpath\":\"//a[@href='/us/en-us/product/sausage-biscuit.html']//div[@class='cmp-category__details']\"}}\r\n\tat org.getopentest.base.TestActor.executeMacroActionByName(TestActor.java:2021)\r\n\tat org.getopentest.base.TestActor.executeActionByDef(TestActor.java:1745)\r\n\tat org.getopentest.base.TestActor.executeTestSegment(TestActor.java:2092)\r\n\tat org.getopentest.base.TestActor.runOneSession(TestActor.java:3077)\r\n\tat org.getopentest.base.TestActor.runOneSession(TestActor.java:3113)\r\n\tat org.getopentest.Main.main(Main.java:20)\r\nCaused by: java.lang.RuntimeException: There was an error while executing action no. 1 (org.getopentest.selenium.ActionsMoveTo) in macro Scroll.\nThe action definition was:\n{\n  \"action\": \"org.getopentest.selenium.ActionsMoveTo\",\n  \"description\": \"Move the mouse to product 1 element\"\n}\r\n\tat org.getopentest.base.TestActor.executeMacroActionByDef(TestActor.java:1973)\r\n\tat org.getopentest.base.TestActor.executeMacroActionByName(TestActor.java:2013)\r\n\t... 5 more\r\nCaused by: java.lang.RuntimeException: Failed executing action org.getopentest.selenium.ActionsMoveTo (no arguments were provided)\r\n\tat org.getopentest.base.TestActor.executeActionByDef(TestActor.java:1872)\r\n\tat org.getopentest.base.TestActor.executeMacroActionByDef(TestActor.java:1938)\r\n\t... 6 more\r\nCaused by: java.lang.RuntimeException: org.getopentest.exceptions.ArgumentException: Mandatory argument \"locator\" was not provided for action org.getopentest.selenium.ActionsMoveTo.\r\n\tat org.getopentest.base.TestActor.executeActionByClassName(TestActor.java:1670)\r\n\tat org.getopentest.base.TestActor.executeActionByDef(TestActor.java:1749)\r\n\t... 7 more\r\nCaused by: org.getopentest.exceptions.ArgumentException: Mandatory argument \"locator\" was not provided for action org.getopentest.selenium.ActionsMoveTo.\r\n\tat org.getopentest.base.TestAction.readArgument(TestAction.java:166)\r\n\tat org.getopentest.selenium.core.SeleniumTestAction.readLocatorArgument(SeleniumTestAction.java:233)\r\n\tat org.getopentest.selenium.ActionsMoveTo.run(ActionsMoveTo.java:13)\r\n\tat org.getopentest.base.TestActor.executeAction(TestActor.java:1571)\r\n\tat org.getopentest.base.TestActor.executeActionByClassName(TestActor.java:1647)\r\n\t... 8 more\r\n"}],"currentIteration":1,"currentSegmentIndex":0,"isDataDriven":false,"name":"Order a breakFast","path":"web","result":"failed","status":"completed","segments":[{"index":0,"result":"passed","status":"completed","timeStarted":1668422985872,"timeCompleted":1668422985907},{"index":1,"result":"failed","status":"completed","timeStarted":1668422985975,"timeCompleted":1668423003292}],"tags":[],"timeStarted":1668422985872,"timeCompleted":1668423003292}],"timeCreated":1668422850904,"timeStarted":1668422853934,"timeCompleted":1668423003293,"lastActivity":1668423003290,"_id":"Rq0f39sttTYJ3R2G","actorTags":[],"environment":"","currentDataRecordIndex":-1}
{"id":1668433223,"actors":{"12118":{"id":12118,"lastSeenTime":1668433218079,"testSessionId":1668433223,"type":"ACTOR1","tags":[],"_id":"BmRZFxUMkRhpkxGI","ip":"::ffff:127.0.0.1","tests":[{"currentSegmentIndex":1,"segments":[{"index":0,"status":"completed","timeStarted":1668433223577,"timeCompleted":1668433223603,"result":"passed"},{"index":1,"status":"completed","timeStarted":1668433223620,"timeCompleted":1668433237672,"result":"failed"}],"name":"Order Fires and  Sides","path":"web","timeCompleted":null,"timeStarted":1668433223577}]}},"maxIterations":"1","currentIteration":1,"currentTestIndex":1,"currentSegmentIndex":0,"label":"Session 1668432795 2","result":"failed","status":"completed","tests":[{"actions":[{"action":"org.getopentest.selenium.NavigateTo","actorType":"ACTOR1","args":{"url":"https://www.mcdonalds.com/us/en-us.html"},"isCheckpoint":false,"description":"Mcdonalds fast food ordering","durationMs":9486,"macroStack":["OurMenu"],"result":"passed","segment":1},{"action":"org.getopentest.selenium.Click","actorType":"ACTOR1","args":{"locator":{"xpath":"//button[@aria-controls='ourMenuSubItemsList_desktop']"}},"isCheckpoint":false,"description":"Click on OurMenu drop down","durationMs":281,"macroStack":["OurMenu"],"result":"passed","segment":1},{"action":"org.getopentest.base.MacroAction","actorType":"ACTOR1","args":{},"isCheckpoint":false,"description":"OurMenu","durationMs":9868,"macro":"OurMenu","macroStack":[],"result":"passed","segment":1},{"action":"org.getopentest.selenium.Click","actorType":"ACTOR1","args":{"locator":{"xpath":"//div[@id='ourMenuSubItemsList_desktop']//span[@class='menu-text'][text()='Fries® & Sides']"}},"isCheckpoint":false,"description":"Click on FiresAndSide hyperlink","durationMs":2455,"macroStack":[],"result":"passed","segment":1},{"action":"org.getopentest.selenium.Click","actorType":"ACTOR1","args":{"locator":{"xpath":"//div[@id='onetrust-close-btn-container']/button"}},"isCheckpoint":false,"description":"To Close Cookies popup","durationMs":305,"macroStack":[],"result":"passed","segment":1},{"action":"org.getopentest.selenium.ActionsMoveTo","actorType":"ACTOR1","args":{},"isCheckpoint":false,"description":"Move the mouse to the product","durationMs":1339,"macroStack":["Scroll"],"result":"failed","screenshot":"SID1668433223_ACTOR1_T01_SG01_ST04_error.png","segment":1,"stackTrace":"java.lang.RuntimeException: org.getopentest.exceptions.ArgumentException: Mandatory argument \"locator\" was not provided for action org.getopentest.selenium.ActionsMoveTo.\r\n\tat org.getopentest.base.TestActor.executeActionByClassName(TestActor.java:1670)\r\n\tat org.getopentest.base.TestActor.executeActionByDef(TestActor.java:1749)\r\n\tat org.getopentest.base.TestActor.executeMacroActionByDef(TestActor.java:1938)\r\n\tat org.getopentest.base.TestActor.executeMacroActionByName(TestActor.java:2013)\r\n\tat org.getopentest.base.TestActor.executeActionByDef(TestActor.java:1745)\r\n\tat org.getopentest.base.TestActor.executeTestSegment(TestActor.java:2092)\r\n\tat org.getopentest.base.TestActor.runOneSession(TestActor.java:3077)\r\n\tat org.getopentest.base.TestActor.runOneSession(TestActor.java:3113)\r\n\tat org.getopentest.Main.main(Main.java:20)\r\nCaused by: org.getopentest.exceptions.ArgumentException: Mandatory argument \"locator\" was not provided for action org.getopentest.selenium.ActionsMoveTo.\r\n\tat org.getopentest.base.TestAction.readArgument(TestAction.java:166)\r\n\tat org.getopentest.selenium.core.SeleniumTestAction.readLocatorArgument(SeleniumTestAction.java:233)\r\n\tat org.getopentest.selenium.ActionsMoveTo.run(ActionsMoveTo.java:13)\r\n\tat org.getopentest.base.TestActor.executeAction(TestActor.java:1571)\r\n\tat org.getopentest.base.TestActor.executeActionByClassName(TestActor.java:1647)\r\n\t... 8 more\r\n"},{"action":"org.getopentest.base.MacroAction","actorType":"ACTOR1","args":{"locator":{"xpath":"//div[@id='product-category-e90ee6e60b-5d087c01d0_name']"}},"isCheckpoint":false,"description":"Scroll","durationMs":1384,"macro":"Scroll","macroStack":[],"result":"failed","segment":1,"stackTrace":"java.lang.Exception: There was an error executing macro action Scroll with arguments {\"locator\":{\"xpath\":\"//div[@id='product-category-e90ee6e60b-5d087c01d0_name']\"}}\r\n\tat org.getopentest.base.TestActor.executeMacroActionByName(TestActor.java:2021)\r\n\tat org.getopentest.base.TestActor.executeActionByDef(TestActor.java:1745)\r\n\tat org.getopentest.base.TestActor.executeTestSegment(TestActor.java:2092)\r\n\tat org.getopentest.base.TestActor.runOneSession(TestActor.java:3077)\r\n\tat org.getopentest.base.TestActor.runOneSession(TestActor.java:3113)\r\n\tat org.getopentest.Main.main(Main.java:20)\r\nCaused by: java.lang.RuntimeException: There was an error while executing action no. 1 (org.getopentest.selenium.ActionsMoveTo) in macro Scroll.\nThe action definition was:\n{\n  \"action\": \"org.getopentest.selenium.ActionsMoveTo\",\n  \"description\": \"Move the mouse to the product\"\n}\r\n\tat org.getopentest.base.TestActor.executeMacroActionByDef(TestActor.java:1973)\r\n\tat org.getopentest.base.TestActor.executeMacroActionByName(TestActor.java:2013)\r\n\t... 5 more\r\nCaused by: java.lang.RuntimeException: Failed executing action org.getopentest.selenium.ActionsMoveTo (no arguments were provided)\r\n\tat org.getopentest.base.TestActor.executeActionByDef(TestActor.java:1872)\r\n\tat org.getopentest.base.TestActor.executeMacroActionByDef(TestActor.java:1938)\r\n\t... 6 more\r\nCaused by: java.lang.RuntimeException: org.getopentest.exceptions.ArgumentException: Mandatory argument \"locator\" was not provided for action org.getopentest.selenium.ActionsMoveTo.\r\n\tat org.getopentest.base.TestActor.executeActionByClassName(TestActor.java:1670)\r\n\tat org.getopentest.base.TestActor.executeActionByDef(TestActor.java:1749)\r\n\t... 7 more\r\nCaused by: org.getopentest.exceptions.ArgumentException: Mandatory argument \"locator\" was not provided for action org.getopentest.selenium.ActionsMoveTo.\r\n\tat org.getopentest.base.TestAction.readArgument(TestAction.java:166)\r\n\tat org.getopentest.selenium.core.SeleniumTestAction.readLocatorArgument(SeleniumTestAction.java:233)\r\n\tat org.getopentest.selenium.ActionsMoveTo.run(ActionsMoveTo.java:13)\r\n\tat org.getopentest.base.TestActor.executeAction(TestActor.java:1571)\r\n\tat org.getopentest.base.TestActor.executeActionByClassName(TestActor.java:1647)\r\n\t... 8 more\r\n"}],"currentIteration":1,"currentSegmentIndex":0,"isDataDriven":false,"name":"Order Fires and  Sides","path":"web","result":"failed","status":"completed","segments":[{"index":0,"result":"passed","status":"completed","timeStarted":1668433223577,"timeCompleted":1668433223603},{"index":1,"result":"failed","status":"completed","timeStarted":1668433223620,"timeCompleted":1668433237672}],"tags":[],"timeStarted":1668433223577,"timeCompleted":1668433237672}],"timeCreated":1668433222507,"timeStarted":1668433223577,"timeCompleted":1668433237672,"lastActivity":1668433237670,"_id":"goRftZRvi0iT9J4n","actorTags":[],"environment":"","currentDataRecordIndex":-1}
{"id":1668433577,"actors":{"12118":{"id":12118,"lastSeenTime":1668433574534,"testSessionId":1668433577,"type":"ACTOR1","tags":[],"_id":"BmRZFxUMkRhpkxGI","ip":"::ffff:127.0.0.1","tests":[{"currentSegmentIndex":1,"segments":[{"index":0,"status":"completed","timeStarted":1668433580469,"timeCompleted":1668433580496,"result":"passed"},{"index":1,"status":"completed","timeStarted":1668433580520,"timeCompleted":1668433595303,"result":"failed"}],"name":"Order Fires and  Sides","path":"web","timeCompleted":null,"timeStarted":1668433580469}]}},"maxIterations":"1","currentIteration":1,"currentTestIndex":1,"currentSegmentIndex":0,"label":"Session 1668432795 3","result":"failed","status":"completed","tests":[{"actions":[{"action":"org.getopentest.selenium.NavigateTo","actorType":"ACTOR1","args":{"url":"https://www.mcdonalds.com/us/en-us.html"},"isCheckpoint":false,"description":"Mcdonalds fast food ordering","durationMs":10064,"macroStack":["OurMenu"],"result":"passed","segment":1},{"action":"org.getopentest.selenium.Click","actorType":"ACTOR1","args":{"locator":{"xpath":"//button[@aria-controls='ourMenuSubItemsList_desktop']"}},"isCheckpoint":false,"description":"Click on OurMenu drop down","durationMs":426,"macroStack":["OurMenu"],"result":"passed","segment":1},{"action":"org.getopentest.base.MacroAction","actorType":"ACTOR1","args":{},"isCheckpoint":false,"description":"OurMenu","durationMs":10604,"macro":"OurMenu","macroStack":[],"result":"passed","segment":1},{"action":"org.getopentest.selenium.Click","actorType":"ACTOR1","args":{"locator":{"xpath":"//div[@id='ourMenuSubItemsList_desktop']//span[@class='menu-text'][text()='Fries® & Sides']"}},"isCheckpoint":false,"description":"Click on FiresAndSide hyperlink","durationMs":2540,"macroStack":[],"result":"passed","segment":1},{"action":"org.getopentest.selenium.Click","actorType":"ACTOR1","args":{"locator":{"xpath":"//div[@id='onetrust-close-btn-container']/button"}},"isCheckpoint":false,"description":"To Close Cookies popup","durationMs":214,"macroStack":[],"result":"passed","segment":1},{"action":"org.getopentest.selenium.ActionsMoveTo","actorType":"ACTOR1","args":{},"isCheckpoint":false,"description":"Move the mouse to the product","durationMs":1354,"macroStack":["Scroll"],"result":"failed","screenshot":"SID1668433577_ACTOR1_T01_SG01_ST04_error.png","segment":1,"stackTrace":"java.lang.RuntimeException: org.getopentest.exceptions.ArgumentException: Mandatory argument \"locator\" was not provided for action org.getopentest.selenium.ActionsMoveTo.\r\n\tat org.getopentest.base.TestActor.executeActionByClassName(TestActor.java:1670)\r\n\tat org.getopentest.base.TestActor.executeActionByDef(TestActor.java:1749)\r\n\tat org.getopentest.base.TestActor.executeMacroActionByDef(TestActor.java:1938)\r\n\tat org.getopentest.base.TestActor.executeMacroActionByName(TestActor.java:2013)\r\n\tat org.getopentest.base.TestActor.executeActionByDef(TestActor.java:1745)\r\n\tat org.getopentest.base.TestActor.executeTestSegment(TestActor.java:2092)\r\n\tat org.getopentest.base.TestActor.runOneSession(TestActor.java:3077)\r\n\tat org.getopentest.base.TestActor.runOneSession(TestActor.java:3113)\r\n\tat org.getopentest.Main.main(Main.java:20)\r\nCaused by: org.getopentest.exceptions.ArgumentException: Mandatory argument \"locator\" was not provided for action org.getopentest.selenium.ActionsMoveTo.\r\n\tat org.getopentest.base.TestAction.readArgument(TestAction.java:166)\r\n\tat org.getopentest.selenium.core.SeleniumTestAction.readLocatorArgument(SeleniumTestAction.java:233)\r\n\tat org.getopentest.selenium.ActionsMoveTo.run(ActionsMoveTo.java:13)\r\n\tat org.getopentest.base.TestActor.executeAction(TestActor.java:1571)\r\n\tat org.getopentest.base.TestActor.executeActionByClassName(TestActor.java:1647)\r\n\t... 8 more\r\n"},{"action":"org.getopentest.base.MacroAction","actorType":"ACTOR1","args":{"locator":{"xpath":"//div[@id='product-category-e90ee6e60b-5d087c01d0_name']"}},"isCheckpoint":false,"description":"Scroll","durationMs":1380,"macro":"Scroll","macroStack":[],"result":"failed","segment":1,"stackTrace":"java.lang.Exception: There was an error executing macro action Scroll with arguments {\"locator\":{\"xpath\":\"//div[@id='product-category-e90ee6e60b-5d087c01d0_name']\"}}\r\n\tat org.getopentest.base.TestActor.executeMacroActionByName(TestActor.java:2021)\r\n\tat org.getopentest.base.TestActor.executeActionByDef(TestActor.java:1745)\r\n\tat org.getopentest.base.TestActor.executeTestSegment(TestActor.java:2092)\r\n\tat org.getopentest.base.TestActor.runOneSession(TestActor.java:3077)\r\n\tat org.getopentest.base.TestActor.runOneSession(TestActor.java:3113)\r\n\tat org.getopentest.Main.main(Main.java:20)\r\nCaused by: java.lang.RuntimeException: There was an error while executing action no. 1 (org.getopentest.selenium.ActionsMoveTo) in macro Scroll.\nThe action definition was:\n{\n  \"action\": \"org.getopentest.selenium.ActionsMoveTo\",\n  \"description\": \"Move the mouse to the product\"\n}\r\n\tat org.getopentest.base.TestActor.executeMacroActionByDef(TestActor.java:1973)\r\n\tat org.getopentest.base.TestActor.executeMacroActionByName(TestActor.java:2013)\r\n\t... 5 more\r\nCaused by: java.lang.RuntimeException: Failed executing action org.getopentest.selenium.ActionsMoveTo (no arguments were provided)\r\n\tat org.getopentest.base.TestActor.executeActionByDef(TestActor.java:1872)\r\n\tat org.getopentest.base.TestActor.executeMacroActionByDef(TestActor.java:1938)\r\n\t... 6 more\r\nCaused by: java.lang.RuntimeException: org.getopentest.exceptions.ArgumentException: Mandatory argument \"locator\" was not provided for action org.getopentest.selenium.ActionsMoveTo.\r\n\tat org.getopentest.base.TestActor.executeActionByClassName(TestActor.java:1670)\r\n\tat org.getopentest.base.TestActor.executeActionByDef(TestActor.java:1749)\r\n\t... 7 more\r\nCaused by: org.getopentest.exceptions.ArgumentException: Mandatory argument \"locator\" was not provided for action org.getopentest.selenium.ActionsMoveTo.\r\n\tat org.getopentest.base.TestAction.readArgument(TestAction.java:166)\r\n\tat org.getopentest.selenium.core.SeleniumTestAction.readLocatorArgument(SeleniumTestAction.java:233)\r\n\tat org.getopentest.selenium.ActionsMoveTo.run(ActionsMoveTo.java:13)\r\n\tat org.getopentest.base.TestActor.executeAction(TestActor.java:1571)\r\n\tat org.getopentest.base.TestActor.executeActionByClassName(TestActor.java:1647)\r\n\t... 8 more\r\n"}],"currentIteration":1,"currentSegmentIndex":0,"isDataDriven":false,"name":"Order Fires and  Sides","path":"web","result":"failed","status":"completed","segments":[{"index":0,"result":"passed","status":"completed","timeStarted":1668433580469,"timeCompleted":1668433580496},{"index":1,"result":"failed","status":"completed","timeStarted":1668433580520,"timeCompleted":1668433595303}],"tags":[],"timeStarted":1668433580469,"timeCompleted":1668433595303}],"timeCreated":1668433577053,"timeStarted":1668433580469,"timeCompleted":1668433595303,"lastActivity":1668433595303,"_id":"hOPMd2CoPoDOZtLm","actorTags":[],"environment":"","currentDataRecordIndex":-1}
{"id":1668490417,"actors":{"43096":{"id":43096,"lastSeenTime":1668490414982,"testSessionId":1668490417,"type":"ACTOR1","tags":[],"_id":"4Z38NbnywWuTjgdh","ip":"::ffff:127.0.0.1","tests":[{"currentSegmentIndex":1,"segments":[{"index":0,"status":"completed","timeStarted":1668490420795,"timeCompleted":1668490420825,"result":"passed"},{"index":1,"status":"completed","timeStarted":1668490420850,"timeCompleted":1668490440508,"result":"failed"}],"name":"Order Fires and  Sides","path":"web","timeCompleted":null,"timeStarted":1668490420795}]}},"maxIterations":"1","currentIteration":1,"currentTestIndex":1,"currentSegmentIndex":0,"label":"Session 1668490417","result":"failed","status":"completed","tests":[{"actions":[{"action":"org.getopentest.selenium.NavigateTo","actorType":"ACTOR1","args":{"url":"https://www.mcdonalds.com/us/en-us.html"},"isCheckpoint":false,"description":"Mcdonalds fast food ordering","durationMs":13478,"macroStack":["OurMenu"],"result":"passed","segment":1},{"action":"org.getopentest.selenium.Click","actorType":"ACTOR1","args":{"locator":{"xpath":"//button[@aria-controls='ourMenuSubItemsList_desktop']"}},"isCheckpoint":false,"description":"Click on OurMenu drop down","durationMs":422,"macroStack":["OurMenu"],"result":"passed","segment":1},{"action":"org.getopentest.base.MacroAction","actorType":"ACTOR1","args":{},"isCheckpoint":false,"description":"OurMenu","durationMs":14210,"macro":"OurMenu","macroStack":[],"result":"passed","segment":1},{"action":"org.getopentest.selenium.Click","actorType":"ACTOR1","args":{"locator":{"xpath":"//div[@id='ourMenuSubItemsList_desktop']//span[@class='menu-text'][text()='Fries® & Sides']"}},"isCheckpoint":false,"description":"Click on FiresAndSide hyperlink","durationMs":3241,"macroStack":[],"result":"passed","segment":1},{"action":"org.getopentest.selenium.Click","actorType":"ACTOR1","args":{"locator":{"xpath":"//div[@id='onetrust-close-btn-container']/button"}},"isCheckpoint":false,"description":"To Close Cookies popup","durationMs":324,"macroStack":[],"result":"passed","segment":1},{"action":"org.getopentest.selenium.ActionsMoveTo","actorType":"ACTOR1","args":{},"isCheckpoint":false,"description":"Move the mouse to product 1 element","durationMs":1786,"macroStack":["Scroll"],"result":"failed","screenshot":"SID1668490417_ACTOR1_T01_SG01_ST04_error.png","segment":1,"stackTrace":"java.lang.RuntimeException: org.getopentest.exceptions.ArgumentException: Mandatory argument \"locator\" was not provided for action org.getopentest.selenium.ActionsMoveTo.\r\n\tat org.getopentest.base.TestActor.executeActionByClassName(TestActor.java:1670)\r\n\tat org.getopentest.base.TestActor.executeActionByDef(TestActor.java:1749)\r\n\tat org.getopentest.base.TestActor.executeMacroActionByDef(TestActor.java:1938)\r\n\tat org.getopentest.base.TestActor.executeMacroActionByName(TestActor.java:2013)\r\n\tat org.getopentest.base.TestActor.executeActionByDef(TestActor.java:1745)\r\n\tat org.getopentest.base.TestActor.executeTestSegment(TestActor.java:2092)\r\n\tat org.getopentest.base.TestActor.runOneSession(TestActor.java:3077)\r\n\tat org.getopentest.base.TestActor.runOneSession(TestActor.java:3113)\r\n\tat org.getopentest.Main.main(Main.java:20)\r\nCaused by: org.getopentest.exceptions.ArgumentException: Mandatory argument \"locator\" was not provided for action org.getopentest.selenium.ActionsMoveTo.\r\n\tat org.getopentest.base.TestAction.readArgument(TestAction.java:166)\r\n\tat org.getopentest.selenium.core.SeleniumTestAction.readLocatorArgument(SeleniumTestAction.java:233)\r\n\tat org.getopentest.selenium.ActionsMoveTo.run(ActionsMoveTo.java:13)\r\n\tat org.getopentest.base.TestActor.executeAction(TestActor.java:1571)\r\n\tat org.getopentest.base.TestActor.executeActionByClassName(TestActor.java:1647)\r\n\t... 8 more\r\n"},{"action":"org.getopentest.base.MacroAction","actorType":"ACTOR1","args":{"locator":{"xpath":"//div[@id='product-category-e90ee6e60b-5d087c01d0_name']"}},"isCheckpoint":false,"description":"Scroll","durationMs":1827,"macro":"Scroll","macroStack":[],"result":"failed","segment":1,"stackTrace":"java.lang.Exception: There was an error executing macro action Scroll with arguments {\"locator\":{\"xpath\":\"//div[@id='product-category-e90ee6e60b-5d087c01d0_name']\"}}\r\n\tat org.getopentest.base.TestActor.executeMacroActionByName(TestActor.java:2021)\r\n\tat org.getopentest.base.TestActor.executeActionByDef(TestActor.java:1745)\r\n\tat org.getopentest.base.TestActor.executeTestSegment(TestActor.java:2092)\r\n\tat org.getopentest.base.TestActor.runOneSession(TestActor.java:3077)\r\n\tat org.getopentest.base.TestActor.runOneSession(TestActor.java:3113)\r\n\tat org.getopentest.Main.main(Main.java:20)\r\nCaused by: java.lang.RuntimeException: There was an error while executing action no. 1 (org.getopentest.selenium.ActionsMoveTo) in macro Scroll.\nThe action definition was:\n{\n  \"action\": \"org.getopentest.selenium.ActionsMoveTo\",\n  \"description\": \"Move the mouse to product 1 element\"\n}\r\n\tat org.getopentest.base.TestActor.executeMacroActionByDef(TestActor.java:1973)\r\n\tat org.getopentest.base.TestActor.executeMacroActionByName(TestActor.java:2013)\r\n\t... 5 more\r\nCaused by: java.lang.RuntimeException: Failed executing action org.getopentest.selenium.ActionsMoveTo (no arguments were provided)\r\n\tat org.getopentest.base.TestActor.executeActionByDef(TestActor.java:1872)\r\n\tat org.getopentest.base.TestActor.executeMacroActionByDef(TestActor.java:1938)\r\n\t... 6 more\r\nCaused by: java.lang.RuntimeException: org.getopentest.exceptions.ArgumentException: Mandatory argument \"locator\" was not provided for action org.getopentest.selenium.ActionsMoveTo.\r\n\tat org.getopentest.base.TestActor.executeActionByClassName(TestActor.java:1670)\r\n\tat org.getopentest.base.TestActor.executeActionByDef(TestActor.java:1749)\r\n\t... 7 more\r\nCaused by: org.getopentest.exceptions.ArgumentException: Mandatory argument \"locator\" was not provided for action org.getopentest.selenium.ActionsMoveTo.\r\n\tat org.getopentest.base.TestAction.readArgument(TestAction.java:166)\r\n\tat org.getopentest.selenium.core.SeleniumTestAction.readLocatorArgument(SeleniumTestAction.java:233)\r\n\tat org.getopentest.selenium.ActionsMoveTo.run(ActionsMoveTo.java:13)\r\n\tat org.getopentest.base.TestActor.executeAction(TestActor.java:1571)\r\n\tat org.getopentest.base.TestActor.executeActionByClassName(TestActor.java:1647)\r\n\t... 8 more\r\n"}],"currentIteration":1,"currentSegmentIndex":0,"isDataDriven":false,"name":"Order Fires and  Sides","path":"web","result":"failed","status":"completed","segments":[{"index":0,"result":"passed","status":"completed","timeStarted":1668490420795,"timeCompleted":1668490420825},{"index":1,"result":"failed","status":"completed","timeStarted":1668490420850,"timeCompleted":1668490440508}],"tags":[],"timeStarted":1668490420795,"timeCompleted":1668490440508}],"timeCreated":1668490416882,"timeStarted":1668490420795,"timeCompleted":1668490440509,"lastActivity":1668490440508,"_id":"hhYCHJEOe9ZT3EVD","actorTags":[],"environment":"","currentDataRecordIndex":-1}
{"id":1668437243,"actors":{"12118":{"id":12118,"lastSeenTime":1668437239451,"testSessionId":1668437243,"type":"ACTOR1","tags":[],"_id":"BmRZFxUMkRhpkxGI","ip":"::ffff:127.0.0.1","tests":[{"currentSegmentIndex":1,"segments":[{"index":0,"status":"completed","timeStarted":1668437245125,"timeCompleted":1668437245149,"result":"passed"},{"index":1,"status":"completed","timeStarted":1668437245165,"timeCompleted":1668437267054,"result":"passed"}],"name":"Order Fires and  Sides","path":"web","timeCompleted":null,"timeStarted":1668437245125}]}},"maxIterations":"1","currentIteration":1,"currentTestIndex":1,"currentSegmentIndex":0,"label":"Session 1668437243","result":"passed","status":"completed","tests":[{"actions":[{"action":"org.getopentest.selenium.NavigateTo","actorType":"ACTOR1","args":{"url":"https://www.mcdonalds.com/us/en-us.html"},"isCheckpoint":false,"description":"Mcdonalds fast food ordering","durationMs":10918,"macroStack":["OurMenu"],"result":"passed","segment":1},{"action":"org.getopentest.selenium.Click","actorType":"ACTOR1","args":{"locator":{"xpath":"//button[@aria-controls='ourMenuSubItemsList_desktop']"}},"isCheckpoint":false,"description":"Click on OurMenu drop down","durationMs":382,"macroStack":["OurMenu"],"result":"passed","segment":1},{"action":"org.getopentest.base.MacroAction","actorType":"ACTOR1","args":{},"isCheckpoint":false,"description":"OurMenu","durationMs":11403,"macro":"OurMenu","macroStack":[],"result":"passed","segment":1},{"action":"org.getopentest.selenium.Click","actorType":"ACTOR1","args":{"locator":{"xpath":"//div[@id='ourMenuSubItemsList_desktop']//span[@class='menu-text'][text()='Fries® & Sides']"}},"isCheckpoint":false,"description":"Click on FiresAndSide hyperlink","durationMs":2840,"macroStack":[],"result":"passed","segment":1},{"action":"org.getopentest.selenium.Click","actorType":"ACTOR1","args":{"locator":{"xpath":"//div[@id='onetrust-close-btn-container']/button"}},"isCheckpoint":false,"description":"To Close Cookies popup","durationMs":441,"macroStack":[],"result":"passed","segment":1},{"action":"org.getopentest.selenium.ActionsMoveTo","actorType":"ACTOR1","args":{"locator":{"xpath":"//div[@id='product-category-e90ee6e60b-5d087c01d0_name']"}},"isCheckpoint":false,"description":"Move the mouse to the product","durationMs":99,"macroStack":[],"result":"passed","segment":1},{"action":"org.getopentest.selenium.Click","actorType":"ACTOR1","args":{"locator":{"xpath":"//div[@id='product-category-e90ee6e60b-5d087c01d0_name']"}},"isCheckpoint":false,"description":"Once scrolled down click on AppleSlices hyperlink","durationMs":6940,"macroStack":[],"result":"passed","segment":1},{"action":"org.getopentest.selenium.AssertElementText","actorType":"ACTOR1","args":{"caseInsensitive":true,"textContains":"Apple Slices","locator":{"xpath":"//div[@class='cmp-product-details-main__desktop-only']//span[normalize-space()='Apple Slices']"}},"isCheckpoint":false,"description":"Verify the \"product\" is as expected","durationMs":95,"macroStack":[],"result":"passed","segment":1}],"currentIteration":1,"currentSegmentIndex":0,"isDataDriven":false,"name":"Order Fires and  Sides","path":"web","result":"passed","status":"completed","segments":[{"index":0,"result":"passed","status":"completed","timeStarted":1668437245125,"timeCompleted":1668437245149},{"index":1,"result":"passed","status":"completed","timeStarted":1668437245165,"timeCompleted":1668437267054}],"tags":[],"timeStarted":1668437245125,"timeCompleted":1668437267054}],"timeCreated":1668437243397,"timeStarted":1668437245125,"timeCompleted":1668437267055,"lastActivity":1668437267053,"_id":"tD1zdSZBJLfEdKsm","actorTags":[],"environment":"","currentDataRecordIndex":-1}
{"id":1668447010,"actors":{"12118":{"id":12118,"lastSeenTime":1668447006497,"testSessionId":1668447010,"type":"ACTOR1","tags":[],"_id":"BmRZFxUMkRhpkxGI","ip":"::ffff:127.0.0.1","tests":[{"currentSegmentIndex":1,"segments":[{"index":0,"status":"completed","timeStarted":1668447012479,"timeCompleted":1668447012506,"result":"passed"},{"index":1,"status":"completed","timeStarted":1668447012524,"timeCompleted":1668447029663,"result":"failed"}],"name":"Order Fires and  Sides","path":"web","timeCompleted":null,"timeStarted":1668447012479}]}},"maxIterations":"1","currentIteration":1,"currentTestIndex":1,"currentSegmentIndex":0,"label":"Session 1668437243 5","result":"failed","status":"completed","tests":[{"actions":[{"action":"org.getopentest.selenium.NavigateTo","actorType":"ACTOR1","args":{"url":"https://www.mcdonalds.com/us/en-us.html"},"isCheckpoint":false,"description":"Mcdonalds fast food ordering","durationMs":11636,"macroStack":["OurMenu"],"result":"passed","segment":1},{"action":"org.getopentest.selenium.Click","actorType":"ACTOR1","args":{"locator":{"xpath":"//button[@aria-controls='ourMenuSubItemsList_desktop']"}},"isCheckpoint":false,"description":"Click on OurMenu drop down","durationMs":413,"macroStack":["OurMenu"],"result":"passed","segment":1},{"action":"org.getopentest.base.MacroAction","actorType":"ACTOR1","args":{},"isCheckpoint":false,"description":"OurMenu","durationMs":12162,"macro":"OurMenu","macroStack":[],"result":"passed","segment":1},{"action":"org.getopentest.selenium.Click","actorType":"ACTOR1","args":{"locator":{"xpath":"//div[@id='ourMenuSubItemsList_desktop']//span[@class='menu-text'][text()='Fries® & Sides']"}},"isCheckpoint":false,"description":"Click on FiresAndSide hyperlink","durationMs":2814,"macroStack":[],"result":"passed","segment":1},{"action":"org.getopentest.selenium.Click","actorType":"ACTOR1","args":{"locator":{"xpath":"//div[@id='onetrust-close-btn-container']/button"}},"isCheckpoint":false,"description":"To Close Cookies popup","durationMs":387,"macroStack":[],"result":"passed","segment":1},{"action":"org.getopentest.selenium.ActionsMoveTo","actorType":"ACTOR1","args":{},"isCheckpoint":false,"description":"Move the mouse to the product","durationMs":1644,"macroStack":["Scroll"],"result":"failed","screenshot":"SID1668447010_ACTOR1_T01_SG01_ST04_error.png","segment":1,"stackTrace":"java.lang.RuntimeException: org.getopentest.exceptions.ArgumentException: Mandatory argument \"locator\" was not provided for action org.getopentest.selenium.ActionsMoveTo.\r\n\tat org.getopentest.base.TestActor.executeActionByClassName(TestActor.java:1670)\r\n\tat org.getopentest.base.TestActor.executeActionByDef(TestActor.java:1749)\r\n\tat org.getopentest.base.TestActor.executeMacroActionByDef(TestActor.java:1938)\r\n\tat org.getopentest.base.TestActor.executeMacroActionByName(TestActor.java:2013)\r\n\tat org.getopentest.base.TestActor.executeActionByDef(TestActor.java:1745)\r\n\tat org.getopentest.base.TestActor.executeTestSegment(TestActor.java:2092)\r\n\tat org.getopentest.base.TestActor.runOneSession(TestActor.java:3077)\r\n\tat org.getopentest.base.TestActor.runOneSession(TestActor.java:3113)\r\n\tat org.getopentest.Main.main(Main.java:20)\r\nCaused by: org.getopentest.exceptions.ArgumentException: Mandatory argument \"locator\" was not provided for action org.getopentest.selenium.ActionsMoveTo.\r\n\tat org.getopentest.base.TestAction.readArgument(TestAction.java:166)\r\n\tat org.getopentest.selenium.core.SeleniumTestAction.readLocatorArgument(SeleniumTestAction.java:233)\r\n\tat org.getopentest.selenium.ActionsMoveTo.run(ActionsMoveTo.java:13)\r\n\tat org.getopentest.base.TestActor.executeAction(TestActor.java:1571)\r\n\tat org.getopentest.base.TestActor.executeActionByClassName(TestActor.java:1647)\r\n\t... 8 more\r\n"},{"action":"org.getopentest.base.MacroAction","actorType":"ACTOR1","args":{"locator":{"xpath":"//div[@id='product-category-e90ee6e60b-5d087c01d0_name']"}},"isCheckpoint":false,"description":"Scroll","durationMs":1689,"macro":"Scroll","macroStack":[],"result":"failed","segment":1,"stackTrace":"java.lang.Exception: There was an error executing macro action Scroll with arguments {\"locator\":{\"xpath\":\"//div[@id='product-category-e90ee6e60b-5d087c01d0_name']\"}}\r\n\tat org.getopentest.base.TestActor.executeMacroActionByName(TestActor.java:2021)\r\n\tat org.getopentest.base.TestActor.executeActionByDef(TestActor.java:1745)\r\n\tat org.getopentest.base.TestActor.executeTestSegment(TestActor.java:2092)\r\n\tat org.getopentest.base.TestActor.runOneSession(TestActor.java:3077)\r\n\tat org.getopentest.base.TestActor.runOneSession(TestActor.java:3113)\r\n\tat org.getopentest.Main.main(Main.java:20)\r\nCaused by: java.lang.RuntimeException: There was an error while executing action no. 1 (org.getopentest.selenium.ActionsMoveTo) in macro Scroll.\nThe action definition was:\n{\n  \"action\": \"org.getopentest.selenium.ActionsMoveTo\",\n  \"description\": \"Move the mouse to the product\"\n}\r\n\tat org.getopentest.base.TestActor.executeMacroActionByDef(TestActor.java:1973)\r\n\tat org.getopentest.base.TestActor.executeMacroActionByName(TestActor.java:2013)\r\n\t... 5 more\r\nCaused by: java.lang.RuntimeException: Failed executing action org.getopentest.selenium.ActionsMoveTo (no arguments were provided)\r\n\tat org.getopentest.base.TestActor.executeActionByDef(TestActor.java:1872)\r\n\tat org.getopentest.base.TestActor.executeMacroActionByDef(TestActor.java:1938)\r\n\t... 6 more\r\nCaused by: java.lang.RuntimeException: org.getopentest.exceptions.ArgumentException: Mandatory argument \"locator\" was not provided for action org.getopentest.selenium.ActionsMoveTo.\r\n\tat org.getopentest.base.TestActor.executeActionByClassName(TestActor.java:1670)\r\n\tat org.getopentest.base.TestActor.executeActionByDef(TestActor.java:1749)\r\n\t... 7 more\r\nCaused by: org.getopentest.exceptions.ArgumentException: Mandatory argument \"locator\" was not provided for action org.getopentest.selenium.ActionsMoveTo.\r\n\tat org.getopentest.base.TestAction.readArgument(TestAction.java:166)\r\n\tat org.getopentest.selenium.core.SeleniumTestAction.readLocatorArgument(SeleniumTestAction.java:233)\r\n\tat org.getopentest.selenium.ActionsMoveTo.run(ActionsMoveTo.java:13)\r\n\tat org.getopentest.base.TestActor.executeAction(TestActor.java:1571)\r\n\tat org.getopentest.base.TestActor.executeActionByClassName(TestActor.java:1647)\r\n\t... 8 more\r\n"}],"currentIteration":1,"currentSegmentIndex":0,"isDataDriven":false,"name":"Order Fires and  Sides","path":"web","result":"failed","status":"completed","segments":[{"index":0,"result":"passed","status":"completed","timeStarted":1668447012479,"timeCompleted":1668447012506},{"index":1,"result":"failed","status":"completed","timeStarted":1668447012524,"timeCompleted":1668447029663}],"tags":[],"timeStarted":1668447012479,"timeCompleted":1668447029663}],"timeCreated":1668447009522,"timeStarted":1668447012479,"timeCompleted":1668447029663,"lastActivity":1668447029661,"_id":"uciel6POmMcvIRz2","actorTags":[],"environment":"","currentDataRecordIndex":-1}
{"id":1668432795,"actors":{"12118":{"id":12118,"lastSeenTime":1668432791143,"testSessionId":1668432795,"type":"ACTOR1","tags":[],"_id":"BmRZFxUMkRhpkxGI","ip":"::ffff:127.0.0.1","tests":[{"currentSegmentIndex":1,"segments":[{"index":0,"status":"completed","timeStarted":1668432796726,"timeCompleted":1668432796752,"result":"passed"},{"index":1,"status":"completed","timeStarted":1668432796776,"timeCompleted":1668432811913,"result":"failed"}],"name":"Order Fires and  Sides","path":"web","timeCompleted":null,"timeStarted":1668432796726}]}},"maxIterations":"1","currentIteration":1,"currentTestIndex":1,"currentSegmentIndex":0,"label":"Session 1668432795","result":"failed","status":"completed","tests":[{"actions":[{"action":"org.getopentest.selenium.NavigateTo","actorType":"ACTOR1","args":{"url":"https://www.mcdonalds.com/us/en-us.html"},"isCheckpoint":false,"description":"Mcdonalds fast food ordering","durationMs":10356,"macroStack":["OurMenu"],"result":"passed","segment":1},{"action":"org.getopentest.selenium.Click","actorType":"ACTOR1","args":{"locator":{"xpath":"//button[@aria-controls='ourMenuSubItemsList_desktop']"}},"isCheckpoint":false,"description":"Click on OurMenu drop down","durationMs":257,"macroStack":["OurMenu"],"result":"passed","segment":1},{"action":"org.getopentest.base.MacroAction","actorType":"ACTOR1","args":{},"isCheckpoint":false,"description":"OurMenu","durationMs":10731,"macro":"OurMenu","macroStack":[],"result":"passed","segment":1},{"action":"org.getopentest.selenium.Click","actorType":"ACTOR1","args":{"locator":{"xpath":"//div[@id='ourMenuSubItemsList_desktop']//span[@class='menu-text'][text()='Fries® & Sides']"}},"isCheckpoint":false,"description":"Click on FiresAndSide hyperlink","durationMs":2745,"macroStack":[],"result":"passed","segment":1},{"action":"org.getopentest.selenium.Click","actorType":"ACTOR1","args":{"locator":{"xpath":"//div[@id='onetrust-close-btn-container']/button"}},"isCheckpoint":false,"description":"To Close Cookies popup","durationMs":274,"macroStack":[],"result":"passed","segment":1},{"action":"org.getopentest.selenium.ActionsMoveTo","actorType":"ACTOR1","args":{},"isCheckpoint":false,"description":"Move the mouse to product 1 element","durationMs":1323,"macroStack":["Scroll"],"result":"failed","screenshot":"SID1668432795_ACTOR1_T01_SG01_ST04_error.png","segment":1,"stackTrace":"java.lang.RuntimeException: org.getopentest.exceptions.ArgumentException: Mandatory argument \"locator\" was not provided for action org.getopentest.selenium.ActionsMoveTo.\r\n\tat org.getopentest.base.TestActor.executeActionByClassName(TestActor.java:1670)\r\n\tat org.getopentest.base.TestActor.executeActionByDef(TestActor.java:1749)\r\n\tat org.getopentest.base.TestActor.executeMacroActionByDef(TestActor.java:1938)\r\n\tat org.getopentest.base.TestActor.executeMacroActionByName(TestActor.java:2013)\r\n\tat org.getopentest.base.TestActor.executeActionByDef(TestActor.java:1745)\r\n\tat org.getopentest.base.TestActor.executeTestSegment(TestActor.java:2092)\r\n\tat org.getopentest.base.TestActor.runOneSession(TestActor.java:3077)\r\n\tat org.getopentest.base.TestActor.runOneSession(TestActor.java:3113)\r\n\tat org.getopentest.Main.main(Main.java:20)\r\nCaused by: org.getopentest.exceptions.ArgumentException: Mandatory argument \"locator\" was not provided for action org.getopentest.selenium.ActionsMoveTo.\r\n\tat org.getopentest.base.TestAction.readArgument(TestAction.java:166)\r\n\tat org.getopentest.selenium.core.SeleniumTestAction.readLocatorArgument(SeleniumTestAction.java:233)\r\n\tat org.getopentest.selenium.ActionsMoveTo.run(ActionsMoveTo.java:13)\r\n\tat org.getopentest.base.TestActor.executeAction(TestActor.java:1571)\r\n\tat org.getopentest.base.TestActor.executeActionByClassName(TestActor.java:1647)\r\n\t... 8 more\r\n"},{"action":"org.getopentest.base.MacroAction","actorType":"ACTOR1","args":{"locator":{"xpath":"//div[@id='product-category-e90ee6e60b-5d087c01d0_name']"}},"isCheckpoint":false,"description":"Scroll","durationMs":1345,"macro":"Scroll","macroStack":[],"result":"failed","segment":1,"stackTrace":"java.lang.Exception: There was an error executing macro action Scroll with arguments {\"locator\":{\"xpath\":\"//div[@id='product-category-e90ee6e60b-5d087c01d0_name']\"}}\r\n\tat org.getopentest.base.TestActor.executeMacroActionByName(TestActor.java:2021)\r\n\tat org.getopentest.base.TestActor.executeActionByDef(TestActor.java:1745)\r\n\tat org.getopentest.base.TestActor.executeTestSegment(TestActor.java:2092)\r\n\tat org.getopentest.base.TestActor.runOneSession(TestActor.java:3077)\r\n\tat org.getopentest.base.TestActor.runOneSession(TestActor.java:3113)\r\n\tat org.getopentest.Main.main(Main.java:20)\r\nCaused by: java.lang.RuntimeException: There was an error while executing action no. 1 (org.getopentest.selenium.ActionsMoveTo) in macro Scroll.\nThe action definition was:\n{\n  \"action\": \"org.getopentest.selenium.ActionsMoveTo\",\n  \"description\": \"Move the mouse to product 1 element\"\n}\r\n\tat org.getopentest.base.TestActor.executeMacroActionByDef(TestActor.java:1973)\r\n\tat org.getopentest.base.TestActor.executeMacroActionByName(TestActor.java:2013)\r\n\t... 5 more\r\nCaused by: java.lang.RuntimeException: Failed executing action org.getopentest.selenium.ActionsMoveTo (no arguments were provided)\r\n\tat org.getopentest.base.TestActor.executeActionByDef(TestActor.java:1872)\r\n\tat org.getopentest.base.TestActor.executeMacroActionByDef(TestActor.java:1938)\r\n\t... 6 more\r\nCaused by: java.lang.RuntimeException: org.getopentest.exceptions.ArgumentException: Mandatory argument \"locator\" was not provided for action org.getopentest.selenium.ActionsMoveTo.\r\n\tat org.getopentest.base.TestActor.executeActionByClassName(TestActor.java:1670)\r\n\tat org.getopentest.base.TestActor.executeActionByDef(TestActor.java:1749)\r\n\t... 7 more\r\nCaused by: org.getopentest.exceptions.ArgumentException: Mandatory argument \"locator\" was not provided for action org.getopentest.selenium.ActionsMoveTo.\r\n\tat org.getopentest.base.TestAction.readArgument(TestAction.java:166)\r\n\tat org.getopentest.selenium.core.SeleniumTestAction.readLocatorArgument(SeleniumTestAction.java:233)\r\n\tat org.getopentest.selenium.ActionsMoveTo.run(ActionsMoveTo.java:13)\r\n\tat org.getopentest.base.TestActor.executeAction(TestActor.java:1571)\r\n\tat org.getopentest.base.TestActor.executeActionByClassName(TestActor.java:1647)\r\n\t... 8 more\r\n"}],"currentIteration":1,"currentSegmentIndex":0,"isDataDriven":false,"name":"Order Fires and  Sides","path":"web","result":"failed","status":"completed","segments":[{"index":0,"result":"passed","status":"completed","timeStarted":1668432796726,"timeCompleted":1668432796752},{"index":1,"result":"failed","status":"completed","timeStarted":1668432796776,"timeCompleted":1668432811913}],"tags":[],"timeStarted":1668432796726,"timeCompleted":1668432811913}],"timeCreated":1668432795266,"timeStarted":1668432796726,"timeCompleted":1668432811914,"lastActivity":1668432811911,"_id":"yIbrbjQafuOj1Fzj","actorTags":[],"environment":"","currentDataRecordIndex":-1}
{"id":1668436027,"actors":{"12118":{"id":12118,"lastSeenTime":1668436024651,"testSessionId":1668436027,"type":"ACTOR1","tags":[],"_id":"BmRZFxUMkRhpkxGI","ip":"::ffff:127.0.0.1","tests":[{"currentSegmentIndex":1,"segments":[{"index":0,"status":"completed","timeStarted":1668436030810,"timeCompleted":1668436030839,"result":"passed"},{"index":1,"status":"completed","timeStarted":1668436030859,"timeCompleted":1668436045917,"result":"failed"}],"name":"Order Fires and  Sides","path":"web","timeCompleted":null,"timeStarted":1668436030810}]}},"maxIterations":"1","currentIteration":1,"currentTestIndex":1,"currentSegmentIndex":0,"label":"Session 1668436027","result":"failed","status":"completed","tests":[{"actions":[{"action":"org.getopentest.selenium.NavigateTo","actorType":"ACTOR1","args":{"url":"https://www.mcdonalds.com/us/en-us.html"},"isCheckpoint":false,"description":"Mcdonalds fast food ordering","durationMs":9395,"macroStack":["OurMenu"],"result":"passed","segment":1},{"action":"org.getopentest.selenium.Click","actorType":"ACTOR1","args":{"locator":{"xpath":"//button[@aria-controls='ourMenuSubItemsList_desktop']"}},"isCheckpoint":false,"description":"Click on OurMenu drop down","durationMs":355,"macroStack":["OurMenu"],"result":"passed","segment":1},{"action":"org.getopentest.base.MacroAction","actorType":"ACTOR1","args":{},"isCheckpoint":false,"description":"OurMenu","durationMs":9851,"macro":"OurMenu","macroStack":[],"result":"passed","segment":1},{"action":"org.getopentest.selenium.Click","actorType":"ACTOR1","args":{"locator":{"xpath":"//div[@id='ourMenuSubItemsList_desktop']//span[@class='menu-text'][text()='Fries® & Sides']"}},"isCheckpoint":false,"description":"Click on FiresAndSide hyperlink","durationMs":3501,"macroStack":[],"result":"passed","segment":1},{"action":"org.getopentest.selenium.Click","actorType":"ACTOR1","args":{"locator":{"xpath":"//div[@id='onetrust-close-btn-container']/button"}},"isCheckpoint":false,"description":"To Close Cookies popup","durationMs":289,"macroStack":[],"result":"passed","segment":1},{"action":"org.getopentest.selenium.ActionsMoveTo","actorType":"ACTOR1","args":{},"isCheckpoint":false,"description":"Move the mouse to the product","durationMs":1346,"macroStack":["Scroll"],"result":"failed","screenshot":"SID1668436027_ACTOR1_T01_SG01_ST04_error.png","segment":1,"stackTrace":"java.lang.RuntimeException: org.getopentest.exceptions.ArgumentException: Mandatory argument \"locator\" was not provided for action org.getopentest.selenium.ActionsMoveTo.\r\n\tat org.getopentest.base.TestActor.executeActionByClassName(TestActor.java:1670)\r\n\tat org.getopentest.base.TestActor.executeActionByDef(TestActor.java:1749)\r\n\tat org.getopentest.base.TestActor.executeMacroActionByDef(TestActor.java:1938)\r\n\tat org.getopentest.base.TestActor.executeMacroActionByName(TestActor.java:2013)\r\n\tat org.getopentest.base.TestActor.executeActionByDef(TestActor.java:1745)\r\n\tat org.getopentest.base.TestActor.executeTestSegment(TestActor.java:2092)\r\n\tat org.getopentest.base.TestActor.runOneSession(TestActor.java:3077)\r\n\tat org.getopentest.base.TestActor.runOneSession(TestActor.java:3113)\r\n\tat org.getopentest.Main.main(Main.java:20)\r\nCaused by: org.getopentest.exceptions.ArgumentException: Mandatory argument \"locator\" was not provided for action org.getopentest.selenium.ActionsMoveTo.\r\n\tat org.getopentest.base.TestAction.readArgument(TestAction.java:166)\r\n\tat org.getopentest.selenium.core.SeleniumTestAction.readLocatorArgument(SeleniumTestAction.java:233)\r\n\tat org.getopentest.selenium.ActionsMoveTo.run(ActionsMoveTo.java:13)\r\n\tat org.getopentest.base.TestActor.executeAction(TestActor.java:1571)\r\n\tat org.getopentest.base.TestActor.executeActionByClassName(TestActor.java:1647)\r\n\t... 8 more\r\n"},{"action":"org.getopentest.base.MacroAction","actorType":"ACTOR1","args":{"locator":{"xpath":"//div[@id='product-category-e90ee6e60b-5d087c01d0_name']"}},"isCheckpoint":false,"description":"Scroll","durationMs":1387,"macro":"Scroll","macroStack":[],"result":"failed","segment":1,"stackTrace":"java.lang.Exception: There was an error executing macro action Scroll with arguments {\"locator\":{\"xpath\":\"//div[@id='product-category-e90ee6e60b-5d087c01d0_name']\"}}\r\n\tat org.getopentest.base.TestActor.executeMacroActionByName(TestActor.java:2021)\r\n\tat org.getopentest.base.TestActor.executeActionByDef(TestActor.java:1745)\r\n\tat org.getopentest.base.TestActor.executeTestSegment(TestActor.java:2092)\r\n\tat org.getopentest.base.TestActor.runOneSession(TestActor.java:3077)\r\n\tat org.getopentest.base.TestActor.runOneSession(TestActor.java:3113)\r\n\tat org.getopentest.Main.main(Main.java:20)\r\nCaused by: java.lang.RuntimeException: There was an error while executing action no. 1 (org.getopentest.selenium.ActionsMoveTo) in macro Scroll.\nThe action definition was:\n{\n  \"action\": \"org.getopentest.selenium.ActionsMoveTo\",\n  \"description\": \"Move the mouse to the product\"\n}\r\n\tat org.getopentest.base.TestActor.executeMacroActionByDef(TestActor.java:1973)\r\n\tat org.getopentest.base.TestActor.executeMacroActionByName(TestActor.java:2013)\r\n\t... 5 more\r\nCaused by: java.lang.RuntimeException: Failed executing action org.getopentest.selenium.ActionsMoveTo (no arguments were provided)\r\n\tat org.getopentest.base.TestActor.executeActionByDef(TestActor.java:1872)\r\n\tat org.getopentest.base.TestActor.executeMacroActionByDef(TestActor.java:1938)\r\n\t... 6 more\r\nCaused by: java.lang.RuntimeException: org.getopentest.exceptions.ArgumentException: Mandatory argument \"locator\" was not provided for action org.getopentest.selenium.ActionsMoveTo.\r\n\tat org.getopentest.base.TestActor.executeActionByClassName(TestActor.java:1670)\r\n\tat org.getopentest.base.TestActor.executeActionByDef(TestActor.java:1749)\r\n\t... 7 more\r\nCaused by: org.getopentest.exceptions.ArgumentException: Mandatory argument \"locator\" was not provided for action org.getopentest.selenium.ActionsMoveTo.\r\n\tat org.getopentest.base.TestAction.readArgument(TestAction.java:166)\r\n\tat org.getopentest.selenium.core.SeleniumTestAction.readLocatorArgument(SeleniumTestAction.java:233)\r\n\tat org.getopentest.selenium.ActionsMoveTo.run(ActionsMoveTo.java:13)\r\n\tat org.getopentest.base.TestActor.executeAction(TestActor.java:1571)\r\n\tat org.getopentest.base.TestActor.executeActionByClassName(TestActor.java:1647)\r\n\t... 8 more\r\n"}],"currentIteration":1,"currentSegmentIndex":0,"isDataDriven":false,"name":"Order Fires and  Sides","path":"web","result":"failed","status":"completed","segments":[{"index":0,"result":"passed","status":"completed","timeStarted":1668436030810,"timeCompleted":1668436030839},{"index":1,"result":"failed","status":"completed","timeStarted":1668436030859,"timeCompleted":1668436045917}],"tags":[],"timeStarted":1668436030810,"timeCompleted":1668436045917}],"timeCreated":1668436027121,"timeStarted":1668436030810,"timeCompleted":1668436045917,"lastActivity":1668436045917,"_id":"zFUtW4X8ykdL99w3","actorTags":[],"environment":"","currentDataRecordIndex":-1}
{"$$deleted":true,"_id":"QAGhwsY9Ps22Hjfh"}
